2024-07-12 13:39:41,384 [INFO] Activator:176 - 


2024-07-12 13:39:41,396 [INFO] Activator:177 - !SESSION log4j initialized
2024-07-12 13:39:55,199 [INFO] LogOutputStream:77 - [STDOUT_REDIRECT] 
2024-07-12 13:40:13,586 [INFO] ApplicationProperties:184 - Using Application install path: C:\ST\STM32CubeIDE_1.13.0\STM32CubeIDE\plugins\com.st.stm32cube.common.mx_6.11.1.202404110753
2024-07-12 13:40:13,617 [INFO] DbMcusXml:78 - Set database path to: C:\ST\STM32CubeIDE_1.13.0\STM32CubeIDE\plugins\com.st.stm32cube.common.mx_6.11.1.202404110753\\db\/mcu/
2024-07-12 13:40:13,618 [INFO] ApiDb:274 - Set plugin database path to: C:\ST\STM32CubeIDE_1.13.0\STM32CubeIDE\plugins\com.st.stm32cube.common.mx_6.11.1.202404110753\\db\/plugins/boardmanager/
2024-07-12 13:40:13,619 [WARN] ApiDb:259 - Overriding images path with different value:  => C:\ST\STM32CubeIDE_1.13.0\STM32CubeIDE\plugins\com.st.stm32cube.common.mx_6.11.1.202404110753\\db\/plugins/mcufinder/images/
2024-07-12 13:40:13,633 [INFO] ApiDb:250 - Set database path to: C:\Users\rpalma\.stmcufinder\plugins\mcufinder//mcu/
2024-07-12 13:40:13,635 [INFO] DbMcusAds:125 - Set database path to: C:\Users\rpalma\.stmcufinder\plugins\mcufinder//mcu/
2024-07-12 13:40:13,639 [INFO] CrossReferenceDbSqlite:203 - Set database path to: C:\Users\rpalma\.stmcufinder\plugins\mcufinder//mcu/cs/
2024-07-12 13:40:13,873 [INFO] RulesReader:64 - Compatibility file has been processed (297 Rules)
2024-07-12 13:40:14,873 [INFO] DbMcusXml:78 - Set database path to: C:\ST\STM32CubeIDE_1.13.0\STM32CubeIDE\plugins\com.st.stm32cube.common.mx_6.11.1.202404110753\\db\/mcu/
2024-07-12 13:40:14,873 [INFO] ApiDb:274 - Set plugin database path to: C:\ST\STM32CubeIDE_1.13.0\STM32CubeIDE\plugins\com.st.stm32cube.common.mx_6.11.1.202404110753\\db\/plugins/boardmanager/
2024-07-12 13:40:14,874 [INFO] ApiDb:261 - Set plugin images path to: C:\ST\STM32CubeIDE_1.13.0\STM32CubeIDE\plugins\com.st.stm32cube.common.mx_6.11.1.202404110753\\db\/plugins/mcufinder/images/
2024-07-12 13:40:14,874 [WARN] DbFile:41 - Overriding database path with different value: C:\Users\rpalma\.stmcufinder\plugins\mcufinder/ => C:\Users\rpalma\.stmcufinder\plugins\mcufinder
2024-07-12 13:40:14,874 [INFO] ApiDb:250 - Set database path to: C:\Users\rpalma\.stmcufinder\plugins\mcufinder//mcu/
2024-07-12 13:40:14,874 [WARN] DbFile:41 - Overriding database path with different value: C:\Users\rpalma\.stmcufinder\plugins\mcufinder/ => C:\Users\rpalma\.stmcufinder\plugins\mcufinder
2024-07-12 13:40:14,874 [INFO] DbMcusAds:125 - Set database path to: C:\Users\rpalma\.stmcufinder\plugins\mcufinder//mcu/
2024-07-12 13:40:14,875 [WARN] DbFile:41 - Overriding database path with different value: C:\Users\rpalma\.stmcufinder\plugins\mcufinder/ => C:\Users\rpalma\.stmcufinder\plugins\mcufinder
2024-07-12 13:40:14,875 [WARN] DbFile:41 - Overriding database path with different value: C:\Users\rpalma\.stmcufinder\plugins\mcufinder/ => C:\Users\rpalma\.stmcufinder\plugins\mcufinder
2024-07-12 13:40:14,875 [INFO] CrossReferenceDbSqlite:203 - Set database path to: C:\Users\rpalma\.stmcufinder\plugins\mcufinder//mcu/cs/
2024-07-12 13:40:15,064 [INFO] MainPanel:264 - HeapMemory: 268435456
2024-07-12 13:40:15,198 [INFO] DbMcusXml:78 - Set database path to: C:\ST\STM32CubeIDE_1.13.0\STM32CubeIDE\plugins\com.st.stm32cube.common.mx_6.11.1.202404110753\\db\/mcu/
2024-07-12 13:40:15,199 [INFO] ApiDb:274 - Set plugin database path to: C:\ST\STM32CubeIDE_1.13.0\STM32CubeIDE\plugins\com.st.stm32cube.common.mx_6.11.1.202404110753\\db\/plugins/boardmanager/
2024-07-12 13:40:15,199 [INFO] ApiDb:261 - Set plugin images path to: C:\ST\STM32CubeIDE_1.13.0\STM32CubeIDE\plugins\com.st.stm32cube.common.mx_6.11.1.202404110753\\db\/plugins/mcufinder/images/
2024-07-12 13:40:15,199 [WARN] DbFile:41 - Overriding database path with different value: C:\Users\rpalma\.stmcufinder\plugins\mcufinder/ => C:\Users\rpalma\.stmcufinder\plugins\mcufinder
2024-07-12 13:40:15,200 [INFO] ApiDb:250 - Set database path to: C:\Users\rpalma\.stmcufinder\plugins\mcufinder//mcu/
2024-07-12 13:40:15,201 [WARN] DbFile:41 - Overriding database path with different value: C:\Users\rpalma\.stmcufinder\plugins\mcufinder/ => C:\Users\rpalma\.stmcufinder\plugins\mcufinder
2024-07-12 13:40:15,201 [INFO] DbMcusAds:125 - Set database path to: C:\Users\rpalma\.stmcufinder\plugins\mcufinder//mcu/
2024-07-12 13:40:15,201 [WARN] DbFile:41 - Overriding database path with different value: C:\Users\rpalma\.stmcufinder\plugins\mcufinder/ => C:\Users\rpalma\.stmcufinder\plugins\mcufinder
2024-07-12 13:40:15,201 [WARN] DbFile:41 - Overriding database path with different value: C:\Users\rpalma\.stmcufinder\plugins\mcufinder/ => C:\Users\rpalma\.stmcufinder\plugins\mcufinder
2024-07-12 13:40:15,201 [INFO] CrossReferenceDbSqlite:203 - Set database path to: C:\Users\rpalma\.stmcufinder\plugins\mcufinder//mcu/cs/
2024-07-12 13:40:15,237 [INFO] ApplicationProperties:184 - Using Application install path: C:\ST\STM32CubeIDE_1.13.0\STM32CubeIDE\plugins\com.st.stm32cube.common.mx_6.11.1.202404110753
2024-07-12 13:40:15,238 [INFO] PluginManage:196 - Search for loadable plugins [exclusion list=, ]
2024-07-12 13:40:15,240 [INFO] PluginManage:310 - Check plugin analytics
2024-07-12 13:40:15,952 [INFO] AnalyticsPlugin:253 - Accepted Software Licenses: 
2024-07-12 13:40:15,952 [INFO] AnalyticsPlugin:255 - Accepted CMSIS Pack Licenses: 
2024-07-12 13:40:15,953 [INFO] AnalyticsPlugin:257 - Accepted Firmware Licenses: FW.F4.1.27.0
2024-07-12 13:40:15,957 [INFO] PluginManage:359 - Loaded plugin analytics (category:tool,tabindex:-1)
2024-07-12 13:40:15,958 [INFO] PluginManage:310 - Check plugin cadmodel
2024-07-12 13:40:16,031 [INFO] CADModel:105 - Init CAD model plugin
2024-07-12 13:40:16,031 [INFO] PluginManage:359 - Loaded plugin cadmodel (category:power,tabindex:5)
2024-07-12 13:40:16,031 [INFO] PluginManage:310 - Check plugin clock
2024-07-12 13:40:16,047 [INFO] PluginManage:359 - Loaded plugin clock (category:base,tabindex:2)
2024-07-12 13:40:16,048 [INFO] PluginManage:310 - Check plugin ddr
2024-07-12 13:40:16,052 [INFO] PluginManage:359 - Loaded plugin ddr (category:tool,tabindex:6)
2024-07-12 13:40:16,052 [INFO] PluginManage:310 - Check plugin filemanager
2024-07-12 13:40:16,403 [INFO] PluginManage:359 - Loaded plugin filemanager (category:base,tabindex:10)
2024-07-12 13:40:16,403 [INFO] PluginManage:310 - Check plugin ipmanager
2024-07-12 13:40:16,421 [INFO] PluginManage:359 - Loaded plugin ipmanager (category:base,tabindex:5)
2024-07-12 13:40:16,421 [INFO] PluginManage:310 - Check plugin lpbam
2024-07-12 13:40:16,460 [INFO] PluginManage:359 - Loaded plugin lpbam (category:base,tabindex:0)
2024-07-12 13:40:16,461 [INFO] PluginManage:310 - Check plugin memorymap
2024-07-12 13:40:16,488 [INFO] PluginManage:359 - Loaded plugin memorymap (category:base,tabindex:4)
2024-07-12 13:40:16,489 [INFO] PluginManage:310 - Check plugin pinoutandconfiguration
2024-07-12 13:40:16,518 [INFO] PluginManage:359 - Loaded plugin pinoutandconfiguration (category:base,tabindex:1)
2024-07-12 13:40:16,518 [INFO] PluginManage:310 - Check plugin pinoutconfig
2024-07-12 13:40:16,731 [WARN] SupportedApi:132 - Cannot load RTOS API schema: s4s-elt-must-match.1: The content of 'definitions' must match (annotation?, (simpleType | complexType)?, (unique | key | keyref)*)). A problem was found starting at: attribute.
2024-07-12 13:40:17,008 [INFO] PluginManage:359 - Loaded plugin pinoutconfig (category:base,tabindex:0)
2024-07-12 13:40:17,009 [INFO] PluginManage:310 - Check plugin power
2024-07-12 13:40:17,034 [INFO] PluginManage:359 - Loaded plugin power (category:power,tabindex:4)
2024-07-12 13:40:17,034 [INFO] PluginManage:310 - Check plugin projectmanager
2024-07-12 13:40:17,077 [INFO] PluginManage:359 - Loaded plugin projectmanager (category:projectmanager,tabindex:3)
2024-07-12 13:40:17,078 [INFO] PluginManage:310 - Check plugin thirdparty
2024-07-12 13:40:17,492 [INFO] PluginManage:359 - Loaded plugin thirdparty (category:base,tabindex:-1)
2024-07-12 13:40:17,492 [INFO] PluginManage:310 - Check plugin tools
2024-07-12 13:40:17,499 [INFO] PluginManage:359 - Loaded plugin tools (category:base,tabindex:7)
2024-07-12 13:40:17,500 [INFO] PluginManage:310 - Check plugin tutovideos
2024-07-12 13:40:17,509 [WARN] IntegrityCheckThread:84 - waiting for thirdparty lock release [integrity check]
2024-07-12 13:40:17,510 [INFO] IntegrityCheckThread:86 - entering critical section [integrity check]
2024-07-12 13:40:17,516 [INFO] ThirdPartyUpdaterWithRetryManager:70 - Updater plugin not ready yet. [1/15]
2024-07-12 13:40:17,861 [INFO] PluginManage:359 - Loaded plugin tutovideos (category:base,tabindex:-1)
2024-07-12 13:40:17,862 [INFO] PluginManage:310 - Check plugin updater
2024-07-12 13:40:17,884 [INFO] PluginManage:359 - Loaded plugin updater (category:base,tabindex:12)
2024-07-12 13:40:17,884 [INFO] PluginManage:310 - Check plugin userauth
2024-07-12 13:40:17,895 [INFO] UserAuth:114 - Init User Auth plugin
2024-07-12 13:40:17,896 [INFO] PluginManage:359 - Loaded plugin userauth (category:base,tabindex:14)
2024-07-12 13:40:17,897 [INFO] PluginManage:283 - PluginManage : Loaded plugins [17]
2024-07-12 13:40:18,377 [INFO] PinOutPanel:1561 - setPackage(No Configuration,No Configuration)
2024-07-12 13:40:18,799 [INFO] CADModel:165 - CPN selected for project level
2024-07-12 13:40:18,799 [INFO] CADModel:114 - Register for checkConnection events
2024-07-12 13:40:18,843 [INFO] IPUIPlugin:80 - create IPUIPlugin
2024-07-12 13:40:18,843 [INFO] PluginManager:220 - loadIPPluginJar : add adc
2024-07-12 13:40:18,850 [INFO] IPUIPlugin:80 - create IPUIPlugin
2024-07-12 13:40:18,850 [INFO] PluginManager:220 - loadIPPluginJar : add aes
2024-07-12 13:40:18,859 [INFO] IPUIPlugin:80 - create IPUIPlugin
2024-07-12 13:40:18,859 [INFO] PluginManager:220 - loadIPPluginJar : add can
2024-07-12 13:40:18,864 [INFO] IPUIPlugin:80 - create IPUIPlugin
2024-07-12 13:40:18,864 [INFO] PluginManager:220 - loadIPPluginJar : add comp
2024-07-12 13:40:18,870 [INFO] IPUIPlugin:80 - create IPUIPlugin
2024-07-12 13:40:18,870 [INFO] PluginManager:220 - loadIPPluginJar : add cryp
2024-07-12 13:40:18,877 [INFO] IPUIPlugin:80 - create IPUIPlugin
2024-07-12 13:40:18,877 [INFO] PluginManager:220 - loadIPPluginJar : add dfsdm
2024-07-12 13:40:18,890 [INFO] IPUIPlugin:80 - create IPUIPlugin
2024-07-12 13:40:18,891 [INFO] PluginManager:220 - loadIPPluginJar : add dma
2024-07-12 13:40:18,910 [INFO] IPUIPlugin:80 - create IPUIPlugin
2024-07-12 13:40:18,910 [INFO] PluginManager:220 - loadIPPluginJar : add dma3
2024-07-12 13:40:18,917 [INFO] IPUIPlugin:80 - create IPUIPlugin
2024-07-12 13:40:18,918 [INFO] PluginManager:220 - loadIPPluginJar : add extmemmanager
2024-07-12 13:40:18,923 [INFO] IPUIPlugin:80 - create IPUIPlugin
2024-07-12 13:40:18,923 [INFO] PluginManager:220 - loadIPPluginJar : add fatfs
2024-07-12 13:40:18,933 [INFO] IPUIPlugin:80 - create IPUIPlugin
2024-07-12 13:40:18,934 [INFO] PluginManager:220 - loadIPPluginJar : add fmc
2024-07-12 13:40:18,971 [INFO] IPUIPlugin:80 - create IPUIPlugin
2024-07-12 13:40:18,971 [INFO] PluginManager:220 - loadIPPluginJar : add freertos
2024-07-12 13:40:18,976 [INFO] IPUIPlugin:80 - create IPUIPlugin
2024-07-12 13:40:18,976 [INFO] PluginManager:220 - loadIPPluginJar : add genericplugin
2024-07-12 13:40:18,983 [INFO] IPUIPlugin:80 - create IPUIPlugin
2024-07-12 13:40:18,983 [INFO] PluginManager:220 - loadIPPluginJar : add gfxmmu
2024-07-12 13:40:18,995 [INFO] IPUIPlugin:80 - create IPUIPlugin
2024-07-12 13:40:18,995 [INFO] PluginManager:220 - loadIPPluginJar : add gic
2024-07-12 13:40:19,004 [INFO] IPUIPlugin:80 - create IPUIPlugin
2024-07-12 13:40:19,004 [INFO] PluginManager:220 - loadIPPluginJar : add gpio
2024-07-12 13:40:19,011 [INFO] IPUIPlugin:80 - create IPUIPlugin
2024-07-12 13:40:19,011 [INFO] PluginManager:220 - loadIPPluginJar : add gtzc
2024-07-12 13:40:19,017 [INFO] IPUIPlugin:80 - create IPUIPlugin
2024-07-12 13:40:19,018 [INFO] PluginManager:220 - loadIPPluginJar : add hash
2024-07-12 13:40:19,024 [INFO] IPUIPlugin:80 - create IPUIPlugin
2024-07-12 13:40:19,024 [INFO] PluginManager:220 - loadIPPluginJar : add i2c
2024-07-12 13:40:19,031 [INFO] IPUIPlugin:80 - create IPUIPlugin
2024-07-12 13:40:19,031 [INFO] PluginManager:220 - loadIPPluginJar : add i2s
2024-07-12 13:40:19,038 [INFO] IPUIPlugin:80 - create IPUIPlugin
2024-07-12 13:40:19,038 [INFO] PluginManager:220 - loadIPPluginJar : add i3c
2024-07-12 13:40:19,045 [INFO] IPUIPlugin:80 - create IPUIPlugin
2024-07-12 13:40:19,046 [INFO] PluginManager:220 - loadIPPluginJar : add ipddr
2024-07-12 13:40:19,058 [INFO] IPUIPlugin:80 - create IPUIPlugin
2024-07-12 13:40:19,058 [INFO] PluginManager:220 - loadIPPluginJar : add linkedlist
2024-07-12 13:40:19,065 [INFO] IPUIPlugin:80 - create IPUIPlugin
2024-07-12 13:40:19,065 [INFO] PluginManager:220 - loadIPPluginJar : add lorawan
2024-07-12 13:40:19,070 [INFO] IPUIPlugin:80 - create IPUIPlugin
2024-07-12 13:40:19,070 [INFO] PluginManager:220 - loadIPPluginJar : add ltdc
2024-07-12 13:40:19,084 [INFO] IPUIPlugin:80 - create IPUIPlugin
2024-07-12 13:40:19,084 [INFO] PluginManager:220 - loadIPPluginJar : add mdma
2024-07-12 13:40:19,092 [INFO] IPUIPlugin:80 - create IPUIPlugin
2024-07-12 13:40:19,092 [INFO] PluginManager:220 - loadIPPluginJar : add nvic
2024-07-12 13:40:19,099 [INFO] IPUIPlugin:80 - create IPUIPlugin
2024-07-12 13:40:19,099 [INFO] PluginManager:220 - loadIPPluginJar : add opamp
2024-07-12 13:40:19,106 [INFO] IPUIPlugin:80 - create IPUIPlugin
2024-07-12 13:40:19,107 [INFO] PluginManager:220 - loadIPPluginJar : add openamp
2024-07-12 13:40:19,114 [INFO] IPUIPlugin:80 - create IPUIPlugin
2024-07-12 13:40:19,115 [INFO] PluginManager:220 - loadIPPluginJar : add pdm2pcm
2024-07-12 13:40:19,128 [INFO] IPUIPlugin:80 - create IPUIPlugin
2024-07-12 13:40:19,132 [INFO] PluginManager:220 - loadIPPluginJar : add plateformsettings
2024-07-12 13:40:19,137 [INFO] IPUIPlugin:80 - create IPUIPlugin
2024-07-12 13:40:19,137 [INFO] PluginManager:220 - loadIPPluginJar : add quadspi
2024-07-12 13:40:19,146 [INFO] IPUIPlugin:80 - create IPUIPlugin
2024-07-12 13:40:19,146 [INFO] PluginManager:220 - loadIPPluginJar : add resmgrutility
2024-07-12 13:40:19,180 [INFO] IPUIPlugin:80 - create IPUIPlugin
2024-07-12 13:40:19,181 [INFO] PluginManager:220 - loadIPPluginJar : add sai
2024-07-12 13:40:19,220 [INFO] IPUIPlugin:80 - create IPUIPlugin
2024-07-12 13:40:19,220 [INFO] PluginManager:220 - loadIPPluginJar : add spi
2024-07-12 13:40:19,231 [INFO] IPUIPlugin:80 - create IPUIPlugin
2024-07-12 13:40:19,231 [INFO] PluginManager:220 - loadIPPluginJar : add stm32_wpan
2024-07-12 13:40:19,236 [INFO] IPUIPlugin:80 - create IPUIPlugin
2024-07-12 13:40:19,236 [INFO] PluginManager:220 - loadIPPluginJar : add tim
2024-07-12 13:40:19,244 [INFO] IPUIPlugin:80 - create IPUIPlugin
2024-07-12 13:40:19,244 [INFO] PluginManager:220 - loadIPPluginJar : add touchsensing
2024-07-12 13:40:19,251 [INFO] IPUIPlugin:80 - create IPUIPlugin
2024-07-12 13:40:19,251 [INFO] PluginManager:220 - loadIPPluginJar : add tracer_emb
2024-07-12 13:40:19,256 [INFO] IPUIPlugin:80 - create IPUIPlugin
2024-07-12 13:40:19,256 [INFO] PluginManager:220 - loadIPPluginJar : add ts
2024-07-12 13:40:19,261 [INFO] IPUIPlugin:80 - create IPUIPlugin
2024-07-12 13:40:19,262 [INFO] PluginManager:220 - loadIPPluginJar : add tsc
2024-07-12 13:40:19,273 [INFO] IPUIPlugin:80 - create IPUIPlugin
2024-07-12 13:40:19,273 [INFO] PluginManager:220 - loadIPPluginJar : add ucpd
2024-07-12 13:40:19,281 [INFO] IPUIPlugin:80 - create IPUIPlugin
2024-07-12 13:40:19,281 [INFO] PluginManager:220 - loadIPPluginJar : add usart
2024-07-12 13:40:19,288 [INFO] IPUIPlugin:80 - create IPUIPlugin
2024-07-12 13:40:19,288 [INFO] PluginManager:220 - loadIPPluginJar : add usbx
2024-07-12 13:40:19,499 [INFO] CADModel:165 - CPN selected for project level
2024-07-12 13:40:19,499 [INFO] CADModel:114 - Register for checkConnection events
2024-07-12 13:40:19,499 [FATAL] Updater:308 - Updater called before beeing initialized
2024-07-12 13:40:19,500 [ERROR] CADModel:125 - Updater not yet initialized, retry later 
2024-07-12 13:40:19,767 [INFO] CADModel:165 - CPN selected for project level
2024-07-12 13:40:19,767 [INFO] CADModel:114 - Register for checkConnection events
2024-07-12 13:40:19,767 [FATAL] Updater:308 - Updater called before beeing initialized
2024-07-12 13:40:19,767 [ERROR] CADModel:125 - Updater not yet initialized, retry later 
2024-07-12 13:40:19,771 [FATAL] Updater:308 - Updater called before beeing initialized
2024-07-12 13:40:20,518 [INFO] ThirdPartyUpdaterWithRetryManager:70 - Updater plugin not ready yet. [2/15]
2024-07-12 13:40:21,501 [FATAL] Updater:308 - Updater called before beeing initialized
2024-07-12 13:40:21,509 [INFO] DbMcusAds:53 - JSON generation date=Thu May 16 03:22:01 CST 2024 (1715851321109)
2024-07-12 13:40:21,509 [FATAL] Updater:308 - Updater called before beeing initialized
2024-07-12 13:40:21,594 [WARN] DetailPanel:346 - Failed to get advertising image, set to default
2024-07-12 13:40:21,800 [FATAL] Updater:308 - Updater called before beeing initialized
2024-07-12 13:40:21,803 [FATAL] Updater:308 - Updater called before beeing initialized
2024-07-12 13:40:21,803 [FATAL] Updater:308 - Updater called before beeing initialized
2024-07-12 13:40:21,803 [WARN] DetailPanel:346 - Failed to get advertising image, set to default
2024-07-12 13:40:21,804 [FATAL] Updater:308 - Updater called before beeing initialized
2024-07-12 13:40:21,900 [ERROR] Updater:1120 - MainUpdater not yet initialized. External WinMGr cannot be set.
2024-07-12 13:40:21,905 [INFO] Updater:1056 - Updater Version found : 6.11.1
2024-07-12 13:40:21,942 [INFO] ApplicationProperties:184 - Using Application install path: C:\ST\STM32CubeIDE_1.13.0\STM32CubeIDE\plugins\com.st.stm32cube.common.mx_6.11.1.202404110753
2024-07-12 13:40:23,531 [ERROR] LogOutputStream:75 - [STDERR_REDIRECT] Jul 12, 2024 1:40:23 PM java.util.prefs.WindowsPreferences <init>
2024-07-12 13:40:23,535 [ERROR] LogOutputStream:75 - [STDERR_REDIRECT] WARNING: Could not open/create prefs root node Software\JavaSoft\Prefs at root 0xffffffff80000002. Windows RegCreateKeyEx(...) returned error code 5.
2024-07-12 13:40:23,535 [ERROR] LogOutputStream:75 - [STDERR_REDIRECT] 
2024-07-12 13:40:23,537 [FATAL] Updater:308 - Updater called before beeing initialized
2024-07-12 13:40:23,539 [ERROR] IntegrityCheckThread:130 - Cannot retrieve database content from updater: error 21
2024-07-12 13:40:23,539 [INFO] ThirdParty:978 - Integrity check success = false
2024-07-12 13:40:23,539 [INFO] IntegrityCheckThread:100 - exiting critical section [integrity check]
2024-07-12 13:40:23,540 [INFO] IntegrityCheckThread:103 - End integrity checks thread
2024-07-12 13:40:24,518 [INFO] MainUpdater:2873 - connection check result : 10
2024-07-12 13:40:24,520 [INFO] MainUpdater:290 - Updater Check For Update Now.
2024-07-12 13:40:24,520 [INFO] MicroXplorer:498 - Change Database Version : DB.6.0.111
2024-07-12 13:40:24,552 [INFO] McuFinderGlobals:63 - Set McuFinder mode to 2 (CubeIDE integrated)
2024-07-12 13:40:24,618 [INFO] UserAuth:415 - Internet connection configuration mode: 1
2024-07-12 13:40:24,700 [INFO] JxBrowserEngine:152 - Initiate JxBrowser Engine with user profile folder
2024-07-12 13:40:24,951 [INFO] CheckServerUpdateThread:120 - End of CheckServer Thread
2024-07-12 13:40:26,911 [INFO] WebApp:161 - Instantiating new browser for Auth
2024-07-12 13:40:31,634 [INFO] WebApp:779 - Register for checkConnection events
2024-07-12 13:40:31,634 [INFO] WebApp:414 - Apply proxy settings
2024-07-12 13:40:31,635 [INFO] WebApp:499 - Chromium requires no authentication
2024-07-12 13:40:31,652 [INFO] WebApp:442 - Direct internet connection detected
2024-07-12 13:40:32,221 [INFO] WebApp:192 - Starting web application
2024-07-12 13:40:32,221 [INFO] WebApp:544 - Web application path used C:\ST\STM32CubeIDE_1.13.0\STM32CubeIDE\plugins\com.st.stm32cube.common.mx_6.11.1.202404110753\db\plugins\mcufinder\reactClient1\index.html
2024-07-12 14:42:31,424 [ERROR] LogOutputStream:75 - [STDERR_REDIRECT] 
2024-07-12 14:42:31,426 [ERROR] LogOutputStream:75 - [STDERR_REDIRECT] 
