2024-06-25 16:12:37,134 [INFO] Activator:176 - 


2024-06-25 16:12:37,170 [INFO] Activator:177 - !SESSION log4j initialized
2024-06-25 16:12:57,421 [INFO] LogOutputStream:77 - [STDOUT_REDIRECT] 
2024-06-25 16:13:18,101 [INFO] ApplicationProperties:184 - Using Application install path: C:\ST\STM32CubeIDE_1.13.0\STM32CubeIDE\plugins\com.st.stm32cube.common.mx_6.11.1.202404110753
2024-06-25 16:13:18,154 [INFO] DbMcusXml:78 - Set database path to: C:\ST\STM32CubeIDE_1.13.0\STM32CubeIDE\plugins\com.st.stm32cube.common.mx_6.11.1.202404110753\\db\/mcu/
2024-06-25 16:13:18,154 [INFO] ApiDb:274 - Set plugin database path to: C:\ST\STM32CubeIDE_1.13.0\STM32CubeIDE\plugins\com.st.stm32cube.common.mx_6.11.1.202404110753\\db\/plugins/boardmanager/
2024-06-25 16:13:18,156 [WARN] ApiDb:259 - Overriding images path with different value:  => C:\ST\STM32CubeIDE_1.13.0\STM32CubeIDE\plugins\com.st.stm32cube.common.mx_6.11.1.202404110753\\db\/plugins/mcufinder/images/
2024-06-25 16:13:18,180 [INFO] ApiDb:250 - Set database path to: C:\Users\rpalma\.stmcufinder\plugins\mcufinder//mcu/
2024-06-25 16:13:18,182 [INFO] DbMcusAds:125 - Set database path to: C:\Users\rpalma\.stmcufinder\plugins\mcufinder//mcu/
2024-06-25 16:13:18,211 [INFO] CrossReferenceDbSqlite:203 - Set database path to: C:\Users\rpalma\.stmcufinder\plugins\mcufinder//mcu/cs/
2024-06-25 16:13:18,634 [INFO] RulesReader:64 - Compatibility file has been processed (297 Rules)
2024-06-25 16:13:19,133 [INFO] DbMcusXml:78 - Set database path to: C:\ST\STM32CubeIDE_1.13.0\STM32CubeIDE\plugins\com.st.stm32cube.common.mx_6.11.1.202404110753\\db\/mcu/
2024-06-25 16:13:19,133 [INFO] ApiDb:274 - Set plugin database path to: C:\ST\STM32CubeIDE_1.13.0\STM32CubeIDE\plugins\com.st.stm32cube.common.mx_6.11.1.202404110753\\db\/plugins/boardmanager/
2024-06-25 16:13:19,133 [INFO] ApiDb:261 - Set plugin images path to: C:\ST\STM32CubeIDE_1.13.0\STM32CubeIDE\plugins\com.st.stm32cube.common.mx_6.11.1.202404110753\\db\/plugins/mcufinder/images/
2024-06-25 16:13:19,134 [WARN] DbFile:41 - Overriding database path with different value: C:\Users\rpalma\.stmcufinder\plugins\mcufinder/ => C:\Users\rpalma\.stmcufinder\plugins\mcufinder
2024-06-25 16:13:19,134 [INFO] ApiDb:250 - Set database path to: C:\Users\rpalma\.stmcufinder\plugins\mcufinder//mcu/
2024-06-25 16:13:19,134 [WARN] DbFile:41 - Overriding database path with different value: C:\Users\rpalma\.stmcufinder\plugins\mcufinder/ => C:\Users\rpalma\.stmcufinder\plugins\mcufinder
2024-06-25 16:13:19,134 [INFO] DbMcusAds:125 - Set database path to: C:\Users\rpalma\.stmcufinder\plugins\mcufinder//mcu/
2024-06-25 16:13:19,134 [WARN] DbFile:41 - Overriding database path with different value: C:\Users\rpalma\.stmcufinder\plugins\mcufinder/ => C:\Users\rpalma\.stmcufinder\plugins\mcufinder
2024-06-25 16:13:19,134 [WARN] DbFile:41 - Overriding database path with different value: C:\Users\rpalma\.stmcufinder\plugins\mcufinder/ => C:\Users\rpalma\.stmcufinder\plugins\mcufinder
2024-06-25 16:13:19,134 [INFO] CrossReferenceDbSqlite:203 - Set database path to: C:\Users\rpalma\.stmcufinder\plugins\mcufinder//mcu/cs/
2024-06-25 16:13:19,388 [INFO] MainPanel:264 - HeapMemory: 268435456
2024-06-25 16:13:19,673 [INFO] DbMcusXml:78 - Set database path to: C:\ST\STM32CubeIDE_1.13.0\STM32CubeIDE\plugins\com.st.stm32cube.common.mx_6.11.1.202404110753\\db\/mcu/
2024-06-25 16:13:19,673 [INFO] ApiDb:274 - Set plugin database path to: C:\ST\STM32CubeIDE_1.13.0\STM32CubeIDE\plugins\com.st.stm32cube.common.mx_6.11.1.202404110753\\db\/plugins/boardmanager/
2024-06-25 16:13:19,673 [INFO] ApiDb:261 - Set plugin images path to: C:\ST\STM32CubeIDE_1.13.0\STM32CubeIDE\plugins\com.st.stm32cube.common.mx_6.11.1.202404110753\\db\/plugins/mcufinder/images/
2024-06-25 16:13:19,674 [WARN] DbFile:41 - Overriding database path with different value: C:\Users\rpalma\.stmcufinder\plugins\mcufinder/ => C:\Users\rpalma\.stmcufinder\plugins\mcufinder
2024-06-25 16:13:19,675 [INFO] ApiDb:250 - Set database path to: C:\Users\rpalma\.stmcufinder\plugins\mcufinder//mcu/
2024-06-25 16:13:19,675 [WARN] DbFile:41 - Overriding database path with different value: C:\Users\rpalma\.stmcufinder\plugins\mcufinder/ => C:\Users\rpalma\.stmcufinder\plugins\mcufinder
2024-06-25 16:13:19,676 [INFO] DbMcusAds:125 - Set database path to: C:\Users\rpalma\.stmcufinder\plugins\mcufinder//mcu/
2024-06-25 16:13:19,677 [WARN] DbFile:41 - Overriding database path with different value: C:\Users\rpalma\.stmcufinder\plugins\mcufinder/ => C:\Users\rpalma\.stmcufinder\plugins\mcufinder
2024-06-25 16:13:19,677 [WARN] DbFile:41 - Overriding database path with different value: C:\Users\rpalma\.stmcufinder\plugins\mcufinder/ => C:\Users\rpalma\.stmcufinder\plugins\mcufinder
2024-06-25 16:13:19,677 [INFO] CrossReferenceDbSqlite:203 - Set database path to: C:\Users\rpalma\.stmcufinder\plugins\mcufinder//mcu/cs/
2024-06-25 16:13:19,805 [INFO] ApplicationProperties:184 - Using Application install path: C:\ST\STM32CubeIDE_1.13.0\STM32CubeIDE\plugins\com.st.stm32cube.common.mx_6.11.1.202404110753
2024-06-25 16:13:19,811 [INFO] PluginManage:196 - Search for loadable plugins [exclusion list=, ]
2024-06-25 16:13:19,814 [INFO] PluginManage:310 - Check plugin analytics
2024-06-25 16:13:26,173 [INFO] AnalyticsPlugin:253 - Accepted Software Licenses: 
2024-06-25 16:13:26,173 [INFO] AnalyticsPlugin:255 - Accepted CMSIS Pack Licenses: 
2024-06-25 16:13:26,174 [INFO] AnalyticsPlugin:257 - Accepted Firmware Licenses: FW.F4.1.27.0
2024-06-25 16:13:26,183 [INFO] PluginManage:359 - Loaded plugin analytics (category:tool,tabindex:-1)
2024-06-25 16:13:26,183 [INFO] PluginManage:310 - Check plugin cadmodel
2024-06-25 16:13:27,537 [INFO] CADModel:105 - Init CAD model plugin
2024-06-25 16:13:27,538 [INFO] PluginManage:359 - Loaded plugin cadmodel (category:power,tabindex:5)
2024-06-25 16:13:27,538 [INFO] PluginManage:310 - Check plugin clock
2024-06-25 16:13:27,638 [INFO] PluginManage:359 - Loaded plugin clock (category:base,tabindex:2)
2024-06-25 16:13:27,638 [INFO] PluginManage:310 - Check plugin ddr
2024-06-25 16:13:27,646 [INFO] PluginManage:359 - Loaded plugin ddr (category:tool,tabindex:6)
2024-06-25 16:13:27,647 [INFO] PluginManage:310 - Check plugin filemanager
2024-06-25 16:13:30,799 [INFO] PluginManage:359 - Loaded plugin filemanager (category:base,tabindex:10)
2024-06-25 16:13:30,799 [INFO] PluginManage:310 - Check plugin ipmanager
2024-06-25 16:13:30,818 [INFO] PluginManage:359 - Loaded plugin ipmanager (category:base,tabindex:5)
2024-06-25 16:13:30,818 [INFO] PluginManage:310 - Check plugin lpbam
2024-06-25 16:13:30,842 [INFO] PluginManage:359 - Loaded plugin lpbam (category:base,tabindex:0)
2024-06-25 16:13:30,842 [INFO] PluginManage:310 - Check plugin memorymap
2024-06-25 16:13:30,876 [INFO] PluginManage:359 - Loaded plugin memorymap (category:base,tabindex:4)
2024-06-25 16:13:30,877 [INFO] PluginManage:310 - Check plugin pinoutandconfiguration
2024-06-25 16:13:30,894 [INFO] PluginManage:359 - Loaded plugin pinoutandconfiguration (category:base,tabindex:1)
2024-06-25 16:13:30,895 [INFO] PluginManage:310 - Check plugin pinoutconfig
2024-06-25 16:13:31,179 [WARN] SupportedApi:132 - Cannot load RTOS API schema: s4s-elt-must-match.1: The content of 'definitions' must match (annotation?, (simpleType | complexType)?, (unique | key | keyref)*)). A problem was found starting at: attribute.
2024-06-25 16:13:31,912 [INFO] PluginManage:359 - Loaded plugin pinoutconfig (category:base,tabindex:0)
2024-06-25 16:13:31,912 [INFO] PluginManage:310 - Check plugin power
2024-06-25 16:13:31,949 [INFO] PluginManage:359 - Loaded plugin power (category:power,tabindex:4)
2024-06-25 16:13:31,949 [INFO] PluginManage:310 - Check plugin projectmanager
2024-06-25 16:13:32,051 [INFO] PluginManage:359 - Loaded plugin projectmanager (category:projectmanager,tabindex:3)
2024-06-25 16:13:32,051 [INFO] PluginManage:310 - Check plugin thirdparty
2024-06-25 16:13:32,863 [INFO] PluginManage:359 - Loaded plugin thirdparty (category:base,tabindex:-1)
2024-06-25 16:13:32,863 [INFO] PluginManage:310 - Check plugin tools
2024-06-25 16:13:32,893 [WARN] IntegrityCheckThread:84 - waiting for thirdparty lock release [integrity check]
2024-06-25 16:13:32,894 [INFO] IntegrityCheckThread:86 - entering critical section [integrity check]
2024-06-25 16:13:32,895 [INFO] ThirdPartyUpdaterWithRetryManager:70 - Updater plugin not ready yet. [1/15]
2024-06-25 16:13:32,924 [INFO] PluginManage:359 - Loaded plugin tools (category:base,tabindex:7)
2024-06-25 16:13:32,924 [INFO] PluginManage:310 - Check plugin tutovideos
2024-06-25 16:13:33,483 [INFO] PluginManage:359 - Loaded plugin tutovideos (category:base,tabindex:-1)
2024-06-25 16:13:33,483 [INFO] PluginManage:310 - Check plugin updater
2024-06-25 16:13:33,512 [INFO] PluginManage:359 - Loaded plugin updater (category:base,tabindex:12)
2024-06-25 16:13:33,512 [INFO] PluginManage:310 - Check plugin userauth
2024-06-25 16:13:33,526 [INFO] UserAuth:114 - Init User Auth plugin
2024-06-25 16:13:33,526 [INFO] PluginManage:359 - Loaded plugin userauth (category:base,tabindex:14)
2024-06-25 16:13:33,527 [INFO] PluginManage:283 - PluginManage : Loaded plugins [17]
2024-06-25 16:13:34,393 [INFO] PinOutPanel:1561 - setPackage(No Configuration,No Configuration)
2024-06-25 16:13:35,897 [INFO] ThirdPartyUpdaterWithRetryManager:70 - Updater plugin not ready yet. [2/15]
2024-06-25 16:13:36,860 [INFO] CADModel:165 - CPN selected for project level
2024-06-25 16:13:36,860 [INFO] CADModel:114 - Register for checkConnection events
2024-06-25 16:13:36,902 [INFO] IPUIPlugin:80 - create IPUIPlugin
2024-06-25 16:13:36,902 [INFO] PluginManager:220 - loadIPPluginJar : add adc
2024-06-25 16:13:36,909 [INFO] IPUIPlugin:80 - create IPUIPlugin
2024-06-25 16:13:36,909 [INFO] PluginManager:220 - loadIPPluginJar : add aes
2024-06-25 16:13:36,922 [INFO] IPUIPlugin:80 - create IPUIPlugin
2024-06-25 16:13:36,922 [INFO] PluginManager:220 - loadIPPluginJar : add can
2024-06-25 16:13:36,929 [INFO] IPUIPlugin:80 - create IPUIPlugin
2024-06-25 16:13:36,929 [INFO] PluginManager:220 - loadIPPluginJar : add comp
2024-06-25 16:13:36,939 [INFO] IPUIPlugin:80 - create IPUIPlugin
2024-06-25 16:13:36,940 [INFO] PluginManager:220 - loadIPPluginJar : add cryp
2024-06-25 16:13:36,948 [INFO] IPUIPlugin:80 - create IPUIPlugin
2024-06-25 16:13:36,949 [INFO] PluginManager:220 - loadIPPluginJar : add dfsdm
2024-06-25 16:13:36,964 [INFO] IPUIPlugin:80 - create IPUIPlugin
2024-06-25 16:13:36,965 [INFO] PluginManager:220 - loadIPPluginJar : add dma
2024-06-25 16:13:36,976 [INFO] IPUIPlugin:80 - create IPUIPlugin
2024-06-25 16:13:36,976 [INFO] PluginManager:220 - loadIPPluginJar : add dma3
2024-06-25 16:13:36,983 [INFO] IPUIPlugin:80 - create IPUIPlugin
2024-06-25 16:13:36,983 [INFO] PluginManager:220 - loadIPPluginJar : add extmemmanager
2024-06-25 16:13:36,988 [INFO] IPUIPlugin:80 - create IPUIPlugin
2024-06-25 16:13:36,988 [INFO] PluginManager:220 - loadIPPluginJar : add fatfs
2024-06-25 16:13:36,998 [INFO] IPUIPlugin:80 - create IPUIPlugin
2024-06-25 16:13:36,998 [INFO] PluginManager:220 - loadIPPluginJar : add fmc
2024-06-25 16:13:37,012 [INFO] IPUIPlugin:80 - create IPUIPlugin
2024-06-25 16:13:37,013 [INFO] PluginManager:220 - loadIPPluginJar : add freertos
2024-06-25 16:13:37,018 [INFO] IPUIPlugin:80 - create IPUIPlugin
2024-06-25 16:13:37,018 [INFO] PluginManager:220 - loadIPPluginJar : add genericplugin
2024-06-25 16:13:37,026 [INFO] IPUIPlugin:80 - create IPUIPlugin
2024-06-25 16:13:37,026 [INFO] PluginManager:220 - loadIPPluginJar : add gfxmmu
2024-06-25 16:13:37,042 [INFO] IPUIPlugin:80 - create IPUIPlugin
2024-06-25 16:13:37,042 [INFO] PluginManager:220 - loadIPPluginJar : add gic
2024-06-25 16:13:37,054 [INFO] IPUIPlugin:80 - create IPUIPlugin
2024-06-25 16:13:37,054 [INFO] PluginManager:220 - loadIPPluginJar : add gpio
2024-06-25 16:13:37,063 [INFO] IPUIPlugin:80 - create IPUIPlugin
2024-06-25 16:13:37,063 [INFO] PluginManager:220 - loadIPPluginJar : add gtzc
2024-06-25 16:13:37,069 [INFO] IPUIPlugin:80 - create IPUIPlugin
2024-06-25 16:13:37,070 [INFO] PluginManager:220 - loadIPPluginJar : add hash
2024-06-25 16:13:37,077 [INFO] IPUIPlugin:80 - create IPUIPlugin
2024-06-25 16:13:37,077 [INFO] PluginManager:220 - loadIPPluginJar : add i2c
2024-06-25 16:13:37,084 [INFO] IPUIPlugin:80 - create IPUIPlugin
2024-06-25 16:13:37,084 [INFO] PluginManager:220 - loadIPPluginJar : add i2s
2024-06-25 16:13:37,091 [INFO] IPUIPlugin:80 - create IPUIPlugin
2024-06-25 16:13:37,091 [INFO] PluginManager:220 - loadIPPluginJar : add i3c
2024-06-25 16:13:37,099 [INFO] IPUIPlugin:80 - create IPUIPlugin
2024-06-25 16:13:37,100 [INFO] PluginManager:220 - loadIPPluginJar : add ipddr
2024-06-25 16:13:37,119 [INFO] IPUIPlugin:80 - create IPUIPlugin
2024-06-25 16:13:37,119 [INFO] PluginManager:220 - loadIPPluginJar : add linkedlist
2024-06-25 16:13:37,127 [INFO] IPUIPlugin:80 - create IPUIPlugin
2024-06-25 16:13:37,127 [INFO] PluginManager:220 - loadIPPluginJar : add lorawan
2024-06-25 16:13:37,131 [INFO] IPUIPlugin:80 - create IPUIPlugin
2024-06-25 16:13:37,131 [INFO] PluginManager:220 - loadIPPluginJar : add ltdc
2024-06-25 16:13:37,144 [INFO] IPUIPlugin:80 - create IPUIPlugin
2024-06-25 16:13:37,144 [INFO] PluginManager:220 - loadIPPluginJar : add mdma
2024-06-25 16:13:37,154 [INFO] IPUIPlugin:80 - create IPUIPlugin
2024-06-25 16:13:37,154 [INFO] PluginManager:220 - loadIPPluginJar : add nvic
2024-06-25 16:13:37,162 [INFO] IPUIPlugin:80 - create IPUIPlugin
2024-06-25 16:13:37,162 [INFO] PluginManager:220 - loadIPPluginJar : add opamp
2024-06-25 16:13:37,171 [INFO] IPUIPlugin:80 - create IPUIPlugin
2024-06-25 16:13:37,171 [INFO] PluginManager:220 - loadIPPluginJar : add openamp
2024-06-25 16:13:37,182 [INFO] IPUIPlugin:80 - create IPUIPlugin
2024-06-25 16:13:37,182 [INFO] PluginManager:220 - loadIPPluginJar : add pdm2pcm
2024-06-25 16:13:37,202 [INFO] IPUIPlugin:80 - create IPUIPlugin
2024-06-25 16:13:37,207 [INFO] PluginManager:220 - loadIPPluginJar : add plateformsettings
2024-06-25 16:13:37,212 [INFO] IPUIPlugin:80 - create IPUIPlugin
2024-06-25 16:13:37,212 [INFO] PluginManager:220 - loadIPPluginJar : add quadspi
2024-06-25 16:13:37,223 [INFO] IPUIPlugin:80 - create IPUIPlugin
2024-06-25 16:13:37,223 [INFO] PluginManager:220 - loadIPPluginJar : add resmgrutility
2024-06-25 16:13:37,231 [INFO] IPUIPlugin:80 - create IPUIPlugin
2024-06-25 16:13:37,231 [INFO] PluginManager:220 - loadIPPluginJar : add sai
2024-06-25 16:13:37,242 [INFO] IPUIPlugin:80 - create IPUIPlugin
2024-06-25 16:13:37,243 [INFO] PluginManager:220 - loadIPPluginJar : add spi
2024-06-25 16:13:37,255 [INFO] IPUIPlugin:80 - create IPUIPlugin
2024-06-25 16:13:37,255 [INFO] PluginManager:220 - loadIPPluginJar : add stm32_wpan
2024-06-25 16:13:37,261 [INFO] IPUIPlugin:80 - create IPUIPlugin
2024-06-25 16:13:37,261 [INFO] PluginManager:220 - loadIPPluginJar : add tim
2024-06-25 16:13:37,270 [INFO] IPUIPlugin:80 - create IPUIPlugin
2024-06-25 16:13:37,270 [INFO] PluginManager:220 - loadIPPluginJar : add touchsensing
2024-06-25 16:13:37,276 [INFO] IPUIPlugin:80 - create IPUIPlugin
2024-06-25 16:13:37,277 [INFO] PluginManager:220 - loadIPPluginJar : add tracer_emb
2024-06-25 16:13:37,284 [INFO] IPUIPlugin:80 - create IPUIPlugin
2024-06-25 16:13:37,284 [INFO] PluginManager:220 - loadIPPluginJar : add ts
2024-06-25 16:13:37,290 [INFO] IPUIPlugin:80 - create IPUIPlugin
2024-06-25 16:13:37,290 [INFO] PluginManager:220 - loadIPPluginJar : add tsc
2024-06-25 16:13:37,301 [INFO] IPUIPlugin:80 - create IPUIPlugin
2024-06-25 16:13:37,301 [INFO] PluginManager:220 - loadIPPluginJar : add ucpd
2024-06-25 16:13:37,312 [INFO] IPUIPlugin:80 - create IPUIPlugin
2024-06-25 16:13:37,312 [INFO] PluginManager:220 - loadIPPluginJar : add usart
2024-06-25 16:13:37,321 [INFO] IPUIPlugin:80 - create IPUIPlugin
2024-06-25 16:13:37,321 [INFO] PluginManager:220 - loadIPPluginJar : add usbx
2024-06-25 16:13:37,568 [INFO] CADModel:165 - CPN selected for project level
2024-06-25 16:13:37,568 [INFO] CADModel:114 - Register for checkConnection events
2024-06-25 16:13:37,568 [FATAL] Updater:308 - Updater called before beeing initialized
2024-06-25 16:13:37,568 [ERROR] CADModel:125 - Updater not yet initialized, retry later 
2024-06-25 16:13:38,269 [INFO] CADModel:165 - CPN selected for project level
2024-06-25 16:13:38,270 [INFO] CADModel:114 - Register for checkConnection events
2024-06-25 16:13:38,270 [FATAL] Updater:308 - Updater called before beeing initialized
2024-06-25 16:13:38,270 [ERROR] CADModel:125 - Updater not yet initialized, retry later 
2024-06-25 16:13:38,276 [FATAL] Updater:308 - Updater called before beeing initialized
2024-06-25 16:13:38,924 [INFO] ThirdPartyUpdaterWithRetryManager:70 - Updater plugin not ready yet. [3/15]
2024-06-25 16:13:40,294 [FATAL] Updater:308 - Updater called before beeing initialized
2024-06-25 16:13:40,306 [INFO] DbMcusAds:53 - JSON generation date=Thu May 16 03:22:01 CST 2024 (1715851321109)
2024-06-25 16:13:40,307 [FATAL] Updater:308 - Updater called before beeing initialized
2024-06-25 16:13:40,529 [WARN] DetailPanel:346 - Failed to get advertising image, set to default
2024-06-25 16:13:41,349 [FATAL] Updater:308 - Updater called before beeing initialized
2024-06-25 16:13:41,354 [FATAL] Updater:308 - Updater called before beeing initialized
2024-06-25 16:13:41,354 [FATAL] Updater:308 - Updater called before beeing initialized
2024-06-25 16:13:41,354 [WARN] DetailPanel:346 - Failed to get advertising image, set to default
2024-06-25 16:13:41,358 [FATAL] Updater:308 - Updater called before beeing initialized
2024-06-25 16:13:41,927 [FATAL] Updater:308 - Updater called before beeing initialized
2024-06-25 16:13:41,932 [ERROR] IntegrityCheckThread:130 - Cannot retrieve database content from updater: error 21
2024-06-25 16:13:41,933 [INFO] ThirdParty:978 - Integrity check success = false
2024-06-25 16:13:41,933 [INFO] IntegrityCheckThread:100 - exiting critical section [integrity check]
2024-06-25 16:13:41,936 [INFO] IntegrityCheckThread:103 - End integrity checks thread
2024-06-25 16:13:44,516 [ERROR] Updater:1120 - MainUpdater not yet initialized. External WinMGr cannot be set.
2024-06-25 16:13:44,522 [INFO] Updater:1056 - Updater Version found : 6.11.1
2024-06-25 16:13:44,564 [INFO] ApplicationProperties:184 - Using Application install path: C:\ST\STM32CubeIDE_1.13.0\STM32CubeIDE\plugins\com.st.stm32cube.common.mx_6.11.1.202404110753
2024-06-25 16:13:46,186 [ERROR] LogOutputStream:75 - [STDERR_REDIRECT] Jun 25, 2024 4:13:46 PM java.util.prefs.WindowsPreferences <init>
2024-06-25 16:13:46,191 [ERROR] LogOutputStream:75 - [STDERR_REDIRECT] WARNING: Could not open/create prefs root node Software\JavaSoft\Prefs at root 0xffffffff80000002. Windows RegCreateKeyEx(...) returned error code 5.
2024-06-25 16:13:46,191 [ERROR] LogOutputStream:75 - [STDERR_REDIRECT] 
2024-06-25 16:13:48,332 [INFO] MainUpdater:2873 - connection check result : 10
2024-06-25 16:13:48,333 [INFO] MainUpdater:3567 - Updater definition file requires update
2024-06-25 16:13:48,336 [INFO] MainUpdater:290 - Updater Check For Update Now.
2024-06-25 16:13:48,336 [INFO] MicroXplorer:498 - Change Database Version : DB.6.0.111
2024-06-25 16:13:48,352 [INFO] McuFinderGlobals:63 - Set McuFinder mode to 2 (CubeIDE integrated)
2024-06-25 16:13:49,274 [INFO] UserAuth:415 - Internet connection configuration mode: 1
2024-06-25 16:13:49,314 [INFO] JxBrowserEngine:152 - Initiate JxBrowser Engine with user profile folder
2024-06-25 16:13:49,945 [INFO] ServerAccessManage:473 - Download File updaters.zip
2024-06-25 16:13:50,383 [INFO] FileExtend:240 - Unzip File : updaters.zip
2024-06-25 16:13:50,388 [INFO] FileExtend:255 - Standard Zip Deflate
2024-06-25 16:13:51,590 [INFO] ServerAccessManage:473 - Download File PacksControlFlags.xml
2024-06-25 16:13:51,883 [INFO] ServerAccessManage:473 - Download File cubemx.pidx
2024-06-25 16:13:56,998 [INFO] ServerAccessManage:473 - Download File STMicroelectronics.X-CUBE-TOUCHGFX.pdsc
2024-06-25 16:13:59,480 [INFO] WebApp:161 - Instantiating new browser for Auth
2024-06-25 16:14:01,704 [INFO] WebApp:779 - Register for checkConnection events
2024-06-25 16:14:01,704 [INFO] WebApp:414 - Apply proxy settings
2024-06-25 16:14:01,704 [INFO] WebApp:499 - Chromium requires no authentication
2024-06-25 16:14:01,723 [INFO] WebApp:442 - Direct internet connection detected
2024-06-25 16:14:02,451 [INFO] WebApp:192 - Starting web application
2024-06-25 16:14:02,451 [INFO] WebApp:544 - Web application path used C:\ST\STM32CubeIDE_1.13.0\STM32CubeIDE\plugins\com.st.stm32cube.common.mx_6.11.1.202404110753\db\plugins\mcufinder\reactClient1\index.html
2024-06-25 16:14:02,639 [INFO] ServerAccessManage:473 - Download File wolfSSL.I-CUBE-wolfMQTT.pdsc
2024-06-25 16:14:03,831 [ERROR] ServerAccessManage:1089 - Problem, file not found on Server
2024-06-25 16:14:04,855 [WARN] PackLoader:240 - Cannot read IP mode file for STMicroelectronics.X-CUBE-TOUCHGFX.4.24.0
2024-06-25 16:14:04,914 [WARN] PackLoader:240 - Cannot read IP mode file for wolfSSL.I-CUBE-wolfMQTT.1.19.0
2024-06-25 16:14:04,916 [INFO] PopulateThirdPartyThread:66 - Ending populate Thread
2024-06-25 16:14:04,919 [INFO] ThirdParty:1030 - CMSIS Pack Vendor :wolfSSL I-CUBE-wolfMQTT 1.19.0
2024-06-25 16:14:04,919 [INFO] ThirdParty:1030 - CMSIS Pack Vendor :STMicroelectronics X-CUBE-TOUCHGFX 4.24.0
2024-06-25 16:14:04,920 [INFO] LoadServerUpdatesThread:375 - End of LoadServerUpdate Thread
2024-06-25 16:14:14,871 [INFO] CheckServerUpdateThread:120 - End of CheckServer Thread
2024-06-25 16:18:06,904 [ERROR] LogOutputStream:75 - [STDERR_REDIRECT] 
2024-06-25 16:18:06,906 [ERROR] LogOutputStream:75 - [STDERR_REDIRECT] 
