2024-07-23 06:52:46,384 [ERROR] LogOutputStream:75 - [STDERR_REDIRECT] 
2024-07-23 23:12:54,123 [INFO] Activator:176 - 


2024-07-23 23:12:54,130 [INFO] Activator:177 - !SESSION log4j initialized
2024-07-23 23:13:13,182 [INFO] LogOutputStream:77 - [STDOUT_REDIRECT] 
2024-07-23 23:13:39,767 [INFO] ApplicationProperties:184 - Using Application install path: C:\ST\STM32CubeIDE_1.13.0\STM32CubeIDE\plugins\com.st.stm32cube.common.mx_6.11.1.202404110753
2024-07-23 23:13:39,799 [INFO] DbMcusXml:78 - Set database path to: C:\ST\STM32CubeIDE_1.13.0\STM32CubeIDE\plugins\com.st.stm32cube.common.mx_6.11.1.202404110753\\db\/mcu/
2024-07-23 23:13:39,800 [INFO] ApiDb:274 - Set plugin database path to: C:\ST\STM32CubeIDE_1.13.0\STM32CubeIDE\plugins\com.st.stm32cube.common.mx_6.11.1.202404110753\\db\/plugins/boardmanager/
2024-07-23 23:13:39,801 [WARN] ApiDb:259 - Overriding images path with different value:  => C:\ST\STM32CubeIDE_1.13.0\STM32CubeIDE\plugins\com.st.stm32cube.common.mx_6.11.1.202404110753\\db\/plugins/mcufinder/images/
2024-07-23 23:13:39,819 [INFO] ApiDb:250 - Set database path to: C:\Users\rpalma\.stmcufinder\plugins\mcufinder//mcu/
2024-07-23 23:13:39,821 [INFO] DbMcusAds:125 - Set database path to: C:\Users\rpalma\.stmcufinder\plugins\mcufinder//mcu/
2024-07-23 23:13:39,845 [INFO] CrossReferenceDbSqlite:203 - Set database path to: C:\Users\rpalma\.stmcufinder\plugins\mcufinder//mcu/cs/
2024-07-23 23:13:40,098 [INFO] RulesReader:64 - Compatibility file has been processed (297 Rules)
2024-07-23 23:13:40,319 [INFO] DbMcusXml:78 - Set database path to: C:\ST\STM32CubeIDE_1.13.0\STM32CubeIDE\plugins\com.st.stm32cube.common.mx_6.11.1.202404110753\\db\/mcu/
2024-07-23 23:13:40,319 [INFO] ApiDb:274 - Set plugin database path to: C:\ST\STM32CubeIDE_1.13.0\STM32CubeIDE\plugins\com.st.stm32cube.common.mx_6.11.1.202404110753\\db\/plugins/boardmanager/
2024-07-23 23:13:40,320 [INFO] ApiDb:261 - Set plugin images path to: C:\ST\STM32CubeIDE_1.13.0\STM32CubeIDE\plugins\com.st.stm32cube.common.mx_6.11.1.202404110753\\db\/plugins/mcufinder/images/
2024-07-23 23:13:40,320 [WARN] DbFile:41 - Overriding database path with different value: C:\Users\rpalma\.stmcufinder\plugins\mcufinder/ => C:\Users\rpalma\.stmcufinder\plugins\mcufinder
2024-07-23 23:13:40,320 [INFO] ApiDb:250 - Set database path to: C:\Users\rpalma\.stmcufinder\plugins\mcufinder//mcu/
2024-07-23 23:13:40,320 [WARN] DbFile:41 - Overriding database path with different value: C:\Users\rpalma\.stmcufinder\plugins\mcufinder/ => C:\Users\rpalma\.stmcufinder\plugins\mcufinder
2024-07-23 23:13:40,321 [INFO] DbMcusAds:125 - Set database path to: C:\Users\rpalma\.stmcufinder\plugins\mcufinder//mcu/
2024-07-23 23:13:40,321 [WARN] DbFile:41 - Overriding database path with different value: C:\Users\rpalma\.stmcufinder\plugins\mcufinder/ => C:\Users\rpalma\.stmcufinder\plugins\mcufinder
2024-07-23 23:13:40,321 [WARN] DbFile:41 - Overriding database path with different value: C:\Users\rpalma\.stmcufinder\plugins\mcufinder/ => C:\Users\rpalma\.stmcufinder\plugins\mcufinder
2024-07-23 23:13:40,321 [INFO] CrossReferenceDbSqlite:203 - Set database path to: C:\Users\rpalma\.stmcufinder\plugins\mcufinder//mcu/cs/
2024-07-23 23:13:40,576 [INFO] MainPanel:264 - HeapMemory: 268435456
2024-07-23 23:13:40,773 [INFO] DbMcusXml:78 - Set database path to: C:\ST\STM32CubeIDE_1.13.0\STM32CubeIDE\plugins\com.st.stm32cube.common.mx_6.11.1.202404110753\\db\/mcu/
2024-07-23 23:13:40,774 [INFO] ApiDb:274 - Set plugin database path to: C:\ST\STM32CubeIDE_1.13.0\STM32CubeIDE\plugins\com.st.stm32cube.common.mx_6.11.1.202404110753\\db\/plugins/boardmanager/
2024-07-23 23:13:40,774 [INFO] ApiDb:261 - Set plugin images path to: C:\ST\STM32CubeIDE_1.13.0\STM32CubeIDE\plugins\com.st.stm32cube.common.mx_6.11.1.202404110753\\db\/plugins/mcufinder/images/
2024-07-23 23:13:40,774 [WARN] DbFile:41 - Overriding database path with different value: C:\Users\rpalma\.stmcufinder\plugins\mcufinder/ => C:\Users\rpalma\.stmcufinder\plugins\mcufinder
2024-07-23 23:13:40,775 [INFO] ApiDb:250 - Set database path to: C:\Users\rpalma\.stmcufinder\plugins\mcufinder//mcu/
2024-07-23 23:13:40,775 [WARN] DbFile:41 - Overriding database path with different value: C:\Users\rpalma\.stmcufinder\plugins\mcufinder/ => C:\Users\rpalma\.stmcufinder\plugins\mcufinder
2024-07-23 23:13:40,776 [INFO] DbMcusAds:125 - Set database path to: C:\Users\rpalma\.stmcufinder\plugins\mcufinder//mcu/
2024-07-23 23:13:40,776 [WARN] DbFile:41 - Overriding database path with different value: C:\Users\rpalma\.stmcufinder\plugins\mcufinder/ => C:\Users\rpalma\.stmcufinder\plugins\mcufinder
2024-07-23 23:13:40,777 [WARN] DbFile:41 - Overriding database path with different value: C:\Users\rpalma\.stmcufinder\plugins\mcufinder/ => C:\Users\rpalma\.stmcufinder\plugins\mcufinder
2024-07-23 23:13:40,777 [INFO] CrossReferenceDbSqlite:203 - Set database path to: C:\Users\rpalma\.stmcufinder\plugins\mcufinder//mcu/cs/
2024-07-23 23:13:40,819 [INFO] ApplicationProperties:184 - Using Application install path: C:\ST\STM32CubeIDE_1.13.0\STM32CubeIDE\plugins\com.st.stm32cube.common.mx_6.11.1.202404110753
2024-07-23 23:13:40,822 [INFO] PluginManage:196 - Search for loadable plugins [exclusion list=, ]
2024-07-23 23:13:40,825 [INFO] PluginManage:310 - Check plugin analytics
2024-07-23 23:13:46,389 [INFO] AnalyticsPlugin:253 - Accepted Software Licenses: 
2024-07-23 23:13:46,389 [INFO] AnalyticsPlugin:255 - Accepted CMSIS Pack Licenses: 
2024-07-23 23:13:46,393 [INFO] AnalyticsPlugin:257 - Accepted Firmware Licenses: FW.F4.1.27.0
2024-07-23 23:13:46,399 [INFO] PluginManage:359 - Loaded plugin analytics (category:tool,tabindex:-1)
2024-07-23 23:13:46,401 [INFO] PluginManage:310 - Check plugin cadmodel
2024-07-23 23:13:46,684 [INFO] CADModel:105 - Init CAD model plugin
2024-07-23 23:13:46,690 [INFO] PluginManage:359 - Loaded plugin cadmodel (category:power,tabindex:5)
2024-07-23 23:13:46,692 [INFO] PluginManage:310 - Check plugin clock
2024-07-23 23:13:46,782 [INFO] PluginManage:359 - Loaded plugin clock (category:base,tabindex:2)
2024-07-23 23:13:46,782 [INFO] PluginManage:310 - Check plugin ddr
2024-07-23 23:13:46,886 [INFO] PluginManage:359 - Loaded plugin ddr (category:tool,tabindex:6)
2024-07-23 23:13:46,886 [INFO] PluginManage:310 - Check plugin filemanager
2024-07-23 23:13:48,678 [INFO] PluginManage:359 - Loaded plugin filemanager (category:base,tabindex:10)
2024-07-23 23:13:48,679 [INFO] PluginManage:310 - Check plugin ipmanager
2024-07-23 23:13:48,698 [INFO] PluginManage:359 - Loaded plugin ipmanager (category:base,tabindex:5)
2024-07-23 23:13:48,699 [INFO] PluginManage:310 - Check plugin lpbam
2024-07-23 23:13:48,722 [INFO] PluginManage:359 - Loaded plugin lpbam (category:base,tabindex:0)
2024-07-23 23:13:48,722 [INFO] PluginManage:310 - Check plugin memorymap
2024-07-23 23:13:48,793 [INFO] PluginManage:359 - Loaded plugin memorymap (category:base,tabindex:4)
2024-07-23 23:13:48,793 [INFO] PluginManage:310 - Check plugin pinoutandconfiguration
2024-07-23 23:13:48,815 [INFO] PluginManage:359 - Loaded plugin pinoutandconfiguration (category:base,tabindex:1)
2024-07-23 23:13:48,816 [INFO] PluginManage:310 - Check plugin pinoutconfig
2024-07-23 23:13:49,077 [WARN] SupportedApi:132 - Cannot load RTOS API schema: s4s-elt-must-match.1: The content of 'definitions' must match (annotation?, (simpleType | complexType)?, (unique | key | keyref)*)). A problem was found starting at: attribute.
2024-07-23 23:13:49,521 [INFO] PluginManage:359 - Loaded plugin pinoutconfig (category:base,tabindex:0)
2024-07-23 23:13:49,521 [INFO] PluginManage:310 - Check plugin power
2024-07-23 23:13:49,564 [INFO] PluginManage:359 - Loaded plugin power (category:power,tabindex:4)
2024-07-23 23:13:49,564 [INFO] PluginManage:310 - Check plugin projectmanager
2024-07-23 23:13:49,826 [INFO] PluginManage:359 - Loaded plugin projectmanager (category:projectmanager,tabindex:3)
2024-07-23 23:13:49,827 [INFO] PluginManage:310 - Check plugin thirdparty
2024-07-23 23:13:51,485 [INFO] PluginManage:359 - Loaded plugin thirdparty (category:base,tabindex:-1)
2024-07-23 23:13:51,487 [INFO] PluginManage:310 - Check plugin tools
2024-07-23 23:13:51,491 [WARN] IntegrityCheckThread:84 - waiting for thirdparty lock release [integrity check]
2024-07-23 23:13:51,494 [INFO] IntegrityCheckThread:86 - entering critical section [integrity check]
2024-07-23 23:13:51,494 [INFO] ThirdPartyUpdaterWithRetryManager:70 - Updater plugin not ready yet. [1/15]
2024-07-23 23:13:51,500 [INFO] PluginManage:359 - Loaded plugin tools (category:base,tabindex:7)
2024-07-23 23:13:51,500 [INFO] PluginManage:310 - Check plugin tutovideos
2024-07-23 23:13:52,698 [INFO] PluginManage:359 - Loaded plugin tutovideos (category:base,tabindex:-1)
2024-07-23 23:13:52,698 [INFO] PluginManage:310 - Check plugin updater
2024-07-23 23:13:53,284 [INFO] PluginManage:359 - Loaded plugin updater (category:base,tabindex:12)
2024-07-23 23:13:53,285 [INFO] PluginManage:310 - Check plugin userauth
2024-07-23 23:13:53,320 [INFO] UserAuth:114 - Init User Auth plugin
2024-07-23 23:13:53,320 [INFO] PluginManage:359 - Loaded plugin userauth (category:base,tabindex:14)
2024-07-23 23:13:53,322 [INFO] PluginManage:283 - PluginManage : Loaded plugins [17]
2024-07-23 23:13:54,496 [INFO] ThirdPartyUpdaterWithRetryManager:70 - Updater plugin not ready yet. [2/15]
2024-07-23 23:13:57,528 [INFO] ThirdPartyUpdaterWithRetryManager:70 - Updater plugin not ready yet. [3/15]
2024-07-23 23:14:00,538 [INFO] ThirdPartyUpdaterWithRetryManager:70 - Updater plugin not ready yet. [4/15]
2024-07-23 23:14:03,544 [INFO] ThirdPartyUpdaterWithRetryManager:70 - Updater plugin not ready yet. [5/15]
2024-07-23 23:14:04,155 [INFO] PinOutPanel:1561 - setPackage(No Configuration,No Configuration)
2024-07-23 23:14:04,494 [INFO] CADModel:165 - CPN selected for project level
2024-07-23 23:14:04,495 [INFO] CADModel:114 - Register for checkConnection events
2024-07-23 23:14:04,534 [INFO] IPUIPlugin:80 - create IPUIPlugin
2024-07-23 23:14:04,535 [INFO] PluginManager:220 - loadIPPluginJar : add adc
2024-07-23 23:14:04,547 [INFO] IPUIPlugin:80 - create IPUIPlugin
2024-07-23 23:14:04,547 [INFO] PluginManager:220 - loadIPPluginJar : add aes
2024-07-23 23:14:04,573 [INFO] IPUIPlugin:80 - create IPUIPlugin
2024-07-23 23:14:04,574 [INFO] PluginManager:220 - loadIPPluginJar : add can
2024-07-23 23:14:04,592 [INFO] IPUIPlugin:80 - create IPUIPlugin
2024-07-23 23:14:04,592 [INFO] PluginManager:220 - loadIPPluginJar : add comp
2024-07-23 23:14:04,611 [INFO] IPUIPlugin:80 - create IPUIPlugin
2024-07-23 23:14:04,612 [INFO] PluginManager:220 - loadIPPluginJar : add cryp
2024-07-23 23:14:04,632 [INFO] IPUIPlugin:80 - create IPUIPlugin
2024-07-23 23:14:04,632 [INFO] PluginManager:220 - loadIPPluginJar : add dfsdm
2024-07-23 23:14:04,671 [INFO] IPUIPlugin:80 - create IPUIPlugin
2024-07-23 23:14:04,672 [INFO] PluginManager:220 - loadIPPluginJar : add dma
2024-07-23 23:14:04,683 [INFO] IPUIPlugin:80 - create IPUIPlugin
2024-07-23 23:14:04,684 [INFO] PluginManager:220 - loadIPPluginJar : add dma3
2024-07-23 23:14:04,692 [INFO] IPUIPlugin:80 - create IPUIPlugin
2024-07-23 23:14:04,692 [INFO] PluginManager:220 - loadIPPluginJar : add extmemmanager
2024-07-23 23:14:04,698 [INFO] IPUIPlugin:80 - create IPUIPlugin
2024-07-23 23:14:04,698 [INFO] PluginManager:220 - loadIPPluginJar : add fatfs
2024-07-23 23:14:04,711 [INFO] IPUIPlugin:80 - create IPUIPlugin
2024-07-23 23:14:04,712 [INFO] PluginManager:220 - loadIPPluginJar : add fmc
2024-07-23 23:14:04,725 [INFO] IPUIPlugin:80 - create IPUIPlugin
2024-07-23 23:14:04,725 [INFO] PluginManager:220 - loadIPPluginJar : add freertos
2024-07-23 23:14:04,732 [INFO] IPUIPlugin:80 - create IPUIPlugin
2024-07-23 23:14:04,732 [INFO] PluginManager:220 - loadIPPluginJar : add genericplugin
2024-07-23 23:14:04,741 [INFO] IPUIPlugin:80 - create IPUIPlugin
2024-07-23 23:14:04,741 [INFO] PluginManager:220 - loadIPPluginJar : add gfxmmu
2024-07-23 23:14:04,759 [INFO] IPUIPlugin:80 - create IPUIPlugin
2024-07-23 23:14:04,759 [INFO] PluginManager:220 - loadIPPluginJar : add gic
2024-07-23 23:14:04,770 [INFO] IPUIPlugin:80 - create IPUIPlugin
2024-07-23 23:14:04,771 [INFO] PluginManager:220 - loadIPPluginJar : add gpio
2024-07-23 23:14:04,778 [INFO] IPUIPlugin:80 - create IPUIPlugin
2024-07-23 23:14:04,778 [INFO] PluginManager:220 - loadIPPluginJar : add gtzc
2024-07-23 23:14:04,785 [INFO] IPUIPlugin:80 - create IPUIPlugin
2024-07-23 23:14:04,786 [INFO] PluginManager:220 - loadIPPluginJar : add hash
2024-07-23 23:14:04,795 [INFO] IPUIPlugin:80 - create IPUIPlugin
2024-07-23 23:14:04,796 [INFO] PluginManager:220 - loadIPPluginJar : add i2c
2024-07-23 23:14:04,804 [INFO] IPUIPlugin:80 - create IPUIPlugin
2024-07-23 23:14:04,804 [INFO] PluginManager:220 - loadIPPluginJar : add i2s
2024-07-23 23:14:04,811 [INFO] IPUIPlugin:80 - create IPUIPlugin
2024-07-23 23:14:04,811 [INFO] PluginManager:220 - loadIPPluginJar : add i3c
2024-07-23 23:14:04,819 [INFO] IPUIPlugin:80 - create IPUIPlugin
2024-07-23 23:14:04,820 [INFO] PluginManager:220 - loadIPPluginJar : add ipddr
2024-07-23 23:14:04,832 [INFO] IPUIPlugin:80 - create IPUIPlugin
2024-07-23 23:14:04,834 [INFO] PluginManager:220 - loadIPPluginJar : add linkedlist
2024-07-23 23:14:04,847 [INFO] IPUIPlugin:80 - create IPUIPlugin
2024-07-23 23:14:04,848 [INFO] PluginManager:220 - loadIPPluginJar : add lorawan
2024-07-23 23:14:04,854 [INFO] IPUIPlugin:80 - create IPUIPlugin
2024-07-23 23:14:04,855 [INFO] PluginManager:220 - loadIPPluginJar : add ltdc
2024-07-23 23:14:04,866 [INFO] IPUIPlugin:80 - create IPUIPlugin
2024-07-23 23:14:04,866 [INFO] PluginManager:220 - loadIPPluginJar : add mdma
2024-07-23 23:14:04,878 [INFO] IPUIPlugin:80 - create IPUIPlugin
2024-07-23 23:14:04,878 [INFO] PluginManager:220 - loadIPPluginJar : add nvic
2024-07-23 23:14:04,889 [INFO] IPUIPlugin:80 - create IPUIPlugin
2024-07-23 23:14:04,889 [INFO] PluginManager:220 - loadIPPluginJar : add opamp
2024-07-23 23:14:04,900 [INFO] IPUIPlugin:80 - create IPUIPlugin
2024-07-23 23:14:04,902 [INFO] PluginManager:220 - loadIPPluginJar : add openamp
2024-07-23 23:14:04,910 [INFO] IPUIPlugin:80 - create IPUIPlugin
2024-07-23 23:14:04,910 [INFO] PluginManager:220 - loadIPPluginJar : add pdm2pcm
2024-07-23 23:14:04,932 [INFO] IPUIPlugin:80 - create IPUIPlugin
2024-07-23 23:14:04,949 [INFO] PluginManager:220 - loadIPPluginJar : add plateformsettings
2024-07-23 23:14:05,028 [INFO] IPUIPlugin:80 - create IPUIPlugin
2024-07-23 23:14:05,029 [INFO] PluginManager:220 - loadIPPluginJar : add quadspi
2024-07-23 23:14:05,045 [INFO] IPUIPlugin:80 - create IPUIPlugin
2024-07-23 23:14:05,046 [INFO] PluginManager:220 - loadIPPluginJar : add resmgrutility
2024-07-23 23:14:05,075 [INFO] IPUIPlugin:80 - create IPUIPlugin
2024-07-23 23:14:05,075 [INFO] PluginManager:220 - loadIPPluginJar : add sai
2024-07-23 23:14:05,083 [INFO] IPUIPlugin:80 - create IPUIPlugin
2024-07-23 23:14:05,087 [INFO] PluginManager:220 - loadIPPluginJar : add spi
2024-07-23 23:14:05,106 [INFO] IPUIPlugin:80 - create IPUIPlugin
2024-07-23 23:14:05,107 [INFO] PluginManager:220 - loadIPPluginJar : add stm32_wpan
2024-07-23 23:14:05,113 [INFO] IPUIPlugin:80 - create IPUIPlugin
2024-07-23 23:14:05,113 [INFO] PluginManager:220 - loadIPPluginJar : add tim
2024-07-23 23:14:05,156 [INFO] IPUIPlugin:80 - create IPUIPlugin
2024-07-23 23:14:05,156 [INFO] PluginManager:220 - loadIPPluginJar : add touchsensing
2024-07-23 23:14:05,164 [INFO] IPUIPlugin:80 - create IPUIPlugin
2024-07-23 23:14:05,164 [INFO] PluginManager:220 - loadIPPluginJar : add tracer_emb
2024-07-23 23:14:05,180 [INFO] IPUIPlugin:80 - create IPUIPlugin
2024-07-23 23:14:05,180 [INFO] PluginManager:220 - loadIPPluginJar : add ts
2024-07-23 23:14:05,187 [INFO] IPUIPlugin:80 - create IPUIPlugin
2024-07-23 23:14:05,187 [INFO] PluginManager:220 - loadIPPluginJar : add tsc
2024-07-23 23:14:05,195 [INFO] IPUIPlugin:80 - create IPUIPlugin
2024-07-23 23:14:05,195 [INFO] PluginManager:220 - loadIPPluginJar : add ucpd
2024-07-23 23:14:05,227 [INFO] IPUIPlugin:80 - create IPUIPlugin
2024-07-23 23:14:05,228 [INFO] PluginManager:220 - loadIPPluginJar : add usart
2024-07-23 23:14:05,238 [INFO] IPUIPlugin:80 - create IPUIPlugin
2024-07-23 23:14:05,238 [INFO] PluginManager:220 - loadIPPluginJar : add usbx
2024-07-23 23:14:05,726 [INFO] CADModel:165 - CPN selected for project level
2024-07-23 23:14:05,726 [INFO] CADModel:114 - Register for checkConnection events
2024-07-23 23:14:05,726 [FATAL] Updater:308 - Updater called before beeing initialized
2024-07-23 23:14:05,726 [ERROR] CADModel:125 - Updater not yet initialized, retry later 
2024-07-23 23:14:06,058 [INFO] CADModel:165 - CPN selected for project level
2024-07-23 23:14:06,059 [INFO] CADModel:114 - Register for checkConnection events
2024-07-23 23:14:06,059 [FATAL] Updater:308 - Updater called before beeing initialized
2024-07-23 23:14:06,059 [ERROR] CADModel:125 - Updater not yet initialized, retry later 
2024-07-23 23:14:06,066 [FATAL] Updater:308 - Updater called before beeing initialized
2024-07-23 23:14:06,467 [FATAL] Updater:308 - Updater called before beeing initialized
2024-07-23 23:14:06,478 [INFO] DbMcusAds:53 - JSON generation date=Thu May 16 03:22:01 CST 2024 (1715851321109)
2024-07-23 23:14:06,478 [FATAL] Updater:308 - Updater called before beeing initialized
2024-07-23 23:14:06,546 [INFO] ThirdPartyUpdaterWithRetryManager:70 - Updater plugin not ready yet. [6/15]
2024-07-23 23:14:06,593 [WARN] DetailPanel:346 - Failed to get advertising image, set to default
2024-07-23 23:14:07,242 [FATAL] Updater:308 - Updater called before beeing initialized
2024-07-23 23:14:07,245 [FATAL] Updater:308 - Updater called before beeing initialized
2024-07-23 23:14:07,245 [FATAL] Updater:308 - Updater called before beeing initialized
2024-07-23 23:14:07,245 [WARN] DetailPanel:346 - Failed to get advertising image, set to default
2024-07-23 23:14:07,246 [FATAL] Updater:308 - Updater called before beeing initialized
2024-07-23 23:14:07,366 [ERROR] Updater:1120 - MainUpdater not yet initialized. External WinMGr cannot be set.
2024-07-23 23:14:07,386 [INFO] Updater:1056 - Updater Version found : 6.11.1
2024-07-23 23:14:07,416 [INFO] ApplicationProperties:184 - Using Application install path: C:\ST\STM32CubeIDE_1.13.0\STM32CubeIDE\plugins\com.st.stm32cube.common.mx_6.11.1.202404110753
2024-07-23 23:14:09,026 [ERROR] LogOutputStream:75 - [STDERR_REDIRECT] Jul 23, 2024 11:14:09 PM java.util.prefs.WindowsPreferences <init>
2024-07-23 23:14:09,030 [ERROR] LogOutputStream:75 - [STDERR_REDIRECT] WARNING: Could not open/create prefs root node Software\JavaSoft\Prefs at root 0xffffffff80000002. Windows RegCreateKeyEx(...) returned error code 5.
2024-07-23 23:14:09,030 [ERROR] LogOutputStream:75 - [STDERR_REDIRECT] 
2024-07-23 23:14:09,573 [FATAL] Updater:308 - Updater called before beeing initialized
2024-07-23 23:14:09,574 [ERROR] IntegrityCheckThread:130 - Cannot retrieve database content from updater: error 21
2024-07-23 23:14:09,575 [INFO] ThirdParty:978 - Integrity check success = false
2024-07-23 23:14:09,575 [INFO] IntegrityCheckThread:100 - exiting critical section [integrity check]
2024-07-23 23:14:09,575 [INFO] IntegrityCheckThread:103 - End integrity checks thread
2024-07-23 23:14:10,042 [INFO] MainUpdater:2873 - connection check result : 10
2024-07-23 23:14:10,043 [INFO] MainUpdater:290 - Updater Check For Update Now.
2024-07-23 23:14:10,043 [INFO] MicroXplorer:498 - Change Database Version : DB.6.0.111
2024-07-23 23:14:10,074 [INFO] McuFinderGlobals:63 - Set McuFinder mode to 2 (CubeIDE integrated)
2024-07-23 23:14:10,089 [INFO] UserAuth:415 - Internet connection configuration mode: 1
2024-07-23 23:14:10,403 [INFO] JxBrowserEngine:152 - Initiate JxBrowser Engine with user profile folder
2024-07-23 23:14:11,717 [INFO] CheckServerUpdateThread:120 - End of CheckServer Thread
2024-07-23 23:14:14,073 [INFO] WebApp:161 - Instantiating new browser for Auth
2024-07-23 23:14:16,324 [INFO] WebApp:779 - Register for checkConnection events
2024-07-23 23:14:16,324 [INFO] WebApp:414 - Apply proxy settings
2024-07-23 23:14:16,325 [INFO] WebApp:499 - Chromium requires no authentication
2024-07-23 23:14:16,345 [INFO] WebApp:442 - Direct internet connection detected
2024-07-23 23:14:17,014 [INFO] WebApp:192 - Starting web application
2024-07-23 23:14:17,015 [INFO] WebApp:544 - Web application path used C:\ST\STM32CubeIDE_1.13.0\STM32CubeIDE\plugins\com.st.stm32cube.common.mx_6.11.1.202404110753\db\plugins\mcufinder\reactClient1\index.html
