2024-06-27 16:43:39,519 [INFO] Activator:176 - 


2024-06-27 16:43:39,531 [INFO] Activator:177 - !SESSION log4j initialized
2024-06-27 16:43:51,261 [INFO] LogOutputStream:77 - [STDOUT_REDIRECT] 
2024-06-27 16:44:03,832 [INFO] ApplicationProperties:184 - Using Application install path: C:\ST\STM32CubeIDE_1.13.0\STM32CubeIDE\plugins\com.st.stm32cube.common.mx_6.11.1.202404110753
2024-06-27 16:44:03,859 [INFO] DbMcusXml:78 - Set database path to: C:\ST\STM32CubeIDE_1.13.0\STM32CubeIDE\plugins\com.st.stm32cube.common.mx_6.11.1.202404110753\\db\/mcu/
2024-06-27 16:44:03,859 [INFO] ApiDb:274 - Set plugin database path to: C:\ST\STM32CubeIDE_1.13.0\STM32CubeIDE\plugins\com.st.stm32cube.common.mx_6.11.1.202404110753\\db\/plugins/boardmanager/
2024-06-27 16:44:03,860 [WARN] ApiDb:259 - Overriding images path with different value:  => C:\ST\STM32CubeIDE_1.13.0\STM32CubeIDE\plugins\com.st.stm32cube.common.mx_6.11.1.202404110753\\db\/plugins/mcufinder/images/
2024-06-27 16:44:03,873 [INFO] ApiDb:250 - Set database path to: C:\Users\rpalma\.stmcufinder\plugins\mcufinder//mcu/
2024-06-27 16:44:03,874 [INFO] DbMcusAds:125 - Set database path to: C:\Users\rpalma\.stmcufinder\plugins\mcufinder//mcu/
2024-06-27 16:44:03,879 [INFO] CrossReferenceDbSqlite:203 - Set database path to: C:\Users\rpalma\.stmcufinder\plugins\mcufinder//mcu/cs/
2024-06-27 16:44:04,146 [INFO] RulesReader:64 - Compatibility file has been processed (297 Rules)
2024-06-27 16:44:04,505 [INFO] DbMcusXml:78 - Set database path to: C:\ST\STM32CubeIDE_1.13.0\STM32CubeIDE\plugins\com.st.stm32cube.common.mx_6.11.1.202404110753\\db\/mcu/
2024-06-27 16:44:04,506 [INFO] ApiDb:274 - Set plugin database path to: C:\ST\STM32CubeIDE_1.13.0\STM32CubeIDE\plugins\com.st.stm32cube.common.mx_6.11.1.202404110753\\db\/plugins/boardmanager/
2024-06-27 16:44:04,506 [INFO] ApiDb:261 - Set plugin images path to: C:\ST\STM32CubeIDE_1.13.0\STM32CubeIDE\plugins\com.st.stm32cube.common.mx_6.11.1.202404110753\\db\/plugins/mcufinder/images/
2024-06-27 16:44:04,506 [WARN] DbFile:41 - Overriding database path with different value: C:\Users\rpalma\.stmcufinder\plugins\mcufinder/ => C:\Users\rpalma\.stmcufinder\plugins\mcufinder
2024-06-27 16:44:04,507 [INFO] ApiDb:250 - Set database path to: C:\Users\rpalma\.stmcufinder\plugins\mcufinder//mcu/
2024-06-27 16:44:04,507 [WARN] DbFile:41 - Overriding database path with different value: C:\Users\rpalma\.stmcufinder\plugins\mcufinder/ => C:\Users\rpalma\.stmcufinder\plugins\mcufinder
2024-06-27 16:44:04,507 [INFO] DbMcusAds:125 - Set database path to: C:\Users\rpalma\.stmcufinder\plugins\mcufinder//mcu/
2024-06-27 16:44:04,507 [WARN] DbFile:41 - Overriding database path with different value: C:\Users\rpalma\.stmcufinder\plugins\mcufinder/ => C:\Users\rpalma\.stmcufinder\plugins\mcufinder
2024-06-27 16:44:04,508 [WARN] DbFile:41 - Overriding database path with different value: C:\Users\rpalma\.stmcufinder\plugins\mcufinder/ => C:\Users\rpalma\.stmcufinder\plugins\mcufinder
2024-06-27 16:44:04,508 [INFO] CrossReferenceDbSqlite:203 - Set database path to: C:\Users\rpalma\.stmcufinder\plugins\mcufinder//mcu/cs/
2024-06-27 16:44:07,758 [INFO] MainPanel:264 - HeapMemory: 268435456
2024-06-27 16:44:07,957 [INFO] DbMcusXml:78 - Set database path to: C:\ST\STM32CubeIDE_1.13.0\STM32CubeIDE\plugins\com.st.stm32cube.common.mx_6.11.1.202404110753\\db\/mcu/
2024-06-27 16:44:07,958 [INFO] ApiDb:274 - Set plugin database path to: C:\ST\STM32CubeIDE_1.13.0\STM32CubeIDE\plugins\com.st.stm32cube.common.mx_6.11.1.202404110753\\db\/plugins/boardmanager/
2024-06-27 16:44:07,958 [INFO] ApiDb:261 - Set plugin images path to: C:\ST\STM32CubeIDE_1.13.0\STM32CubeIDE\plugins\com.st.stm32cube.common.mx_6.11.1.202404110753\\db\/plugins/mcufinder/images/
2024-06-27 16:44:07,959 [WARN] DbFile:41 - Overriding database path with different value: C:\Users\rpalma\.stmcufinder\plugins\mcufinder/ => C:\Users\rpalma\.stmcufinder\plugins\mcufinder
2024-06-27 16:44:07,959 [INFO] ApiDb:250 - Set database path to: C:\Users\rpalma\.stmcufinder\plugins\mcufinder//mcu/
2024-06-27 16:44:07,959 [WARN] DbFile:41 - Overriding database path with different value: C:\Users\rpalma\.stmcufinder\plugins\mcufinder/ => C:\Users\rpalma\.stmcufinder\plugins\mcufinder
2024-06-27 16:44:07,959 [INFO] DbMcusAds:125 - Set database path to: C:\Users\rpalma\.stmcufinder\plugins\mcufinder//mcu/
2024-06-27 16:44:07,959 [WARN] DbFile:41 - Overriding database path with different value: C:\Users\rpalma\.stmcufinder\plugins\mcufinder/ => C:\Users\rpalma\.stmcufinder\plugins\mcufinder
2024-06-27 16:44:07,960 [WARN] DbFile:41 - Overriding database path with different value: C:\Users\rpalma\.stmcufinder\plugins\mcufinder/ => C:\Users\rpalma\.stmcufinder\plugins\mcufinder
2024-06-27 16:44:07,960 [INFO] CrossReferenceDbSqlite:203 - Set database path to: C:\Users\rpalma\.stmcufinder\plugins\mcufinder//mcu/cs/
2024-06-27 16:44:08,004 [INFO] ApplicationProperties:184 - Using Application install path: C:\ST\STM32CubeIDE_1.13.0\STM32CubeIDE\plugins\com.st.stm32cube.common.mx_6.11.1.202404110753
2024-06-27 16:44:08,007 [INFO] PluginManage:196 - Search for loadable plugins [exclusion list=, ]
2024-06-27 16:44:08,011 [INFO] PluginManage:310 - Check plugin analytics
2024-06-27 16:44:08,676 [INFO] AnalyticsPlugin:253 - Accepted Software Licenses: 
2024-06-27 16:44:08,677 [INFO] AnalyticsPlugin:255 - Accepted CMSIS Pack Licenses: 
2024-06-27 16:44:08,677 [INFO] AnalyticsPlugin:257 - Accepted Firmware Licenses: FW.F4.1.27.0
2024-06-27 16:44:08,682 [INFO] PluginManage:359 - Loaded plugin analytics (category:tool,tabindex:-1)
2024-06-27 16:44:08,682 [INFO] PluginManage:310 - Check plugin cadmodel
2024-06-27 16:44:08,842 [INFO] CADModel:105 - Init CAD model plugin
2024-06-27 16:44:08,842 [INFO] PluginManage:359 - Loaded plugin cadmodel (category:power,tabindex:5)
2024-06-27 16:44:08,842 [INFO] PluginManage:310 - Check plugin clock
2024-06-27 16:44:08,865 [INFO] PluginManage:359 - Loaded plugin clock (category:base,tabindex:2)
2024-06-27 16:44:08,865 [INFO] PluginManage:310 - Check plugin ddr
2024-06-27 16:44:08,870 [INFO] PluginManage:359 - Loaded plugin ddr (category:tool,tabindex:6)
2024-06-27 16:44:08,870 [INFO] PluginManage:310 - Check plugin filemanager
2024-06-27 16:44:09,154 [INFO] PluginManage:359 - Loaded plugin filemanager (category:base,tabindex:10)
2024-06-27 16:44:09,154 [INFO] PluginManage:310 - Check plugin ipmanager
2024-06-27 16:44:09,173 [INFO] PluginManage:359 - Loaded plugin ipmanager (category:base,tabindex:5)
2024-06-27 16:44:09,173 [INFO] PluginManage:310 - Check plugin lpbam
2024-06-27 16:44:09,196 [INFO] PluginManage:359 - Loaded plugin lpbam (category:base,tabindex:0)
2024-06-27 16:44:09,197 [INFO] PluginManage:310 - Check plugin memorymap
2024-06-27 16:44:09,228 [INFO] PluginManage:359 - Loaded plugin memorymap (category:base,tabindex:4)
2024-06-27 16:44:09,229 [INFO] PluginManage:310 - Check plugin pinoutandconfiguration
2024-06-27 16:44:09,253 [INFO] PluginManage:359 - Loaded plugin pinoutandconfiguration (category:base,tabindex:1)
2024-06-27 16:44:09,253 [INFO] PluginManage:310 - Check plugin pinoutconfig
2024-06-27 16:44:09,501 [WARN] SupportedApi:132 - Cannot load RTOS API schema: s4s-elt-must-match.1: The content of 'definitions' must match (annotation?, (simpleType | complexType)?, (unique | key | keyref)*)). A problem was found starting at: attribute.
2024-06-27 16:44:09,830 [INFO] PluginManage:359 - Loaded plugin pinoutconfig (category:base,tabindex:0)
2024-06-27 16:44:09,830 [INFO] PluginManage:310 - Check plugin power
2024-06-27 16:44:09,862 [INFO] PluginManage:359 - Loaded plugin power (category:power,tabindex:4)
2024-06-27 16:44:09,863 [INFO] PluginManage:310 - Check plugin projectmanager
2024-06-27 16:44:09,915 [INFO] PluginManage:359 - Loaded plugin projectmanager (category:projectmanager,tabindex:3)
2024-06-27 16:44:09,916 [INFO] PluginManage:310 - Check plugin thirdparty
2024-06-27 16:44:10,351 [INFO] PluginManage:359 - Loaded plugin thirdparty (category:base,tabindex:-1)
2024-06-27 16:44:10,351 [WARN] IntegrityCheckThread:84 - waiting for thirdparty lock release [integrity check]
2024-06-27 16:44:10,352 [INFO] IntegrityCheckThread:86 - entering critical section [integrity check]
2024-06-27 16:44:10,352 [INFO] PluginManage:310 - Check plugin tools
2024-06-27 16:44:10,353 [INFO] ThirdPartyUpdaterWithRetryManager:70 - Updater plugin not ready yet. [1/15]
2024-06-27 16:44:10,359 [INFO] PluginManage:359 - Loaded plugin tools (category:base,tabindex:7)
2024-06-27 16:44:10,359 [INFO] PluginManage:310 - Check plugin tutovideos
2024-06-27 16:44:10,744 [INFO] PluginManage:359 - Loaded plugin tutovideos (category:base,tabindex:-1)
2024-06-27 16:44:10,745 [INFO] PluginManage:310 - Check plugin updater
2024-06-27 16:44:10,765 [INFO] PluginManage:359 - Loaded plugin updater (category:base,tabindex:12)
2024-06-27 16:44:10,766 [INFO] PluginManage:310 - Check plugin userauth
2024-06-27 16:44:10,775 [INFO] UserAuth:114 - Init User Auth plugin
2024-06-27 16:44:10,776 [INFO] PluginManage:359 - Loaded plugin userauth (category:base,tabindex:14)
2024-06-27 16:44:10,777 [INFO] PluginManage:283 - PluginManage : Loaded plugins [17]
2024-06-27 16:44:11,405 [INFO] PinOutPanel:1561 - setPackage(No Configuration,No Configuration)
2024-06-27 16:44:11,702 [INFO] CADModel:165 - CPN selected for project level
2024-06-27 16:44:11,702 [INFO] CADModel:114 - Register for checkConnection events
2024-06-27 16:44:11,738 [INFO] IPUIPlugin:80 - create IPUIPlugin
2024-06-27 16:44:11,738 [INFO] PluginManager:220 - loadIPPluginJar : add adc
2024-06-27 16:44:11,745 [INFO] IPUIPlugin:80 - create IPUIPlugin
2024-06-27 16:44:11,745 [INFO] PluginManager:220 - loadIPPluginJar : add aes
2024-06-27 16:44:11,752 [INFO] IPUIPlugin:80 - create IPUIPlugin
2024-06-27 16:44:11,752 [INFO] PluginManager:220 - loadIPPluginJar : add can
2024-06-27 16:44:11,757 [INFO] IPUIPlugin:80 - create IPUIPlugin
2024-06-27 16:44:11,757 [INFO] PluginManager:220 - loadIPPluginJar : add comp
2024-06-27 16:44:11,764 [INFO] IPUIPlugin:80 - create IPUIPlugin
2024-06-27 16:44:11,764 [INFO] PluginManager:220 - loadIPPluginJar : add cryp
2024-06-27 16:44:11,771 [INFO] IPUIPlugin:80 - create IPUIPlugin
2024-06-27 16:44:11,771 [INFO] PluginManager:220 - loadIPPluginJar : add dfsdm
2024-06-27 16:44:11,783 [INFO] IPUIPlugin:80 - create IPUIPlugin
2024-06-27 16:44:11,784 [INFO] PluginManager:220 - loadIPPluginJar : add dma
2024-06-27 16:44:11,791 [INFO] IPUIPlugin:80 - create IPUIPlugin
2024-06-27 16:44:11,791 [INFO] PluginManager:220 - loadIPPluginJar : add dma3
2024-06-27 16:44:11,798 [INFO] IPUIPlugin:80 - create IPUIPlugin
2024-06-27 16:44:11,798 [INFO] PluginManager:220 - loadIPPluginJar : add extmemmanager
2024-06-27 16:44:11,802 [INFO] IPUIPlugin:80 - create IPUIPlugin
2024-06-27 16:44:11,803 [INFO] PluginManager:220 - loadIPPluginJar : add fatfs
2024-06-27 16:44:11,812 [INFO] IPUIPlugin:80 - create IPUIPlugin
2024-06-27 16:44:11,812 [INFO] PluginManager:220 - loadIPPluginJar : add fmc
2024-06-27 16:44:11,824 [INFO] IPUIPlugin:80 - create IPUIPlugin
2024-06-27 16:44:11,824 [INFO] PluginManager:220 - loadIPPluginJar : add freertos
2024-06-27 16:44:11,828 [INFO] IPUIPlugin:80 - create IPUIPlugin
2024-06-27 16:44:11,829 [INFO] PluginManager:220 - loadIPPluginJar : add genericplugin
2024-06-27 16:44:11,835 [INFO] IPUIPlugin:80 - create IPUIPlugin
2024-06-27 16:44:11,835 [INFO] PluginManager:220 - loadIPPluginJar : add gfxmmu
2024-06-27 16:44:11,846 [INFO] IPUIPlugin:80 - create IPUIPlugin
2024-06-27 16:44:11,846 [INFO] PluginManager:220 - loadIPPluginJar : add gic
2024-06-27 16:44:11,855 [INFO] IPUIPlugin:80 - create IPUIPlugin
2024-06-27 16:44:11,856 [INFO] PluginManager:220 - loadIPPluginJar : add gpio
2024-06-27 16:44:11,876 [INFO] IPUIPlugin:80 - create IPUIPlugin
2024-06-27 16:44:11,876 [INFO] PluginManager:220 - loadIPPluginJar : add gtzc
2024-06-27 16:44:11,882 [INFO] IPUIPlugin:80 - create IPUIPlugin
2024-06-27 16:44:11,882 [INFO] PluginManager:220 - loadIPPluginJar : add hash
2024-06-27 16:44:11,889 [INFO] IPUIPlugin:80 - create IPUIPlugin
2024-06-27 16:44:11,890 [INFO] PluginManager:220 - loadIPPluginJar : add i2c
2024-06-27 16:44:11,897 [INFO] IPUIPlugin:80 - create IPUIPlugin
2024-06-27 16:44:11,897 [INFO] PluginManager:220 - loadIPPluginJar : add i2s
2024-06-27 16:44:11,904 [INFO] IPUIPlugin:80 - create IPUIPlugin
2024-06-27 16:44:11,905 [INFO] PluginManager:220 - loadIPPluginJar : add i3c
2024-06-27 16:44:11,913 [INFO] IPUIPlugin:80 - create IPUIPlugin
2024-06-27 16:44:11,913 [INFO] PluginManager:220 - loadIPPluginJar : add ipddr
2024-06-27 16:44:11,928 [INFO] IPUIPlugin:80 - create IPUIPlugin
2024-06-27 16:44:11,928 [INFO] PluginManager:220 - loadIPPluginJar : add linkedlist
2024-06-27 16:44:11,935 [INFO] IPUIPlugin:80 - create IPUIPlugin
2024-06-27 16:44:11,935 [INFO] PluginManager:220 - loadIPPluginJar : add lorawan
2024-06-27 16:44:11,939 [INFO] IPUIPlugin:80 - create IPUIPlugin
2024-06-27 16:44:11,939 [INFO] PluginManager:220 - loadIPPluginJar : add ltdc
2024-06-27 16:44:11,952 [INFO] IPUIPlugin:80 - create IPUIPlugin
2024-06-27 16:44:11,952 [INFO] PluginManager:220 - loadIPPluginJar : add mdma
2024-06-27 16:44:11,964 [INFO] IPUIPlugin:80 - create IPUIPlugin
2024-06-27 16:44:11,965 [INFO] PluginManager:220 - loadIPPluginJar : add nvic
2024-06-27 16:44:11,972 [INFO] IPUIPlugin:80 - create IPUIPlugin
2024-06-27 16:44:11,972 [INFO] PluginManager:220 - loadIPPluginJar : add opamp
2024-06-27 16:44:11,979 [INFO] IPUIPlugin:80 - create IPUIPlugin
2024-06-27 16:44:11,980 [INFO] PluginManager:220 - loadIPPluginJar : add openamp
2024-06-27 16:44:11,987 [INFO] IPUIPlugin:80 - create IPUIPlugin
2024-06-27 16:44:11,987 [INFO] PluginManager:220 - loadIPPluginJar : add pdm2pcm
2024-06-27 16:44:12,000 [INFO] IPUIPlugin:80 - create IPUIPlugin
2024-06-27 16:44:12,006 [INFO] PluginManager:220 - loadIPPluginJar : add plateformsettings
2024-06-27 16:44:12,031 [INFO] IPUIPlugin:80 - create IPUIPlugin
2024-06-27 16:44:12,031 [INFO] PluginManager:220 - loadIPPluginJar : add quadspi
2024-06-27 16:44:12,039 [INFO] IPUIPlugin:80 - create IPUIPlugin
2024-06-27 16:44:12,040 [INFO] PluginManager:220 - loadIPPluginJar : add resmgrutility
2024-06-27 16:44:12,046 [INFO] IPUIPlugin:80 - create IPUIPlugin
2024-06-27 16:44:12,047 [INFO] PluginManager:220 - loadIPPluginJar : add sai
2024-06-27 16:44:12,054 [INFO] IPUIPlugin:80 - create IPUIPlugin
2024-06-27 16:44:12,054 [INFO] PluginManager:220 - loadIPPluginJar : add spi
2024-06-27 16:44:12,065 [INFO] IPUIPlugin:80 - create IPUIPlugin
2024-06-27 16:44:12,065 [INFO] PluginManager:220 - loadIPPluginJar : add stm32_wpan
2024-06-27 16:44:12,092 [INFO] IPUIPlugin:80 - create IPUIPlugin
2024-06-27 16:44:12,092 [INFO] PluginManager:220 - loadIPPluginJar : add tim
2024-06-27 16:44:12,100 [INFO] IPUIPlugin:80 - create IPUIPlugin
2024-06-27 16:44:12,100 [INFO] PluginManager:220 - loadIPPluginJar : add touchsensing
2024-06-27 16:44:12,107 [INFO] IPUIPlugin:80 - create IPUIPlugin
2024-06-27 16:44:12,107 [INFO] PluginManager:220 - loadIPPluginJar : add tracer_emb
2024-06-27 16:44:12,113 [INFO] IPUIPlugin:80 - create IPUIPlugin
2024-06-27 16:44:12,113 [INFO] PluginManager:220 - loadIPPluginJar : add ts
2024-06-27 16:44:12,120 [INFO] IPUIPlugin:80 - create IPUIPlugin
2024-06-27 16:44:12,120 [INFO] PluginManager:220 - loadIPPluginJar : add tsc
2024-06-27 16:44:12,133 [INFO] IPUIPlugin:80 - create IPUIPlugin
2024-06-27 16:44:12,133 [INFO] PluginManager:220 - loadIPPluginJar : add ucpd
2024-06-27 16:44:12,159 [INFO] IPUIPlugin:80 - create IPUIPlugin
2024-06-27 16:44:12,159 [INFO] PluginManager:220 - loadIPPluginJar : add usart
2024-06-27 16:44:12,198 [INFO] IPUIPlugin:80 - create IPUIPlugin
2024-06-27 16:44:12,198 [INFO] PluginManager:220 - loadIPPluginJar : add usbx
2024-06-27 16:44:13,345 [INFO] ThirdPartyUpdaterWithRetryManager:70 - Updater plugin not ready yet. [2/15]
2024-06-27 16:44:15,383 [INFO] CADModel:165 - CPN selected for project level
2024-06-27 16:44:15,383 [INFO] CADModel:114 - Register for checkConnection events
2024-06-27 16:44:15,384 [FATAL] Updater:308 - Updater called before beeing initialized
2024-06-27 16:44:15,384 [ERROR] CADModel:125 - Updater not yet initialized, retry later 
2024-06-27 16:44:15,716 [INFO] CADModel:165 - CPN selected for project level
2024-06-27 16:44:15,717 [INFO] CADModel:114 - Register for checkConnection events
2024-06-27 16:44:15,717 [FATAL] Updater:308 - Updater called before beeing initialized
2024-06-27 16:44:15,717 [ERROR] CADModel:125 - Updater not yet initialized, retry later 
2024-06-27 16:44:15,723 [FATAL] Updater:308 - Updater called before beeing initialized
2024-06-27 16:44:16,259 [FATAL] Updater:308 - Updater called before beeing initialized
2024-06-27 16:44:16,270 [INFO] DbMcusAds:53 - JSON generation date=Thu May 16 03:22:01 CST 2024 (1715851321109)
2024-06-27 16:44:16,270 [FATAL] Updater:308 - Updater called before beeing initialized
2024-06-27 16:44:16,337 [INFO] ThirdPartyUpdaterWithRetryManager:70 - Updater plugin not ready yet. [3/15]
2024-06-27 16:44:16,452 [WARN] DetailPanel:346 - Failed to get advertising image, set to default
2024-06-27 16:44:16,644 [FATAL] Updater:308 - Updater called before beeing initialized
2024-06-27 16:44:16,647 [FATAL] Updater:308 - Updater called before beeing initialized
2024-06-27 16:44:16,648 [FATAL] Updater:308 - Updater called before beeing initialized
2024-06-27 16:44:16,648 [WARN] DetailPanel:346 - Failed to get advertising image, set to default
2024-06-27 16:44:16,649 [FATAL] Updater:308 - Updater called before beeing initialized
2024-06-27 16:44:16,932 [ERROR] Updater:1120 - MainUpdater not yet initialized. External WinMGr cannot be set.
2024-06-27 16:44:16,937 [INFO] Updater:1056 - Updater Version found : 6.11.1
2024-06-27 16:44:16,980 [INFO] ApplicationProperties:184 - Using Application install path: C:\ST\STM32CubeIDE_1.13.0\STM32CubeIDE\plugins\com.st.stm32cube.common.mx_6.11.1.202404110753
2024-06-27 16:44:18,570 [ERROR] LogOutputStream:75 - [STDERR_REDIRECT] Jun 27, 2024 4:44:18 PM java.util.prefs.WindowsPreferences <init>
2024-06-27 16:44:18,573 [ERROR] LogOutputStream:75 - [STDERR_REDIRECT] WARNING: Could not open/create prefs root node Software\JavaSoft\Prefs at root 0xffffffff80000002. Windows RegCreateKeyEx(...) returned error code 5.
2024-06-27 16:44:18,574 [ERROR] LogOutputStream:75 - [STDERR_REDIRECT] 
2024-06-27 16:44:19,050 [INFO] MainUpdater:2873 - connection check result : 22
2024-06-27 16:44:19,051 [INFO] MainUpdater:290 - Updater Check For Update Now.
2024-06-27 16:44:19,051 [INFO] MicroXplorer:498 - Change Database Version : DB.6.0.111
2024-06-27 16:44:19,109 [INFO] McuFinderGlobals:63 - Set McuFinder mode to 2 (CubeIDE integrated)
2024-06-27 16:44:19,126 [INFO] UserAuth:415 - Internet connection configuration mode: 2
2024-06-27 16:44:19,328 [WARN] MainUpdater:1194 - Updater busy. Cannot search thirdparties
2024-06-27 16:44:19,328 [INFO] ThirdPartyUpdaterWithRetryManager:96 - Updater plugin is busy. [1/15]
2024-06-27 16:44:19,604 [INFO] CheckServerUpdateThread:120 - End of CheckServer Thread
2024-06-27 16:44:23,007 [WARN] PackLoader:240 - Cannot read IP mode file for STMicroelectronics.FP-SNS-MOTENVWB1.1.4.0
2024-06-27 16:44:23,047 [WARN] PackLoader:240 - Cannot read IP mode file for STMicroelectronics.X-CUBE-SMBUS.2.1.0
2024-06-27 16:44:23,061 [WARN] PackLoader:240 - Cannot read IP mode file for STMicroelectronics.X-CUBE-TOUCHGFX.4.23.0
2024-06-27 16:44:23,068 [WARN] PackLoader:240 - Cannot read IP mode file for STMicroelectronics.X-CUBE-TOUCHGFX.4.23.2
2024-06-27 16:44:23,144 [WARN] PackLoader:240 - Cannot read IP mode file for STMicroelectronics.X-CUBE-AZRTOS-F7.1.1.0
2024-06-27 16:44:23,192 [WARN] PackLoader:240 - Cannot read IP mode file for STMicroelectronics.FP-SNS-MOTENV1.4.3.2
2024-06-27 16:44:23,242 [WARN] PackLoader:240 - Cannot read IP mode file for STMicroelectronics.X-CUBE-BLE1.6.2.4
2024-06-27 16:44:23,253 [WARN] PackLoader:240 - Cannot read IP mode file for STMicroelectronics.FP-SNS-FLIGHT1.5.0.2
2024-06-27 16:44:23,272 [WARN] PackLoader:240 - Cannot read IP mode file for STMicroelectronics.X-CUBE-DISPLAY.3.0.0
2024-06-27 16:44:23,292 [WARN] PackLoader:240 - Cannot read IP mode file for STMicroelectronics.X-CUBE-BLE1.7.0.0
2024-06-27 16:44:23,345 [WARN] PackLoader:240 - Cannot read IP mode file for emotas.I-CUBE-CANOPEN.1.3.0
2024-06-27 16:44:23,365 [WARN] PackLoader:240 - Cannot read IP mode file for STMicroelectronics.X-CUBE-TOUCHGFX.4.22.0
2024-06-27 16:44:23,386 [WARN] PackLoader:240 - Cannot read IP mode file for STMicroelectronics.X-CUBE-BLEMGR.3.1.0
2024-06-27 16:44:23,433 [WARN] PackLoader:240 - Cannot read IP mode file for STMicroelectronics.FP-SNS-SMARTAG2.1.2.0
2024-06-27 16:44:23,454 [INFO] LogOutputStream:77 - [STDOUT_REDIRECT] 1 : Invalid condition id : UX_CORESTACK_Condition cause : null
2024-06-27 16:44:23,454 [INFO] LogOutputStream:77 - [STDOUT_REDIRECT] 1 : Invalid condition id : UX_CORESTACK_Condition cause : null
2024-06-27 16:44:23,457 [INFO] LogOutputStream:77 - [STDOUT_REDIRECT] 1 : Invalid condition id : UX_CORESTACK_Condition cause : null
2024-06-27 16:44:23,459 [INFO] LogOutputStream:77 - [STDOUT_REDIRECT] 1 : Invalid condition id : UX_CORESTACK_Condition cause : null
2024-06-27 16:44:23,461 [INFO] LogOutputStream:77 - [STDOUT_REDIRECT] 1 : Invalid condition id : UX_CORESTACK_Condition cause : null
2024-06-27 16:44:23,466 [WARN] PackLoader:240 - Cannot read IP mode file for STMicroelectronics.X-CUBE-AZRTOS-WL.2.0.0
2024-06-27 16:44:23,524 [WARN] PackLoader:240 - Cannot read IP mode file for STMicroelectronics.FP-SNS-MOTENV1.5.0.0
2024-06-27 16:44:23,537 [WARN] PackLoader:240 - Cannot read IP mode file for wolfSSL.I-CUBE-wolfMQTT.1.19.0
2024-06-27 16:44:23,556 [WARN] PackLoader:240 - Cannot read IP mode file for WES.I-CUBE-Cesium.1.3.0
2024-06-27 16:44:23,567 [WARN] PackLoader:240 - Cannot read IP mode file for STMicroelectronics.X-CUBE-BLE2.3.3.0
2024-06-27 16:44:23,585 [WARN] PackLoader:240 - Cannot read IP mode file for STMicroelectronics.X-CUBE-TCPP.4.1.0
2024-06-27 16:44:23,600 [WARN] PackLoader:240 - Cannot read IP mode file for STMicroelectronics.X-CUBE-ALGOBUILD.1.3.0
2024-06-27 16:44:23,631 [WARN] PackLoader:240 - Cannot read IP mode file for STMicroelectronics.X-CUBE-AZRTOS-G0.1.1.0
2024-06-27 16:44:23,658 [WARN] PackLoader:240 - Cannot read IP mode file for STMicroelectronics.X-CUBE-SAFEA1.1.2.2
2024-06-27 16:44:23,689 [WARN] PackLoader:240 - Cannot read IP mode file for STMicroelectronics.X-CUBE-NFC4.3.0.0
2024-06-27 16:44:23,717 [WARN] PackLoader:240 - Cannot read IP mode file for wolfSSL.I-CUBE-wolfMQTT.1.18.0
2024-06-27 16:44:23,732 [WARN] PackLoader:240 - Cannot read IP mode file for STMicroelectronics.X-CUBE-BLEMGR.3.0.0
2024-06-27 16:44:23,749 [WARN] PackLoader:240 - Cannot read IP mode file for STMicroelectronics.FP-ATR-SIGFOX1.3.2.0
2024-06-27 16:44:23,762 [WARN] PackLoader:240 - Cannot read IP mode file for STMicroelectronics.X-CUBE-EEPRMA1.5.1.0
2024-06-27 16:44:23,858 [WARN] PackLoader:240 - Cannot read IP mode file for SEGGER.I-CUBE-embOS.1.3.1
2024-06-27 16:44:24,048 [WARN] PackLoader:240 - Cannot read IP mode file for STMicroelectronics.X-CUBE-ALGOBUILD.1.4.0
2024-06-27 16:44:24,061 [WARN] PackLoader:240 - Cannot read IP mode file for STMicroelectronics.X-CUBE-GNSS1.6.0.0
2024-06-27 16:44:24,197 [WARN] PackLoader:240 - Cannot read IP mode file for STMicroelectronics.X-CUBE-AZRTOS-F4.1.1.0
2024-06-27 16:44:24,260 [WARN] PackLoader:240 - Cannot read IP mode file for wolfSSL.I-CUBE-wolfSSL.5.6.3
2024-06-27 16:44:24,270 [WARN] PackLoader:240 - Cannot read IP mode file for STMicroelectronics.X-CUBE-FREERTOS.1.2.0
2024-06-27 16:44:24,379 [WARN] PackLoader:240 - Cannot read IP mode file for STMicroelectronics.X-CUBE-AZRTOS-L5.2.0.0
2024-06-27 16:44:24,540 [WARN] PackLoader:240 - Cannot read IP mode file for STMicroelectronics.X-CUBE-MEMS1.9.6.0
2024-06-27 16:44:25,219 [WARN] PackLoader:240 - Cannot read IP mode file for STMicroelectronics.X-CUBE-EEPRMA1.4.2.0
2024-06-27 16:44:25,304 [WARN] PackLoader:240 - Cannot read IP mode file for STMicroelectronics.X-CUBE-NFC6.3.1.0
2024-06-27 16:44:25,389 [WARN] PackLoader:240 - Cannot read IP mode file for ITTIA_DB.I-CUBE-ITTIADB.8.8.0
2024-06-27 16:44:25,476 [WARN] PackLoader:240 - Cannot read IP mode file for STMicroelectronics.X-CUBE-BLEMGR.2.0.0
2024-06-27 16:44:25,569 [WARN] PackLoader:240 - Cannot read IP mode file for STMicroelectronics.X-CUBE-AI.9.0.0
2024-06-27 16:44:25,685 [WARN] ConditionMgr:438 - getConditionDescription Invalid condition id : UX DEVICE CLASS RTOS Condition cause : null
2024-06-27 16:44:25,686 [WARN] ConditionMgr:438 - getConditionDescription Invalid condition id : UX DEVICE CLASS RTOS Condition cause : null
2024-06-27 16:44:25,691 [WARN] PackLoader:240 - Cannot read IP mode file for STMicroelectronics.X-CUBE-AZRTOS-H7.3.1.0
2024-06-27 16:44:25,718 [WARN] ConditionMgr:1039 - genDependencies : Invalid condition id : UX DEVICE CLASS RTOS Condition cause : null
2024-06-27 16:44:25,718 [WARN] ConditionMgr:1039 - genDependencies : Invalid condition id : UX DEVICE CLASS RTOS Condition cause : null
2024-06-27 16:44:25,719 [WARN] ConditionMgr:1039 - genDependencies : Invalid condition id : UX DEVICE CLASS RTOS Condition cause : null
2024-06-27 16:44:25,722 [WARN] ConditionMgr:1039 - genDependencies : Invalid condition id : UX DEVICE CLASS RTOS Condition cause : null
2024-06-27 16:44:25,722 [WARN] ConditionMgr:1039 - genDependencies : Invalid condition id : UX DEVICE CLASS RTOS Condition cause : null
2024-06-27 16:44:25,839 [WARN] PackLoader:240 - Cannot read IP mode file for STMicroelectronics.X-CUBE-NFC7.1.0.1
2024-06-27 16:44:25,942 [WARN] PackLoader:240 - Cannot read IP mode file for STMicroelectronics.X-CUBE-NFC6.3.0.0
2024-06-27 16:44:26,070 [WARN] PackLoader:240 - Cannot read IP mode file for STMicroelectronics.X-CUBE-EEPRMA1.4.1.0
2024-06-27 16:44:26,285 [WARN] PackLoader:240 - Cannot read IP mode file for STMicroelectronics.X-CUBE-AI.8.1.0
2024-06-27 16:44:26,455 [WARN] ConditionMgr:438 - getConditionDescription Invalid condition id : LAN8742 Phy interface Condition cause : null
2024-06-27 16:44:26,458 [WARN] PackLoader:240 - Cannot read IP mode file for STMicroelectronics.X-CUBE-AZRTOS-L4.2.0.0
2024-06-27 16:44:26,460 [WARN] ConditionMgr:1039 - genDependencies : Invalid condition id : LAN8742 Phy interface Condition cause : null
2024-06-27 16:44:26,460 [WARN] ConditionMgr:1039 - genDependencies : Invalid condition id : LAN8742 Phy interface Condition cause : null
2024-06-27 16:44:26,614 [WARN] ConditionMgr:1039 - genDependencies : Invalid condition id : LAN8742 Phy interface Condition cause : null
2024-06-27 16:44:26,800 [WARN] PackLoader:240 - Cannot read IP mode file for STMicroelectronics.X-CUBE-SFXS2LP1.4.0.0
2024-06-27 16:44:27,000 [WARN] PackLoader:240 - Cannot read IP mode file for STMicroelectronics.X-CUBE-ISPU.1.1.0
2024-06-27 16:44:27,123 [WARN] ConditionMgr:438 - getConditionDescription Invalid condition id : UX DEVICE CLASS RTOS Condition cause : null
2024-06-27 16:44:27,124 [WARN] ConditionMgr:438 - getConditionDescription Invalid condition id : UX DEVICE CLASS RTOS Condition cause : null
2024-06-27 16:44:27,136 [WARN] PackLoader:240 - Cannot read IP mode file for STMicroelectronics.X-CUBE-AZRTOS-WB.2.0.0
2024-06-27 16:44:27,139 [WARN] ConditionMgr:1039 - genDependencies : Invalid condition id : UX DEVICE CLASS RTOS Condition cause : null
2024-06-27 16:44:27,139 [WARN] ConditionMgr:1039 - genDependencies : Invalid condition id : UX DEVICE CLASS RTOS Condition cause : null
2024-06-27 16:44:27,143 [WARN] ConditionMgr:1039 - genDependencies : Invalid condition id : UX DEVICE CLASS RTOS Condition cause : null
2024-06-27 16:44:27,143 [WARN] ConditionMgr:1039 - genDependencies : Invalid condition id : UX DEVICE CLASS RTOS Condition cause : null
2024-06-27 16:44:27,144 [WARN] ConditionMgr:1039 - genDependencies : Invalid condition id : UX DEVICE CLASS RTOS Condition cause : null
2024-06-27 16:44:27,289 [WARN] PackLoader:240 - Cannot read IP mode file for STMicroelectronics.X-CUBE-FREERTOS.1.0.1
2024-06-27 16:44:27,395 [WARN] PackLoader:240 - Cannot read IP mode file for STMicroelectronics.X-CUBE-AZRTOS-L5.1.1.0
2024-06-27 16:44:27,525 [WARN] PackLoader:240 - Cannot read IP mode file for STMicroelectronics.X-CUBE-AI.8.0.1
2024-06-27 16:44:27,591 [WARN] PackLoader:240 - Cannot read IP mode file for STMicroelectronics.X-CUBE-SUBG2.5.0.0
2024-06-27 16:44:27,846 [WARN] PackLoader:240 - Cannot read IP mode file for Cesanta.I-CUBE-Mongoose.7.13.0
2024-06-27 16:44:27,933 [WARN] PackLoader:240 - Cannot read IP mode file for STMicroelectronics.X-CUBE-TOF1.3.3.1
2024-06-27 16:44:28,109 [WARN] PackLoader:240 - Cannot read IP mode file for STMicroelectronics.X-CUBE-AZRTOS-G4.2.0.0
2024-06-27 16:44:28,195 [WARN] PackLoader:240 - Cannot read IP mode file for Infineon.AIROC-Wi-Fi-Bluetooth-STM32.1.5.1
2024-06-27 16:44:28,289 [WARN] PackLoader:240 - Cannot read IP mode file for STMicroelectronics.FP-SNS-MOTENVWB1.1.3.1
2024-06-27 16:44:28,345 [WARN] PackLoader:240 - Cannot read IP mode file for STMicroelectronics.X-CUBE-ISPU.2.0.0
2024-06-27 16:44:28,381 [WARN] PackLoader:240 - Cannot read IP mode file for STMicroelectronics.X-CUBE-ALS.1.0.2
2024-06-27 16:44:28,620 [WARN] PackLoader:240 - Cannot read IP mode file for STMicroelectronics.X-CUBE-MEMS1.10.0.0
2024-06-27 16:44:29,571 [WARN] PackLoader:240 - Cannot read IP mode file for STMicroelectronics.X-CUBE-FREERTOS.1.1.0
2024-06-27 16:44:29,774 [WARN] PackLoader:240 - Cannot read IP mode file for STMicroelectronics.X-CUBE-TOUCHGFX.4.24.0
2024-06-27 16:44:29,895 [WARN] PackLoader:240 - Cannot read IP mode file for portGmbH.I-Cube-SoM-uGOAL.1.1.0
2024-06-27 16:44:30,021 [WARN] PackLoader:240 - Cannot read IP mode file for STMicroelectronics.X-CUBE-ALS.1.0.1
2024-06-27 16:44:30,203 [WARN] PackLoader:240 - Cannot read IP mode file for STMicroelectronics.X-CUBE-AZRTOS-WB.1.1.0
2024-06-27 16:44:30,350 [WARN] PackLoader:240 - Cannot read IP mode file for STMicroelectronics.X-CUBE-AZRTOS-H7RS.1.0.0
2024-06-27 16:44:30,390 [WARN] PackLoader:240 - Cannot read IP mode file for STMicroelectronics.FP-ATR-ASTRA1.2.0.0
2024-06-27 16:44:30,408 [WARN] PackLoader:240 - Cannot read IP mode file for STMicroelectronics.X-CUBE-TOF1.3.4.0
2024-06-27 16:44:30,555 [WARN] PackLoader:240 - Cannot read IP mode file for STMicroelectronics.X-CUBE-TOF1.3.4.1
2024-06-27 16:44:30,803 [WARN] PackLoader:240 - Cannot read IP mode file for STMicroelectronics.X-CUBE-AZRTOS-H7.3.2.0
2024-06-27 16:44:30,810 [INFO] ThirdParty:978 - Integrity check success = true
2024-06-27 16:44:30,811 [INFO] IntegrityCheckThread:100 - exiting critical section [integrity check]
2024-06-27 16:44:30,811 [INFO] IntegrityCheckThread:103 - End integrity checks thread
2024-06-27 18:05:53,097 [ERROR] LogOutputStream:75 - [STDERR_REDIRECT] 
2024-06-27 18:50:40,240 [INFO] Activator:176 - 


2024-06-27 18:50:40,244 [INFO] Activator:177 - !SESSION log4j initialized
2024-06-27 18:50:57,229 [INFO] LogOutputStream:77 - [STDOUT_REDIRECT] 
2024-06-27 18:51:14,375 [INFO] ApplicationProperties:184 - Using Application install path: C:\ST\STM32CubeIDE_1.13.0\STM32CubeIDE\plugins\com.st.stm32cube.common.mx_6.11.1.202404110753
2024-06-27 18:51:14,405 [INFO] DbMcusXml:78 - Set database path to: C:\ST\STM32CubeIDE_1.13.0\STM32CubeIDE\plugins\com.st.stm32cube.common.mx_6.11.1.202404110753\\db\/mcu/
2024-06-27 18:51:14,406 [INFO] ApiDb:274 - Set plugin database path to: C:\ST\STM32CubeIDE_1.13.0\STM32CubeIDE\plugins\com.st.stm32cube.common.mx_6.11.1.202404110753\\db\/plugins/boardmanager/
2024-06-27 18:51:14,406 [WARN] ApiDb:259 - Overriding images path with different value:  => C:\ST\STM32CubeIDE_1.13.0\STM32CubeIDE\plugins\com.st.stm32cube.common.mx_6.11.1.202404110753\\db\/plugins/mcufinder/images/
2024-06-27 18:51:14,427 [INFO] ApiDb:250 - Set database path to: C:\Users\rpalma\.stmcufinder\plugins\mcufinder//mcu/
2024-06-27 18:51:14,429 [INFO] DbMcusAds:125 - Set database path to: C:\Users\rpalma\.stmcufinder\plugins\mcufinder//mcu/
2024-06-27 18:51:14,446 [INFO] CrossReferenceDbSqlite:203 - Set database path to: C:\Users\rpalma\.stmcufinder\plugins\mcufinder//mcu/cs/
2024-06-27 18:51:14,867 [INFO] RulesReader:64 - Compatibility file has been processed (297 Rules)
2024-06-27 18:51:16,082 [INFO] DbMcusXml:78 - Set database path to: C:\ST\STM32CubeIDE_1.13.0\STM32CubeIDE\plugins\com.st.stm32cube.common.mx_6.11.1.202404110753\\db\/mcu/
2024-06-27 18:51:16,082 [INFO] ApiDb:274 - Set plugin database path to: C:\ST\STM32CubeIDE_1.13.0\STM32CubeIDE\plugins\com.st.stm32cube.common.mx_6.11.1.202404110753\\db\/plugins/boardmanager/
2024-06-27 18:51:16,082 [INFO] ApiDb:261 - Set plugin images path to: C:\ST\STM32CubeIDE_1.13.0\STM32CubeIDE\plugins\com.st.stm32cube.common.mx_6.11.1.202404110753\\db\/plugins/mcufinder/images/
2024-06-27 18:51:16,082 [WARN] DbFile:41 - Overriding database path with different value: C:\Users\rpalma\.stmcufinder\plugins\mcufinder/ => C:\Users\rpalma\.stmcufinder\plugins\mcufinder
2024-06-27 18:51:16,083 [INFO] ApiDb:250 - Set database path to: C:\Users\rpalma\.stmcufinder\plugins\mcufinder//mcu/
2024-06-27 18:51:16,083 [WARN] DbFile:41 - Overriding database path with different value: C:\Users\rpalma\.stmcufinder\plugins\mcufinder/ => C:\Users\rpalma\.stmcufinder\plugins\mcufinder
2024-06-27 18:51:16,083 [INFO] DbMcusAds:125 - Set database path to: C:\Users\rpalma\.stmcufinder\plugins\mcufinder//mcu/
2024-06-27 18:51:16,083 [WARN] DbFile:41 - Overriding database path with different value: C:\Users\rpalma\.stmcufinder\plugins\mcufinder/ => C:\Users\rpalma\.stmcufinder\plugins\mcufinder
2024-06-27 18:51:16,083 [WARN] DbFile:41 - Overriding database path with different value: C:\Users\rpalma\.stmcufinder\plugins\mcufinder/ => C:\Users\rpalma\.stmcufinder\plugins\mcufinder
2024-06-27 18:51:16,083 [INFO] CrossReferenceDbSqlite:203 - Set database path to: C:\Users\rpalma\.stmcufinder\plugins\mcufinder//mcu/cs/
2024-06-27 18:51:16,334 [INFO] MainPanel:264 - HeapMemory: 268435456
2024-06-27 18:51:16,476 [INFO] DbMcusXml:78 - Set database path to: C:\ST\STM32CubeIDE_1.13.0\STM32CubeIDE\plugins\com.st.stm32cube.common.mx_6.11.1.202404110753\\db\/mcu/
2024-06-27 18:51:16,476 [INFO] ApiDb:274 - Set plugin database path to: C:\ST\STM32CubeIDE_1.13.0\STM32CubeIDE\plugins\com.st.stm32cube.common.mx_6.11.1.202404110753\\db\/plugins/boardmanager/
2024-06-27 18:51:16,477 [INFO] ApiDb:261 - Set plugin images path to: C:\ST\STM32CubeIDE_1.13.0\STM32CubeIDE\plugins\com.st.stm32cube.common.mx_6.11.1.202404110753\\db\/plugins/mcufinder/images/
2024-06-27 18:51:16,478 [WARN] DbFile:41 - Overriding database path with different value: C:\Users\rpalma\.stmcufinder\plugins\mcufinder/ => C:\Users\rpalma\.stmcufinder\plugins\mcufinder
2024-06-27 18:51:16,478 [INFO] ApiDb:250 - Set database path to: C:\Users\rpalma\.stmcufinder\plugins\mcufinder//mcu/
2024-06-27 18:51:16,478 [WARN] DbFile:41 - Overriding database path with different value: C:\Users\rpalma\.stmcufinder\plugins\mcufinder/ => C:\Users\rpalma\.stmcufinder\plugins\mcufinder
2024-06-27 18:51:16,484 [INFO] DbMcusAds:125 - Set database path to: C:\Users\rpalma\.stmcufinder\plugins\mcufinder//mcu/
2024-06-27 18:51:16,486 [WARN] DbFile:41 - Overriding database path with different value: C:\Users\rpalma\.stmcufinder\plugins\mcufinder/ => C:\Users\rpalma\.stmcufinder\plugins\mcufinder
2024-06-27 18:51:16,488 [WARN] DbFile:41 - Overriding database path with different value: C:\Users\rpalma\.stmcufinder\plugins\mcufinder/ => C:\Users\rpalma\.stmcufinder\plugins\mcufinder
2024-06-27 18:51:16,488 [INFO] CrossReferenceDbSqlite:203 - Set database path to: C:\Users\rpalma\.stmcufinder\plugins\mcufinder//mcu/cs/
2024-06-27 18:51:16,521 [INFO] ApplicationProperties:184 - Using Application install path: C:\ST\STM32CubeIDE_1.13.0\STM32CubeIDE\plugins\com.st.stm32cube.common.mx_6.11.1.202404110753
2024-06-27 18:51:16,523 [INFO] PluginManage:196 - Search for loadable plugins [exclusion list=, ]
2024-06-27 18:51:16,527 [INFO] PluginManage:310 - Check plugin analytics
2024-06-27 18:51:21,899 [INFO] AnalyticsPlugin:253 - Accepted Software Licenses: 
2024-06-27 18:51:21,900 [INFO] AnalyticsPlugin:255 - Accepted CMSIS Pack Licenses: 
2024-06-27 18:51:21,903 [INFO] AnalyticsPlugin:257 - Accepted Firmware Licenses: FW.F4.1.27.0
2024-06-27 18:51:22,044 [INFO] PluginManage:359 - Loaded plugin analytics (category:tool,tabindex:-1)
2024-06-27 18:51:22,046 [INFO] PluginManage:310 - Check plugin cadmodel
2024-06-27 18:51:22,891 [INFO] CADModel:105 - Init CAD model plugin
2024-06-27 18:51:22,892 [INFO] PluginManage:359 - Loaded plugin cadmodel (category:power,tabindex:5)
2024-06-27 18:51:22,892 [INFO] PluginManage:310 - Check plugin clock
2024-06-27 18:51:22,936 [INFO] PluginManage:359 - Loaded plugin clock (category:base,tabindex:2)
2024-06-27 18:51:22,937 [INFO] PluginManage:310 - Check plugin ddr
2024-06-27 18:51:22,941 [INFO] PluginManage:359 - Loaded plugin ddr (category:tool,tabindex:6)
2024-06-27 18:51:22,943 [INFO] PluginManage:310 - Check plugin filemanager
2024-06-27 18:51:36,613 [INFO] PluginManage:359 - Loaded plugin filemanager (category:base,tabindex:10)
2024-06-27 18:51:36,613 [INFO] PluginManage:310 - Check plugin ipmanager
2024-06-27 18:51:36,640 [INFO] PluginManage:359 - Loaded plugin ipmanager (category:base,tabindex:5)
2024-06-27 18:51:36,641 [INFO] PluginManage:310 - Check plugin lpbam
2024-06-27 18:51:36,685 [INFO] PluginManage:359 - Loaded plugin lpbam (category:base,tabindex:0)
2024-06-27 18:51:36,686 [INFO] PluginManage:310 - Check plugin memorymap
2024-06-27 18:51:36,868 [INFO] PluginManage:359 - Loaded plugin memorymap (category:base,tabindex:4)
2024-06-27 18:51:36,868 [INFO] PluginManage:310 - Check plugin pinoutandconfiguration
2024-06-27 18:51:36,951 [INFO] PluginManage:359 - Loaded plugin pinoutandconfiguration (category:base,tabindex:1)
2024-06-27 18:51:36,955 [INFO] PluginManage:310 - Check plugin pinoutconfig
2024-06-27 18:51:37,373 [WARN] SupportedApi:132 - Cannot load RTOS API schema: s4s-elt-must-match.1: The content of 'definitions' must match (annotation?, (simpleType | complexType)?, (unique | key | keyref)*)). A problem was found starting at: attribute.
2024-06-27 18:51:37,891 [INFO] PluginManage:359 - Loaded plugin pinoutconfig (category:base,tabindex:0)
2024-06-27 18:51:37,891 [INFO] PluginManage:310 - Check plugin power
2024-06-27 18:51:37,961 [INFO] PluginManage:359 - Loaded plugin power (category:power,tabindex:4)
2024-06-27 18:51:37,965 [INFO] PluginManage:310 - Check plugin projectmanager
2024-06-27 18:51:38,084 [INFO] PluginManage:359 - Loaded plugin projectmanager (category:projectmanager,tabindex:3)
2024-06-27 18:51:38,084 [INFO] PluginManage:310 - Check plugin thirdparty
2024-06-27 18:51:38,700 [WARN] IntegrityCheckThread:84 - waiting for thirdparty lock release [integrity check]
2024-06-27 18:51:38,700 [INFO] IntegrityCheckThread:86 - entering critical section [integrity check]
2024-06-27 18:51:38,701 [INFO] ThirdPartyUpdaterWithRetryManager:70 - Updater plugin not ready yet. [1/15]
2024-06-27 18:51:38,705 [INFO] PluginManage:359 - Loaded plugin thirdparty (category:base,tabindex:-1)
2024-06-27 18:51:38,706 [INFO] PluginManage:310 - Check plugin tools
2024-06-27 18:51:38,712 [INFO] PluginManage:359 - Loaded plugin tools (category:base,tabindex:7)
2024-06-27 18:51:38,712 [INFO] PluginManage:310 - Check plugin tutovideos
2024-06-27 18:51:39,119 [INFO] PluginManage:359 - Loaded plugin tutovideos (category:base,tabindex:-1)
2024-06-27 18:51:39,120 [INFO] PluginManage:310 - Check plugin updater
2024-06-27 18:51:39,150 [INFO] PluginManage:359 - Loaded plugin updater (category:base,tabindex:12)
2024-06-27 18:51:39,151 [INFO] PluginManage:310 - Check plugin userauth
2024-06-27 18:51:39,161 [INFO] UserAuth:114 - Init User Auth plugin
2024-06-27 18:51:39,161 [INFO] PluginManage:359 - Loaded plugin userauth (category:base,tabindex:14)
2024-06-27 18:51:39,162 [INFO] PluginManage:283 - PluginManage : Loaded plugins [17]
2024-06-27 18:51:41,708 [INFO] ThirdPartyUpdaterWithRetryManager:70 - Updater plugin not ready yet. [2/15]
2024-06-27 18:51:43,879 [INFO] PinOutPanel:1561 - setPackage(No Configuration,No Configuration)
2024-06-27 18:51:44,122 [INFO] CADModel:165 - CPN selected for project level
2024-06-27 18:51:44,122 [INFO] CADModel:114 - Register for checkConnection events
2024-06-27 18:51:44,152 [INFO] IPUIPlugin:80 - create IPUIPlugin
2024-06-27 18:51:44,152 [INFO] PluginManager:220 - loadIPPluginJar : add adc
2024-06-27 18:51:44,160 [INFO] IPUIPlugin:80 - create IPUIPlugin
2024-06-27 18:51:44,160 [INFO] PluginManager:220 - loadIPPluginJar : add aes
2024-06-27 18:51:44,168 [INFO] IPUIPlugin:80 - create IPUIPlugin
2024-06-27 18:51:44,168 [INFO] PluginManager:220 - loadIPPluginJar : add can
2024-06-27 18:51:44,172 [INFO] IPUIPlugin:80 - create IPUIPlugin
2024-06-27 18:51:44,173 [INFO] PluginManager:220 - loadIPPluginJar : add comp
2024-06-27 18:51:44,178 [INFO] IPUIPlugin:80 - create IPUIPlugin
2024-06-27 18:51:44,179 [INFO] PluginManager:220 - loadIPPluginJar : add cryp
2024-06-27 18:51:44,185 [INFO] IPUIPlugin:80 - create IPUIPlugin
2024-06-27 18:51:44,185 [INFO] PluginManager:220 - loadIPPluginJar : add dfsdm
2024-06-27 18:51:44,195 [INFO] IPUIPlugin:80 - create IPUIPlugin
2024-06-27 18:51:44,197 [INFO] PluginManager:220 - loadIPPluginJar : add dma
2024-06-27 18:51:44,203 [INFO] IPUIPlugin:80 - create IPUIPlugin
2024-06-27 18:51:44,203 [INFO] PluginManager:220 - loadIPPluginJar : add dma3
2024-06-27 18:51:44,209 [INFO] IPUIPlugin:80 - create IPUIPlugin
2024-06-27 18:51:44,209 [INFO] PluginManager:220 - loadIPPluginJar : add extmemmanager
2024-06-27 18:51:44,220 [INFO] IPUIPlugin:80 - create IPUIPlugin
2024-06-27 18:51:44,220 [INFO] PluginManager:220 - loadIPPluginJar : add fatfs
2024-06-27 18:51:44,231 [INFO] IPUIPlugin:80 - create IPUIPlugin
2024-06-27 18:51:44,231 [INFO] PluginManager:220 - loadIPPluginJar : add fmc
2024-06-27 18:51:44,242 [INFO] IPUIPlugin:80 - create IPUIPlugin
2024-06-27 18:51:44,243 [INFO] PluginManager:220 - loadIPPluginJar : add freertos
2024-06-27 18:51:44,250 [INFO] IPUIPlugin:80 - create IPUIPlugin
2024-06-27 18:51:44,251 [INFO] PluginManager:220 - loadIPPluginJar : add genericplugin
2024-06-27 18:51:44,260 [INFO] IPUIPlugin:80 - create IPUIPlugin
2024-06-27 18:51:44,260 [INFO] PluginManager:220 - loadIPPluginJar : add gfxmmu
2024-06-27 18:51:44,289 [INFO] IPUIPlugin:80 - create IPUIPlugin
2024-06-27 18:51:44,290 [INFO] PluginManager:220 - loadIPPluginJar : add gic
2024-06-27 18:51:44,305 [INFO] IPUIPlugin:80 - create IPUIPlugin
2024-06-27 18:51:44,306 [INFO] PluginManager:220 - loadIPPluginJar : add gpio
2024-06-27 18:51:44,318 [INFO] IPUIPlugin:80 - create IPUIPlugin
2024-06-27 18:51:44,318 [INFO] PluginManager:220 - loadIPPluginJar : add gtzc
2024-06-27 18:51:44,326 [INFO] IPUIPlugin:80 - create IPUIPlugin
2024-06-27 18:51:44,327 [INFO] PluginManager:220 - loadIPPluginJar : add hash
2024-06-27 18:51:44,336 [INFO] IPUIPlugin:80 - create IPUIPlugin
2024-06-27 18:51:44,336 [INFO] PluginManager:220 - loadIPPluginJar : add i2c
2024-06-27 18:51:44,346 [INFO] IPUIPlugin:80 - create IPUIPlugin
2024-06-27 18:51:44,346 [INFO] PluginManager:220 - loadIPPluginJar : add i2s
2024-06-27 18:51:44,361 [INFO] IPUIPlugin:80 - create IPUIPlugin
2024-06-27 18:51:44,361 [INFO] PluginManager:220 - loadIPPluginJar : add i3c
2024-06-27 18:51:44,369 [INFO] IPUIPlugin:80 - create IPUIPlugin
2024-06-27 18:51:44,369 [INFO] PluginManager:220 - loadIPPluginJar : add ipddr
2024-06-27 18:51:44,453 [INFO] IPUIPlugin:80 - create IPUIPlugin
2024-06-27 18:51:44,454 [INFO] PluginManager:220 - loadIPPluginJar : add linkedlist
2024-06-27 18:51:44,649 [INFO] IPUIPlugin:80 - create IPUIPlugin
2024-06-27 18:51:44,649 [INFO] PluginManager:220 - loadIPPluginJar : add lorawan
2024-06-27 18:51:44,670 [INFO] IPUIPlugin:80 - create IPUIPlugin
2024-06-27 18:51:44,670 [INFO] PluginManager:220 - loadIPPluginJar : add ltdc
2024-06-27 18:51:44,708 [INFO] IPUIPlugin:80 - create IPUIPlugin
2024-06-27 18:51:44,708 [INFO] PluginManager:220 - loadIPPluginJar : add mdma
2024-06-27 18:51:44,714 [INFO] ThirdPartyUpdaterWithRetryManager:70 - Updater plugin not ready yet. [3/15]
2024-06-27 18:51:44,718 [INFO] IPUIPlugin:80 - create IPUIPlugin
2024-06-27 18:51:44,719 [INFO] PluginManager:220 - loadIPPluginJar : add nvic
2024-06-27 18:51:44,742 [INFO] IPUIPlugin:80 - create IPUIPlugin
2024-06-27 18:51:44,743 [INFO] PluginManager:220 - loadIPPluginJar : add opamp
2024-06-27 18:51:44,753 [INFO] IPUIPlugin:80 - create IPUIPlugin
2024-06-27 18:51:44,754 [INFO] PluginManager:220 - loadIPPluginJar : add openamp
2024-06-27 18:51:44,771 [INFO] IPUIPlugin:80 - create IPUIPlugin
2024-06-27 18:51:44,771 [INFO] PluginManager:220 - loadIPPluginJar : add pdm2pcm
2024-06-27 18:51:44,788 [INFO] IPUIPlugin:80 - create IPUIPlugin
2024-06-27 18:51:44,796 [INFO] PluginManager:220 - loadIPPluginJar : add plateformsettings
2024-06-27 18:51:44,803 [INFO] IPUIPlugin:80 - create IPUIPlugin
2024-06-27 18:51:44,803 [INFO] PluginManager:220 - loadIPPluginJar : add quadspi
2024-06-27 18:51:44,813 [INFO] IPUIPlugin:80 - create IPUIPlugin
2024-06-27 18:51:44,813 [INFO] PluginManager:220 - loadIPPluginJar : add resmgrutility
2024-06-27 18:51:44,825 [INFO] IPUIPlugin:80 - create IPUIPlugin
2024-06-27 18:51:44,826 [INFO] PluginManager:220 - loadIPPluginJar : add sai
2024-06-27 18:51:44,833 [INFO] IPUIPlugin:80 - create IPUIPlugin
2024-06-27 18:51:44,833 [INFO] PluginManager:220 - loadIPPluginJar : add spi
2024-06-27 18:51:44,847 [INFO] IPUIPlugin:80 - create IPUIPlugin
2024-06-27 18:51:44,848 [INFO] PluginManager:220 - loadIPPluginJar : add stm32_wpan
2024-06-27 18:51:44,852 [INFO] IPUIPlugin:80 - create IPUIPlugin
2024-06-27 18:51:44,852 [INFO] PluginManager:220 - loadIPPluginJar : add tim
2024-06-27 18:51:44,863 [INFO] IPUIPlugin:80 - create IPUIPlugin
2024-06-27 18:51:44,863 [INFO] PluginManager:220 - loadIPPluginJar : add touchsensing
2024-06-27 18:51:44,868 [INFO] IPUIPlugin:80 - create IPUIPlugin
2024-06-27 18:51:44,868 [INFO] PluginManager:220 - loadIPPluginJar : add tracer_emb
2024-06-27 18:51:44,873 [INFO] IPUIPlugin:80 - create IPUIPlugin
2024-06-27 18:51:44,873 [INFO] PluginManager:220 - loadIPPluginJar : add ts
2024-06-27 18:51:44,880 [INFO] IPUIPlugin:80 - create IPUIPlugin
2024-06-27 18:51:44,880 [INFO] PluginManager:220 - loadIPPluginJar : add tsc
2024-06-27 18:51:44,885 [INFO] IPUIPlugin:80 - create IPUIPlugin
2024-06-27 18:51:44,885 [INFO] PluginManager:220 - loadIPPluginJar : add ucpd
2024-06-27 18:51:44,900 [INFO] IPUIPlugin:80 - create IPUIPlugin
2024-06-27 18:51:44,900 [INFO] PluginManager:220 - loadIPPluginJar : add usart
2024-06-27 18:51:44,908 [INFO] IPUIPlugin:80 - create IPUIPlugin
2024-06-27 18:51:44,908 [INFO] PluginManager:220 - loadIPPluginJar : add usbx
2024-06-27 18:51:45,285 [INFO] CADModel:165 - CPN selected for project level
2024-06-27 18:51:45,286 [INFO] CADModel:114 - Register for checkConnection events
2024-06-27 18:51:45,286 [FATAL] Updater:308 - Updater called before beeing initialized
2024-06-27 18:51:45,286 [ERROR] CADModel:125 - Updater not yet initialized, retry later 
2024-06-27 18:51:45,642 [INFO] CADModel:165 - CPN selected for project level
2024-06-27 18:51:45,642 [INFO] CADModel:114 - Register for checkConnection events
2024-06-27 18:51:45,643 [FATAL] Updater:308 - Updater called before beeing initialized
2024-06-27 18:51:45,643 [ERROR] CADModel:125 - Updater not yet initialized, retry later 
2024-06-27 18:51:45,652 [FATAL] Updater:308 - Updater called before beeing initialized
2024-06-27 18:51:46,172 [FATAL] Updater:308 - Updater called before beeing initialized
2024-06-27 18:51:46,180 [INFO] DbMcusAds:53 - JSON generation date=Thu May 16 03:22:00 CST 2024 (1715851320852)
2024-06-27 18:51:46,181 [FATAL] Updater:308 - Updater called before beeing initialized
2024-06-27 18:51:46,869 [WARN] DetailPanel:346 - Failed to get advertising image, set to default
2024-06-27 18:51:47,233 [FATAL] Updater:308 - Updater called before beeing initialized
2024-06-27 18:51:47,235 [FATAL] Updater:308 - Updater called before beeing initialized
2024-06-27 18:51:47,235 [FATAL] Updater:308 - Updater called before beeing initialized
2024-06-27 18:51:47,235 [WARN] DetailPanel:346 - Failed to get advertising image, set to default
2024-06-27 18:51:47,237 [FATAL] Updater:308 - Updater called before beeing initialized
2024-06-27 18:51:47,446 [ERROR] Updater:1120 - MainUpdater not yet initialized. External WinMGr cannot be set.
2024-06-27 18:51:47,452 [INFO] Updater:1056 - Updater Version found : 6.11.1
2024-06-27 18:51:47,479 [INFO] ApplicationProperties:184 - Using Application install path: C:\ST\STM32CubeIDE_1.13.0\STM32CubeIDE\plugins\com.st.stm32cube.common.mx_6.11.1.202404110753
2024-06-27 18:51:47,719 [INFO] ThirdPartyUpdaterWithRetryManager:70 - Updater plugin not ready yet. [4/15]
2024-06-27 18:51:49,117 [ERROR] LogOutputStream:75 - [STDERR_REDIRECT] Jun 27, 2024 6:51:49 PM java.util.prefs.WindowsPreferences <init>
2024-06-27 18:51:49,121 [ERROR] LogOutputStream:75 - [STDERR_REDIRECT] WARNING: Could not open/create prefs root node Software\JavaSoft\Prefs at root 0xffffffff80000002. Windows RegCreateKeyEx(...) returned error code 5.
2024-06-27 18:51:49,122 [ERROR] LogOutputStream:75 - [STDERR_REDIRECT] 
2024-06-27 18:51:50,346 [INFO] MainUpdater:2873 - connection check result : 10
2024-06-27 18:51:50,348 [INFO] MainUpdater:290 - Updater Check For Update Now.
2024-06-27 18:51:50,349 [INFO] MicroXplorer:498 - Change Database Version : DB.6.0.111
2024-06-27 18:51:50,587 [INFO] McuFinderGlobals:63 - Set McuFinder mode to 2 (CubeIDE integrated)
2024-06-27 18:51:50,631 [INFO] UserAuth:415 - Internet connection configuration mode: 1
2024-06-27 18:51:50,788 [INFO] JxBrowserEngine:152 - Initiate JxBrowser Engine with user profile folder
2024-06-27 18:51:50,900 [WARN] MainUpdater:1194 - Updater busy. Cannot search thirdparties
2024-06-27 18:51:50,900 [INFO] ThirdPartyUpdaterWithRetryManager:96 - Updater plugin is busy. [1/15]
2024-06-27 18:51:55,817 [INFO] WebApp:161 - Instantiating new browser for Auth
2024-06-27 18:51:57,864 [INFO] WebApp:779 - Register for checkConnection events
2024-06-27 18:51:57,864 [INFO] WebApp:414 - Apply proxy settings
2024-06-27 18:51:58,579 [INFO] WebApp:499 - Chromium requires no authentication
2024-06-27 18:51:58,586 [INFO] CheckServerUpdateThread:120 - End of CheckServer Thread
2024-06-27 18:51:58,596 [INFO] WebApp:442 - Direct internet connection detected
2024-06-27 18:51:59,029 [INFO] WebApp:192 - Starting web application
2024-06-27 18:51:59,029 [INFO] WebApp:544 - Web application path used C:\ST\STM32CubeIDE_1.13.0\STM32CubeIDE\plugins\com.st.stm32cube.common.mx_6.11.1.202404110753\db\plugins\mcufinder\reactClient1\index.html
2024-06-27 18:51:59,099 [WARN] PackLoader:240 - Cannot read IP mode file for STMicroelectronics.FP-SNS-MOTENVWB1.1.4.0
2024-06-27 18:51:59,133 [WARN] PackLoader:240 - Cannot read IP mode file for STMicroelectronics.X-CUBE-SMBUS.2.1.0
2024-06-27 18:51:59,158 [WARN] PackLoader:240 - Cannot read IP mode file for STMicroelectronics.X-CUBE-TOUCHGFX.4.23.0
2024-06-27 18:51:59,182 [WARN] PackLoader:240 - Cannot read IP mode file for STMicroelectronics.X-CUBE-TOUCHGFX.4.23.2
2024-06-27 18:51:59,292 [WARN] PackLoader:240 - Cannot read IP mode file for STMicroelectronics.X-CUBE-AZRTOS-F7.1.1.0
2024-06-27 18:51:59,474 [WARN] PackLoader:240 - Cannot read IP mode file for STMicroelectronics.FP-SNS-MOTENV1.4.3.2
2024-06-27 18:51:59,545 [WARN] PackLoader:240 - Cannot read IP mode file for STMicroelectronics.X-CUBE-BLE1.6.2.4
2024-06-27 18:51:59,560 [WARN] PackLoader:240 - Cannot read IP mode file for STMicroelectronics.FP-SNS-FLIGHT1.5.0.2
2024-06-27 18:51:59,645 [WARN] PackLoader:240 - Cannot read IP mode file for STMicroelectronics.X-CUBE-DISPLAY.3.0.0
2024-06-27 18:51:59,677 [WARN] PackLoader:240 - Cannot read IP mode file for STMicroelectronics.X-CUBE-BLE1.7.0.0
2024-06-27 18:51:59,710 [WARN] PackLoader:240 - Cannot read IP mode file for emotas.I-CUBE-CANOPEN.1.3.0
2024-06-27 18:51:59,729 [WARN] PackLoader:240 - Cannot read IP mode file for STMicroelectronics.X-CUBE-TOUCHGFX.4.22.0
2024-06-27 18:51:59,755 [WARN] PackLoader:240 - Cannot read IP mode file for STMicroelectronics.X-CUBE-BLEMGR.3.1.0
2024-06-27 18:51:59,779 [WARN] PackLoader:240 - Cannot read IP mode file for STMicroelectronics.FP-SNS-SMARTAG2.1.2.0
2024-06-27 18:51:59,823 [INFO] LogOutputStream:77 - [STDOUT_REDIRECT] 1 : Invalid condition id : UX_CORESTACK_Condition cause : null
2024-06-27 18:51:59,827 [INFO] LogOutputStream:77 - [STDOUT_REDIRECT] 1 : Invalid condition id : UX_CORESTACK_Condition cause : null
2024-06-27 18:51:59,833 [INFO] LogOutputStream:77 - [STDOUT_REDIRECT] 1 : Invalid condition id : UX_CORESTACK_Condition cause : null
2024-06-27 18:51:59,839 [INFO] LogOutputStream:77 - [STDOUT_REDIRECT] 1 : Invalid condition id : UX_CORESTACK_Condition cause : null
2024-06-27 18:51:59,841 [INFO] LogOutputStream:77 - [STDOUT_REDIRECT] 1 : Invalid condition id : UX_CORESTACK_Condition cause : null
2024-06-27 18:51:59,848 [WARN] PackLoader:240 - Cannot read IP mode file for STMicroelectronics.X-CUBE-AZRTOS-WL.2.0.0
2024-06-27 18:51:59,860 [WARN] PackLoader:240 - Cannot read IP mode file for STMicroelectronics.FP-SNS-MOTENV1.5.0.0
2024-06-27 18:51:59,883 [WARN] PackLoader:240 - Cannot read IP mode file for wolfSSL.I-CUBE-wolfMQTT.1.19.0
2024-06-27 18:51:59,923 [WARN] PackLoader:240 - Cannot read IP mode file for WES.I-CUBE-Cesium.1.3.0
2024-06-27 18:51:59,963 [WARN] PackLoader:240 - Cannot read IP mode file for STMicroelectronics.X-CUBE-BLE2.3.3.0
2024-06-27 18:51:59,980 [WARN] PackLoader:240 - Cannot read IP mode file for STMicroelectronics.X-CUBE-TCPP.4.1.0
2024-06-27 18:52:00,010 [WARN] PackLoader:240 - Cannot read IP mode file for STMicroelectronics.X-CUBE-ALGOBUILD.1.3.0
2024-06-27 18:52:00,130 [WARN] PackLoader:240 - Cannot read IP mode file for STMicroelectronics.X-CUBE-AZRTOS-G0.1.1.0
2024-06-27 18:52:00,252 [WARN] PackLoader:240 - Cannot read IP mode file for STMicroelectronics.X-CUBE-SAFEA1.1.2.2
2024-06-27 18:52:00,283 [WARN] PackLoader:240 - Cannot read IP mode file for STMicroelectronics.X-CUBE-NFC4.3.0.0
2024-06-27 18:52:00,296 [WARN] PackLoader:240 - Cannot read IP mode file for wolfSSL.I-CUBE-wolfMQTT.1.18.0
2024-06-27 18:52:00,346 [WARN] PackLoader:240 - Cannot read IP mode file for STMicroelectronics.X-CUBE-BLEMGR.3.0.0
2024-06-27 18:52:00,363 [WARN] PackLoader:240 - Cannot read IP mode file for STMicroelectronics.FP-ATR-SIGFOX1.3.2.0
2024-06-27 18:52:00,413 [WARN] PackLoader:240 - Cannot read IP mode file for STMicroelectronics.X-CUBE-EEPRMA1.5.1.0
2024-06-27 18:52:00,547 [WARN] PackLoader:240 - Cannot read IP mode file for SEGGER.I-CUBE-embOS.1.3.1
2024-06-27 18:52:00,702 [WARN] PackLoader:240 - Cannot read IP mode file for STMicroelectronics.X-CUBE-ALGOBUILD.1.4.0
2024-06-27 18:52:00,722 [WARN] PackLoader:240 - Cannot read IP mode file for STMicroelectronics.X-CUBE-GNSS1.6.0.0
2024-06-27 18:52:00,828 [WARN] PackLoader:240 - Cannot read IP mode file for STMicroelectronics.X-CUBE-AZRTOS-F4.1.1.0
2024-06-27 18:52:00,967 [WARN] PackLoader:240 - Cannot read IP mode file for wolfSSL.I-CUBE-wolfSSL.5.6.3
2024-06-27 18:52:00,997 [WARN] PackLoader:240 - Cannot read IP mode file for STMicroelectronics.X-CUBE-FREERTOS.1.2.0
2024-06-27 18:52:01,261 [WARN] PackLoader:240 - Cannot read IP mode file for STMicroelectronics.X-CUBE-AZRTOS-L5.2.0.0
2024-06-27 18:52:01,616 [WARN] PackLoader:240 - Cannot read IP mode file for STMicroelectronics.X-CUBE-MEMS1.9.6.0
2024-06-27 18:52:02,590 [WARN] PackLoader:240 - Cannot read IP mode file for STMicroelectronics.X-CUBE-EEPRMA1.4.2.0
2024-06-27 18:52:02,609 [WARN] PackLoader:240 - Cannot read IP mode file for STMicroelectronics.X-CUBE-NFC6.3.1.0
2024-06-27 18:52:02,694 [WARN] PackLoader:240 - Cannot read IP mode file for ITTIA_DB.I-CUBE-ITTIADB.8.8.0
2024-06-27 18:52:02,730 [WARN] PackLoader:240 - Cannot read IP mode file for STMicroelectronics.X-CUBE-BLEMGR.2.0.0
2024-06-27 18:52:02,744 [WARN] PackLoader:240 - Cannot read IP mode file for STMicroelectronics.X-CUBE-AI.9.0.0
2024-06-27 18:52:02,859 [WARN] ConditionMgr:438 - getConditionDescription Invalid condition id : UX DEVICE CLASS RTOS Condition cause : null
2024-06-27 18:52:02,859 [WARN] ConditionMgr:438 - getConditionDescription Invalid condition id : UX DEVICE CLASS RTOS Condition cause : null
2024-06-27 18:52:02,866 [WARN] PackLoader:240 - Cannot read IP mode file for STMicroelectronics.X-CUBE-AZRTOS-H7.3.1.0
2024-06-27 18:52:02,868 [WARN] ConditionMgr:1039 - genDependencies : Invalid condition id : UX DEVICE CLASS RTOS Condition cause : null
2024-06-27 18:52:02,868 [WARN] ConditionMgr:1039 - genDependencies : Invalid condition id : UX DEVICE CLASS RTOS Condition cause : null
2024-06-27 18:52:02,871 [WARN] ConditionMgr:1039 - genDependencies : Invalid condition id : UX DEVICE CLASS RTOS Condition cause : null
2024-06-27 18:52:02,933 [WARN] ConditionMgr:1039 - genDependencies : Invalid condition id : UX DEVICE CLASS RTOS Condition cause : null
2024-06-27 18:52:02,933 [WARN] ConditionMgr:1039 - genDependencies : Invalid condition id : UX DEVICE CLASS RTOS Condition cause : null
2024-06-27 18:52:02,957 [WARN] PackLoader:240 - Cannot read IP mode file for STMicroelectronics.X-CUBE-NFC7.1.0.1
2024-06-27 18:52:02,982 [WARN] PackLoader:240 - Cannot read IP mode file for STMicroelectronics.X-CUBE-NFC6.3.0.0
2024-06-27 18:52:03,059 [WARN] PackLoader:240 - Cannot read IP mode file for STMicroelectronics.X-CUBE-EEPRMA1.4.1.0
2024-06-27 18:52:03,067 [WARN] PackLoader:240 - Cannot read IP mode file for STMicroelectronics.X-CUBE-AI.8.1.0
2024-06-27 18:52:03,278 [WARN] ConditionMgr:438 - getConditionDescription Invalid condition id : LAN8742 Phy interface Condition cause : null
2024-06-27 18:52:03,280 [WARN] PackLoader:240 - Cannot read IP mode file for STMicroelectronics.X-CUBE-AZRTOS-L4.2.0.0
2024-06-27 18:52:03,282 [WARN] ConditionMgr:1039 - genDependencies : Invalid condition id : LAN8742 Phy interface Condition cause : null
2024-06-27 18:52:03,283 [WARN] ConditionMgr:1039 - genDependencies : Invalid condition id : LAN8742 Phy interface Condition cause : null
2024-06-27 18:52:03,298 [WARN] ConditionMgr:1039 - genDependencies : Invalid condition id : LAN8742 Phy interface Condition cause : null
2024-06-27 18:52:03,327 [WARN] PackLoader:240 - Cannot read IP mode file for STMicroelectronics.X-CUBE-SFXS2LP1.4.0.0
2024-06-27 18:52:03,428 [WARN] PackLoader:240 - Cannot read IP mode file for STMicroelectronics.X-CUBE-ISPU.1.1.0
2024-06-27 18:52:03,464 [WARN] ConditionMgr:438 - getConditionDescription Invalid condition id : UX DEVICE CLASS RTOS Condition cause : null
2024-06-27 18:52:03,465 [WARN] ConditionMgr:438 - getConditionDescription Invalid condition id : UX DEVICE CLASS RTOS Condition cause : null
2024-06-27 18:52:03,472 [WARN] PackLoader:240 - Cannot read IP mode file for STMicroelectronics.X-CUBE-AZRTOS-WB.2.0.0
2024-06-27 18:52:03,472 [WARN] ConditionMgr:1039 - genDependencies : Invalid condition id : UX DEVICE CLASS RTOS Condition cause : null
2024-06-27 18:52:03,473 [WARN] ConditionMgr:1039 - genDependencies : Invalid condition id : UX DEVICE CLASS RTOS Condition cause : null
2024-06-27 18:52:03,473 [WARN] ConditionMgr:1039 - genDependencies : Invalid condition id : UX DEVICE CLASS RTOS Condition cause : null
2024-06-27 18:52:03,474 [WARN] ConditionMgr:1039 - genDependencies : Invalid condition id : UX DEVICE CLASS RTOS Condition cause : null
2024-06-27 18:52:03,474 [WARN] ConditionMgr:1039 - genDependencies : Invalid condition id : UX DEVICE CLASS RTOS Condition cause : null
2024-06-27 18:52:03,580 [WARN] PackLoader:240 - Cannot read IP mode file for STMicroelectronics.X-CUBE-FREERTOS.1.0.1
2024-06-27 18:52:03,641 [WARN] PackLoader:240 - Cannot read IP mode file for STMicroelectronics.X-CUBE-AZRTOS-L5.1.1.0
2024-06-27 18:52:03,792 [WARN] PackLoader:240 - Cannot read IP mode file for STMicroelectronics.X-CUBE-AI.8.0.1
2024-06-27 18:52:03,907 [WARN] PackLoader:240 - Cannot read IP mode file for STMicroelectronics.X-CUBE-SUBG2.5.0.0
2024-06-27 18:52:04,030 [WARN] PackLoader:240 - Cannot read IP mode file for Cesanta.I-CUBE-Mongoose.7.13.0
2024-06-27 18:52:04,068 [WARN] PackLoader:240 - Cannot read IP mode file for STMicroelectronics.X-CUBE-TOF1.3.3.1
2024-06-27 18:52:04,229 [WARN] PackLoader:240 - Cannot read IP mode file for STMicroelectronics.X-CUBE-AZRTOS-G4.2.0.0
2024-06-27 18:52:04,261 [WARN] PackLoader:240 - Cannot read IP mode file for Infineon.AIROC-Wi-Fi-Bluetooth-STM32.1.5.1
2024-06-27 18:52:04,272 [WARN] PackLoader:240 - Cannot read IP mode file for STMicroelectronics.FP-SNS-MOTENVWB1.1.3.1
2024-06-27 18:52:04,280 [WARN] PackLoader:240 - Cannot read IP mode file for STMicroelectronics.X-CUBE-ISPU.2.0.0
2024-06-27 18:52:04,296 [WARN] PackLoader:240 - Cannot read IP mode file for STMicroelectronics.X-CUBE-ALS.1.0.2
2024-06-27 18:52:04,406 [WARN] PackLoader:240 - Cannot read IP mode file for STMicroelectronics.X-CUBE-MEMS1.10.0.0
2024-06-27 18:52:04,680 [WARN] PackLoader:240 - Cannot read IP mode file for STMicroelectronics.X-CUBE-FREERTOS.1.1.0
2024-06-27 18:52:04,684 [WARN] PackLoader:240 - Cannot read IP mode file for STMicroelectronics.X-CUBE-TOUCHGFX.4.24.0
2024-06-27 18:52:04,699 [WARN] PackLoader:240 - Cannot read IP mode file for portGmbH.I-Cube-SoM-uGOAL.1.1.0
2024-06-27 18:52:04,705 [WARN] PackLoader:240 - Cannot read IP mode file for STMicroelectronics.X-CUBE-ALS.1.0.1
2024-06-27 18:52:04,724 [WARN] PackLoader:240 - Cannot read IP mode file for STMicroelectronics.X-CUBE-AZRTOS-WB.1.1.0
2024-06-27 18:52:04,823 [WARN] PackLoader:240 - Cannot read IP mode file for STMicroelectronics.X-CUBE-AZRTOS-H7RS.1.0.0
2024-06-27 18:52:04,918 [WARN] PackLoader:240 - Cannot read IP mode file for STMicroelectronics.FP-ATR-ASTRA1.2.0.0
2024-06-27 18:52:04,937 [WARN] PackLoader:240 - Cannot read IP mode file for STMicroelectronics.X-CUBE-TOF1.3.4.0
2024-06-27 18:52:04,988 [WARN] PackLoader:240 - Cannot read IP mode file for STMicroelectronics.X-CUBE-TOF1.3.4.1
2024-06-27 18:52:05,109 [WARN] PackLoader:240 - Cannot read IP mode file for STMicroelectronics.X-CUBE-AZRTOS-H7.3.2.0
2024-06-27 18:52:05,116 [INFO] ThirdParty:978 - Integrity check success = true
2024-06-27 18:52:05,116 [INFO] IntegrityCheckThread:100 - exiting critical section [integrity check]
2024-06-27 18:52:05,116 [INFO] IntegrityCheckThread:103 - End integrity checks thread
