2024-07-06 21:46:39,919 [INFO] Activator:176 - 


2024-07-06 21:46:39,931 [INFO] Activator:177 - !SESSION log4j initialized
2024-07-06 21:47:00,940 [INFO] LogOutputStream:77 - [STDOUT_REDIRECT] 
2024-07-06 21:47:08,539 [INFO] ApplicationProperties:184 - Using Application install path: C:\ST\STM32CubeIDE_1.13.0\STM32CubeIDE\plugins\com.st.stm32cube.common.mx_6.11.1.202404110753
2024-07-06 21:47:08,574 [INFO] DbMcusXml:78 - Set database path to: C:\ST\STM32CubeIDE_1.13.0\STM32CubeIDE\plugins\com.st.stm32cube.common.mx_6.11.1.202404110753\\db\/mcu/
2024-07-06 21:47:08,574 [INFO] ApiDb:274 - Set plugin database path to: C:\ST\STM32CubeIDE_1.13.0\STM32CubeIDE\plugins\com.st.stm32cube.common.mx_6.11.1.202404110753\\db\/plugins/boardmanager/
2024-07-06 21:47:08,575 [WARN] ApiDb:259 - Overriding images path with different value:  => C:\ST\STM32CubeIDE_1.13.0\STM32CubeIDE\plugins\com.st.stm32cube.common.mx_6.11.1.202404110753\\db\/plugins/mcufinder/images/
2024-07-06 21:47:08,591 [INFO] ApiDb:250 - Set database path to: C:\Users\rpalma\.stmcufinder\plugins\mcufinder//mcu/
2024-07-06 21:47:08,593 [INFO] DbMcusAds:125 - Set database path to: C:\Users\rpalma\.stmcufinder\plugins\mcufinder//mcu/
2024-07-06 21:47:08,597 [INFO] CrossReferenceDbSqlite:203 - Set database path to: C:\Users\rpalma\.stmcufinder\plugins\mcufinder//mcu/cs/
2024-07-06 21:47:08,988 [INFO] RulesReader:64 - Compatibility file has been processed (297 Rules)
2024-07-06 21:47:10,190 [INFO] DbMcusXml:78 - Set database path to: C:\ST\STM32CubeIDE_1.13.0\STM32CubeIDE\plugins\com.st.stm32cube.common.mx_6.11.1.202404110753\\db\/mcu/
2024-07-06 21:47:10,190 [INFO] ApiDb:274 - Set plugin database path to: C:\ST\STM32CubeIDE_1.13.0\STM32CubeIDE\plugins\com.st.stm32cube.common.mx_6.11.1.202404110753\\db\/plugins/boardmanager/
2024-07-06 21:47:10,191 [INFO] ApiDb:261 - Set plugin images path to: C:\ST\STM32CubeIDE_1.13.0\STM32CubeIDE\plugins\com.st.stm32cube.common.mx_6.11.1.202404110753\\db\/plugins/mcufinder/images/
2024-07-06 21:47:10,191 [WARN] DbFile:41 - Overriding database path with different value: C:\Users\rpalma\.stmcufinder\plugins\mcufinder/ => C:\Users\rpalma\.stmcufinder\plugins\mcufinder
2024-07-06 21:47:10,191 [INFO] ApiDb:250 - Set database path to: C:\Users\rpalma\.stmcufinder\plugins\mcufinder//mcu/
2024-07-06 21:47:10,192 [WARN] DbFile:41 - Overriding database path with different value: C:\Users\rpalma\.stmcufinder\plugins\mcufinder/ => C:\Users\rpalma\.stmcufinder\plugins\mcufinder
2024-07-06 21:47:10,192 [INFO] DbMcusAds:125 - Set database path to: C:\Users\rpalma\.stmcufinder\plugins\mcufinder//mcu/
2024-07-06 21:47:10,192 [WARN] DbFile:41 - Overriding database path with different value: C:\Users\rpalma\.stmcufinder\plugins\mcufinder/ => C:\Users\rpalma\.stmcufinder\plugins\mcufinder
2024-07-06 21:47:10,192 [WARN] DbFile:41 - Overriding database path with different value: C:\Users\rpalma\.stmcufinder\plugins\mcufinder/ => C:\Users\rpalma\.stmcufinder\plugins\mcufinder
2024-07-06 21:47:10,192 [INFO] CrossReferenceDbSqlite:203 - Set database path to: C:\Users\rpalma\.stmcufinder\plugins\mcufinder//mcu/cs/
2024-07-06 21:47:10,385 [INFO] MainPanel:264 - HeapMemory: 268435456
2024-07-06 21:47:10,566 [INFO] DbMcusXml:78 - Set database path to: C:\ST\STM32CubeIDE_1.13.0\STM32CubeIDE\plugins\com.st.stm32cube.common.mx_6.11.1.202404110753\\db\/mcu/
2024-07-06 21:47:10,566 [INFO] ApiDb:274 - Set plugin database path to: C:\ST\STM32CubeIDE_1.13.0\STM32CubeIDE\plugins\com.st.stm32cube.common.mx_6.11.1.202404110753\\db\/plugins/boardmanager/
2024-07-06 21:47:10,566 [INFO] ApiDb:261 - Set plugin images path to: C:\ST\STM32CubeIDE_1.13.0\STM32CubeIDE\plugins\com.st.stm32cube.common.mx_6.11.1.202404110753\\db\/plugins/mcufinder/images/
2024-07-06 21:47:10,567 [WARN] DbFile:41 - Overriding database path with different value: C:\Users\rpalma\.stmcufinder\plugins\mcufinder/ => C:\Users\rpalma\.stmcufinder\plugins\mcufinder
2024-07-06 21:47:10,567 [INFO] ApiDb:250 - Set database path to: C:\Users\rpalma\.stmcufinder\plugins\mcufinder//mcu/
2024-07-06 21:47:10,568 [WARN] DbFile:41 - Overriding database path with different value: C:\Users\rpalma\.stmcufinder\plugins\mcufinder/ => C:\Users\rpalma\.stmcufinder\plugins\mcufinder
2024-07-06 21:47:10,568 [INFO] DbMcusAds:125 - Set database path to: C:\Users\rpalma\.stmcufinder\plugins\mcufinder//mcu/
2024-07-06 21:47:10,568 [WARN] DbFile:41 - Overriding database path with different value: C:\Users\rpalma\.stmcufinder\plugins\mcufinder/ => C:\Users\rpalma\.stmcufinder\plugins\mcufinder
2024-07-06 21:47:10,568 [WARN] DbFile:41 - Overriding database path with different value: C:\Users\rpalma\.stmcufinder\plugins\mcufinder/ => C:\Users\rpalma\.stmcufinder\plugins\mcufinder
2024-07-06 21:47:10,569 [INFO] CrossReferenceDbSqlite:203 - Set database path to: C:\Users\rpalma\.stmcufinder\plugins\mcufinder//mcu/cs/
2024-07-06 21:47:10,634 [INFO] ApplicationProperties:184 - Using Application install path: C:\ST\STM32CubeIDE_1.13.0\STM32CubeIDE\plugins\com.st.stm32cube.common.mx_6.11.1.202404110753
2024-07-06 21:47:10,637 [INFO] PluginManage:196 - Search for loadable plugins [exclusion list=, ]
2024-07-06 21:47:10,640 [INFO] PluginManage:310 - Check plugin analytics
2024-07-06 21:47:11,148 [INFO] AnalyticsPlugin:253 - Accepted Software Licenses: 
2024-07-06 21:47:11,149 [INFO] AnalyticsPlugin:255 - Accepted CMSIS Pack Licenses: 
2024-07-06 21:47:11,150 [INFO] AnalyticsPlugin:257 - Accepted Firmware Licenses: FW.F4.1.27.0
2024-07-06 21:47:11,156 [INFO] PluginManage:359 - Loaded plugin analytics (category:tool,tabindex:-1)
2024-07-06 21:47:11,202 [INFO] PluginManage:310 - Check plugin cadmodel
2024-07-06 21:47:11,347 [INFO] CADModel:105 - Init CAD model plugin
2024-07-06 21:47:11,347 [INFO] PluginManage:359 - Loaded plugin cadmodel (category:power,tabindex:5)
2024-07-06 21:47:11,348 [INFO] PluginManage:310 - Check plugin clock
2024-07-06 21:47:11,372 [INFO] PluginManage:359 - Loaded plugin clock (category:base,tabindex:2)
2024-07-06 21:47:11,372 [INFO] PluginManage:310 - Check plugin ddr
2024-07-06 21:47:11,377 [INFO] PluginManage:359 - Loaded plugin ddr (category:tool,tabindex:6)
2024-07-06 21:47:11,377 [INFO] PluginManage:310 - Check plugin filemanager
2024-07-06 21:47:11,988 [INFO] PluginManage:359 - Loaded plugin filemanager (category:base,tabindex:10)
2024-07-06 21:47:11,989 [INFO] PluginManage:310 - Check plugin ipmanager
2024-07-06 21:47:12,004 [INFO] PluginManage:359 - Loaded plugin ipmanager (category:base,tabindex:5)
2024-07-06 21:47:12,004 [INFO] PluginManage:310 - Check plugin lpbam
2024-07-06 21:47:12,024 [INFO] PluginManage:359 - Loaded plugin lpbam (category:base,tabindex:0)
2024-07-06 21:47:12,025 [INFO] PluginManage:310 - Check plugin memorymap
2024-07-06 21:47:12,057 [INFO] PluginManage:359 - Loaded plugin memorymap (category:base,tabindex:4)
2024-07-06 21:47:12,058 [INFO] PluginManage:310 - Check plugin pinoutandconfiguration
2024-07-06 21:47:12,076 [INFO] PluginManage:359 - Loaded plugin pinoutandconfiguration (category:base,tabindex:1)
2024-07-06 21:47:12,077 [INFO] PluginManage:310 - Check plugin pinoutconfig
2024-07-06 21:47:12,249 [WARN] SupportedApi:132 - Cannot load RTOS API schema: s4s-elt-must-match.1: The content of 'definitions' must match (annotation?, (simpleType | complexType)?, (unique | key | keyref)*)). A problem was found starting at: attribute.
2024-07-06 21:47:12,550 [INFO] PluginManage:359 - Loaded plugin pinoutconfig (category:base,tabindex:0)
2024-07-06 21:47:12,551 [INFO] PluginManage:310 - Check plugin power
2024-07-06 21:47:12,586 [INFO] PluginManage:359 - Loaded plugin power (category:power,tabindex:4)
2024-07-06 21:47:12,586 [INFO] PluginManage:310 - Check plugin projectmanager
2024-07-06 21:47:12,642 [INFO] PluginManage:359 - Loaded plugin projectmanager (category:projectmanager,tabindex:3)
2024-07-06 21:47:12,642 [INFO] PluginManage:310 - Check plugin thirdparty
2024-07-06 21:47:13,051 [INFO] PluginManage:359 - Loaded plugin thirdparty (category:base,tabindex:-1)
2024-07-06 21:47:13,053 [WARN] IntegrityCheckThread:84 - waiting for thirdparty lock release [integrity check]
2024-07-06 21:47:13,055 [INFO] IntegrityCheckThread:86 - entering critical section [integrity check]
2024-07-06 21:47:13,056 [INFO] ThirdPartyUpdaterWithRetryManager:70 - Updater plugin not ready yet. [1/15]
2024-07-06 21:47:13,056 [INFO] PluginManage:310 - Check plugin tools
2024-07-06 21:47:13,063 [INFO] PluginManage:359 - Loaded plugin tools (category:base,tabindex:7)
2024-07-06 21:47:13,063 [INFO] PluginManage:310 - Check plugin tutovideos
2024-07-06 21:47:13,433 [INFO] PluginManage:359 - Loaded plugin tutovideos (category:base,tabindex:-1)
2024-07-06 21:47:13,433 [INFO] PluginManage:310 - Check plugin updater
2024-07-06 21:47:13,466 [INFO] PluginManage:359 - Loaded plugin updater (category:base,tabindex:12)
2024-07-06 21:47:13,466 [INFO] PluginManage:310 - Check plugin userauth
2024-07-06 21:47:13,479 [INFO] UserAuth:114 - Init User Auth plugin
2024-07-06 21:47:13,480 [INFO] PluginManage:359 - Loaded plugin userauth (category:base,tabindex:14)
2024-07-06 21:47:13,480 [INFO] PluginManage:283 - PluginManage : Loaded plugins [17]
2024-07-06 21:47:14,009 [INFO] PinOutPanel:1561 - setPackage(No Configuration,No Configuration)
2024-07-06 21:47:14,176 [INFO] CADModel:165 - CPN selected for project level
2024-07-06 21:47:14,177 [INFO] CADModel:114 - Register for checkConnection events
2024-07-06 21:47:14,213 [INFO] IPUIPlugin:80 - create IPUIPlugin
2024-07-06 21:47:14,214 [INFO] PluginManager:220 - loadIPPluginJar : add adc
2024-07-06 21:47:14,223 [INFO] IPUIPlugin:80 - create IPUIPlugin
2024-07-06 21:47:14,224 [INFO] PluginManager:220 - loadIPPluginJar : add aes
2024-07-06 21:47:14,230 [INFO] IPUIPlugin:80 - create IPUIPlugin
2024-07-06 21:47:14,230 [INFO] PluginManager:220 - loadIPPluginJar : add can
2024-07-06 21:47:14,235 [INFO] IPUIPlugin:80 - create IPUIPlugin
2024-07-06 21:47:14,236 [INFO] PluginManager:220 - loadIPPluginJar : add comp
2024-07-06 21:47:14,242 [INFO] IPUIPlugin:80 - create IPUIPlugin
2024-07-06 21:47:14,242 [INFO] PluginManager:220 - loadIPPluginJar : add cryp
2024-07-06 21:47:14,247 [INFO] IPUIPlugin:80 - create IPUIPlugin
2024-07-06 21:47:14,248 [INFO] PluginManager:220 - loadIPPluginJar : add dfsdm
2024-07-06 21:47:14,257 [INFO] IPUIPlugin:80 - create IPUIPlugin
2024-07-06 21:47:14,258 [INFO] PluginManager:220 - loadIPPluginJar : add dma
2024-07-06 21:47:14,263 [INFO] IPUIPlugin:80 - create IPUIPlugin
2024-07-06 21:47:14,264 [INFO] PluginManager:220 - loadIPPluginJar : add dma3
2024-07-06 21:47:14,269 [INFO] IPUIPlugin:80 - create IPUIPlugin
2024-07-06 21:47:14,269 [INFO] PluginManager:220 - loadIPPluginJar : add extmemmanager
2024-07-06 21:47:14,273 [INFO] IPUIPlugin:80 - create IPUIPlugin
2024-07-06 21:47:14,273 [INFO] PluginManager:220 - loadIPPluginJar : add fatfs
2024-07-06 21:47:14,281 [INFO] IPUIPlugin:80 - create IPUIPlugin
2024-07-06 21:47:14,281 [INFO] PluginManager:220 - loadIPPluginJar : add fmc
2024-07-06 21:47:14,293 [INFO] IPUIPlugin:80 - create IPUIPlugin
2024-07-06 21:47:14,293 [INFO] PluginManager:220 - loadIPPluginJar : add freertos
2024-07-06 21:47:14,297 [INFO] IPUIPlugin:80 - create IPUIPlugin
2024-07-06 21:47:14,298 [INFO] PluginManager:220 - loadIPPluginJar : add genericplugin
2024-07-06 21:47:14,305 [INFO] IPUIPlugin:80 - create IPUIPlugin
2024-07-06 21:47:14,305 [INFO] PluginManager:220 - loadIPPluginJar : add gfxmmu
2024-07-06 21:47:14,316 [INFO] IPUIPlugin:80 - create IPUIPlugin
2024-07-06 21:47:14,316 [INFO] PluginManager:220 - loadIPPluginJar : add gic
2024-07-06 21:47:14,326 [INFO] IPUIPlugin:80 - create IPUIPlugin
2024-07-06 21:47:14,326 [INFO] PluginManager:220 - loadIPPluginJar : add gpio
2024-07-06 21:47:14,335 [INFO] IPUIPlugin:80 - create IPUIPlugin
2024-07-06 21:47:14,335 [INFO] PluginManager:220 - loadIPPluginJar : add gtzc
2024-07-06 21:47:14,339 [INFO] IPUIPlugin:80 - create IPUIPlugin
2024-07-06 21:47:14,340 [INFO] PluginManager:220 - loadIPPluginJar : add hash
2024-07-06 21:47:14,346 [INFO] IPUIPlugin:80 - create IPUIPlugin
2024-07-06 21:47:14,346 [INFO] PluginManager:220 - loadIPPluginJar : add i2c
2024-07-06 21:47:14,351 [INFO] IPUIPlugin:80 - create IPUIPlugin
2024-07-06 21:47:14,351 [INFO] PluginManager:220 - loadIPPluginJar : add i2s
2024-07-06 21:47:14,357 [INFO] IPUIPlugin:80 - create IPUIPlugin
2024-07-06 21:47:14,357 [INFO] PluginManager:220 - loadIPPluginJar : add i3c
2024-07-06 21:47:14,363 [INFO] IPUIPlugin:80 - create IPUIPlugin
2024-07-06 21:47:14,363 [INFO] PluginManager:220 - loadIPPluginJar : add ipddr
2024-07-06 21:47:14,374 [INFO] IPUIPlugin:80 - create IPUIPlugin
2024-07-06 21:47:14,374 [INFO] PluginManager:220 - loadIPPluginJar : add linkedlist
2024-07-06 21:47:14,379 [INFO] IPUIPlugin:80 - create IPUIPlugin
2024-07-06 21:47:14,379 [INFO] PluginManager:220 - loadIPPluginJar : add lorawan
2024-07-06 21:47:14,383 [INFO] IPUIPlugin:80 - create IPUIPlugin
2024-07-06 21:47:14,383 [INFO] PluginManager:220 - loadIPPluginJar : add ltdc
2024-07-06 21:47:14,393 [INFO] IPUIPlugin:80 - create IPUIPlugin
2024-07-06 21:47:14,394 [INFO] PluginManager:220 - loadIPPluginJar : add mdma
2024-07-06 21:47:14,400 [INFO] IPUIPlugin:80 - create IPUIPlugin
2024-07-06 21:47:14,401 [INFO] PluginManager:220 - loadIPPluginJar : add nvic
2024-07-06 21:47:14,406 [INFO] IPUIPlugin:80 - create IPUIPlugin
2024-07-06 21:47:14,406 [INFO] PluginManager:220 - loadIPPluginJar : add opamp
2024-07-06 21:47:14,413 [INFO] IPUIPlugin:80 - create IPUIPlugin
2024-07-06 21:47:14,414 [INFO] PluginManager:220 - loadIPPluginJar : add openamp
2024-07-06 21:47:14,420 [INFO] IPUIPlugin:80 - create IPUIPlugin
2024-07-06 21:47:14,420 [INFO] PluginManager:220 - loadIPPluginJar : add pdm2pcm
2024-07-06 21:47:14,429 [INFO] IPUIPlugin:80 - create IPUIPlugin
2024-07-06 21:47:14,432 [INFO] PluginManager:220 - loadIPPluginJar : add plateformsettings
2024-07-06 21:47:14,436 [INFO] IPUIPlugin:80 - create IPUIPlugin
2024-07-06 21:47:14,437 [INFO] PluginManager:220 - loadIPPluginJar : add quadspi
2024-07-06 21:47:14,444 [INFO] IPUIPlugin:80 - create IPUIPlugin
2024-07-06 21:47:14,444 [INFO] PluginManager:220 - loadIPPluginJar : add resmgrutility
2024-07-06 21:47:14,450 [INFO] IPUIPlugin:80 - create IPUIPlugin
2024-07-06 21:47:14,450 [INFO] PluginManager:220 - loadIPPluginJar : add sai
2024-07-06 21:47:14,456 [INFO] IPUIPlugin:80 - create IPUIPlugin
2024-07-06 21:47:14,456 [INFO] PluginManager:220 - loadIPPluginJar : add spi
2024-07-06 21:47:14,464 [INFO] IPUIPlugin:80 - create IPUIPlugin
2024-07-06 21:47:14,464 [INFO] PluginManager:220 - loadIPPluginJar : add stm32_wpan
2024-07-06 21:47:14,468 [INFO] IPUIPlugin:80 - create IPUIPlugin
2024-07-06 21:47:14,468 [INFO] PluginManager:220 - loadIPPluginJar : add tim
2024-07-06 21:47:14,474 [INFO] IPUIPlugin:80 - create IPUIPlugin
2024-07-06 21:47:14,474 [INFO] PluginManager:220 - loadIPPluginJar : add touchsensing
2024-07-06 21:47:14,478 [INFO] IPUIPlugin:80 - create IPUIPlugin
2024-07-06 21:47:14,478 [INFO] PluginManager:220 - loadIPPluginJar : add tracer_emb
2024-07-06 21:47:14,482 [INFO] IPUIPlugin:80 - create IPUIPlugin
2024-07-06 21:47:14,483 [INFO] PluginManager:220 - loadIPPluginJar : add ts
2024-07-06 21:47:14,487 [INFO] IPUIPlugin:80 - create IPUIPlugin
2024-07-06 21:47:14,487 [INFO] PluginManager:220 - loadIPPluginJar : add tsc
2024-07-06 21:47:14,492 [INFO] IPUIPlugin:80 - create IPUIPlugin
2024-07-06 21:47:14,492 [INFO] PluginManager:220 - loadIPPluginJar : add ucpd
2024-07-06 21:47:14,498 [INFO] IPUIPlugin:80 - create IPUIPlugin
2024-07-06 21:47:14,498 [INFO] PluginManager:220 - loadIPPluginJar : add usart
2024-07-06 21:47:14,504 [INFO] IPUIPlugin:80 - create IPUIPlugin
2024-07-06 21:47:14,504 [INFO] PluginManager:220 - loadIPPluginJar : add usbx
2024-07-06 21:47:14,670 [INFO] CADModel:165 - CPN selected for project level
2024-07-06 21:47:14,670 [INFO] CADModel:114 - Register for checkConnection events
2024-07-06 21:47:14,670 [FATAL] Updater:308 - Updater called before beeing initialized
2024-07-06 21:47:14,671 [ERROR] CADModel:125 - Updater not yet initialized, retry later 
2024-07-06 21:47:14,908 [INFO] CADModel:165 - CPN selected for project level
2024-07-06 21:47:14,908 [INFO] CADModel:114 - Register for checkConnection events
2024-07-06 21:47:14,909 [FATAL] Updater:308 - Updater called before beeing initialized
2024-07-06 21:47:14,909 [ERROR] CADModel:125 - Updater not yet initialized, retry later 
2024-07-06 21:47:14,914 [FATAL] Updater:308 - Updater called before beeing initialized
2024-07-06 21:47:15,182 [FATAL] Updater:308 - Updater called before beeing initialized
2024-07-06 21:47:15,189 [INFO] DbMcusAds:53 - JSON generation date=Thu May 16 03:22:00 CST 2024 (1715851320852)
2024-07-06 21:47:15,190 [FATAL] Updater:308 - Updater called before beeing initialized
2024-07-06 21:47:15,305 [WARN] DetailPanel:346 - Failed to get advertising image, set to default
2024-07-06 21:47:15,439 [FATAL] Updater:308 - Updater called before beeing initialized
2024-07-06 21:47:15,442 [FATAL] Updater:308 - Updater called before beeing initialized
2024-07-06 21:47:15,443 [FATAL] Updater:308 - Updater called before beeing initialized
2024-07-06 21:47:15,443 [WARN] DetailPanel:346 - Failed to get advertising image, set to default
2024-07-06 21:47:15,444 [FATAL] Updater:308 - Updater called before beeing initialized
2024-07-06 21:47:15,538 [ERROR] Updater:1120 - MainUpdater not yet initialized. External WinMGr cannot be set.
2024-07-06 21:47:15,542 [INFO] Updater:1056 - Updater Version found : 6.11.1
2024-07-06 21:47:15,572 [INFO] ApplicationProperties:184 - Using Application install path: C:\ST\STM32CubeIDE_1.13.0\STM32CubeIDE\plugins\com.st.stm32cube.common.mx_6.11.1.202404110753
2024-07-06 21:47:16,058 [INFO] ThirdPartyUpdaterWithRetryManager:70 - Updater plugin not ready yet. [2/15]
2024-07-06 21:47:17,159 [ERROR] LogOutputStream:75 - [STDERR_REDIRECT] Jul 06, 2024 9:47:17 PM java.util.prefs.WindowsPreferences <init>
2024-07-06 21:47:17,163 [ERROR] LogOutputStream:75 - [STDERR_REDIRECT] WARNING: Could not open/create prefs root node Software\JavaSoft\Prefs at root 0xffffffff80000002. Windows RegCreateKeyEx(...) returned error code 5.
2024-07-06 21:47:17,164 [ERROR] LogOutputStream:75 - [STDERR_REDIRECT] 
2024-07-06 21:47:18,193 [INFO] MainUpdater:2873 - connection check result : 10
2024-07-06 21:47:18,194 [INFO] MainUpdater:290 - Updater Check For Update Now.
2024-07-06 21:47:18,194 [INFO] MicroXplorer:498 - Change Database Version : DB.6.0.111
2024-07-06 21:47:18,205 [INFO] McuFinderGlobals:63 - Set McuFinder mode to 2 (CubeIDE integrated)
2024-07-06 21:47:18,225 [INFO] UserAuth:415 - Internet connection configuration mode: 1
2024-07-06 21:47:18,257 [INFO] JxBrowserEngine:152 - Initiate JxBrowser Engine with user profile folder
2024-07-06 21:47:18,505 [INFO] CheckServerUpdateThread:120 - End of CheckServer Thread
2024-07-06 21:47:19,625 [WARN] PackLoader:240 - Cannot read IP mode file for STMicroelectronics.FP-SNS-MOTENVWB1.1.4.0
2024-07-06 21:47:19,648 [WARN] PackLoader:240 - Cannot read IP mode file for STMicroelectronics.X-CUBE-SMBUS.2.1.0
2024-07-06 21:47:19,659 [WARN] PackLoader:240 - Cannot read IP mode file for STMicroelectronics.X-CUBE-TOUCHGFX.4.23.0
2024-07-06 21:47:19,666 [WARN] PackLoader:240 - Cannot read IP mode file for STMicroelectronics.X-CUBE-TOUCHGFX.4.23.2
2024-07-06 21:47:19,776 [WARN] PackLoader:240 - Cannot read IP mode file for STMicroelectronics.X-CUBE-AZRTOS-F7.1.1.0
2024-07-06 21:47:19,804 [WARN] PackLoader:240 - Cannot read IP mode file for STMicroelectronics.FP-SNS-MOTENV1.4.3.2
2024-07-06 21:47:19,831 [WARN] PackLoader:240 - Cannot read IP mode file for STMicroelectronics.X-CUBE-BLE1.6.2.4
2024-07-06 21:47:19,842 [WARN] PackLoader:240 - Cannot read IP mode file for STMicroelectronics.FP-SNS-FLIGHT1.5.0.2
2024-07-06 21:47:19,867 [WARN] PackLoader:240 - Cannot read IP mode file for STMicroelectronics.X-CUBE-DISPLAY.3.0.0
2024-07-06 21:47:19,919 [WARN] PackLoader:240 - Cannot read IP mode file for STMicroelectronics.X-CUBE-BLE1.7.0.0
2024-07-06 21:47:19,936 [WARN] PackLoader:240 - Cannot read IP mode file for emotas.I-CUBE-CANOPEN.1.3.0
2024-07-06 21:47:19,964 [WARN] PackLoader:240 - Cannot read IP mode file for STMicroelectronics.X-CUBE-TOUCHGFX.4.22.0
2024-07-06 21:47:19,997 [WARN] PackLoader:240 - Cannot read IP mode file for STMicroelectronics.X-CUBE-BLEMGR.3.1.0
2024-07-06 21:47:20,048 [WARN] PackLoader:240 - Cannot read IP mode file for STMicroelectronics.FP-SNS-SMARTAG2.1.2.0
2024-07-06 21:47:20,074 [INFO] LogOutputStream:77 - [STDOUT_REDIRECT] 1 : Invalid condition id : UX_CORESTACK_Condition cause : null
2024-07-06 21:47:20,074 [INFO] LogOutputStream:77 - [STDOUT_REDIRECT] 1 : Invalid condition id : UX_CORESTACK_Condition cause : null
2024-07-06 21:47:20,077 [INFO] LogOutputStream:77 - [STDOUT_REDIRECT] 1 : Invalid condition id : UX_CORESTACK_Condition cause : null
2024-07-06 21:47:20,079 [INFO] LogOutputStream:77 - [STDOUT_REDIRECT] 1 : Invalid condition id : UX_CORESTACK_Condition cause : null
2024-07-06 21:47:20,081 [INFO] LogOutputStream:77 - [STDOUT_REDIRECT] 1 : Invalid condition id : UX_CORESTACK_Condition cause : null
2024-07-06 21:47:20,110 [WARN] PackLoader:240 - Cannot read IP mode file for STMicroelectronics.X-CUBE-AZRTOS-WL.2.0.0
2024-07-06 21:47:20,164 [WARN] PackLoader:240 - Cannot read IP mode file for STMicroelectronics.FP-SNS-MOTENV1.5.0.0
2024-07-06 21:47:20,180 [WARN] PackLoader:240 - Cannot read IP mode file for wolfSSL.I-CUBE-wolfMQTT.1.19.0
2024-07-06 21:47:20,223 [WARN] PackLoader:240 - Cannot read IP mode file for WES.I-CUBE-Cesium.1.3.0
2024-07-06 21:47:20,234 [WARN] PackLoader:240 - Cannot read IP mode file for STMicroelectronics.X-CUBE-BLE2.3.3.0
2024-07-06 21:47:20,249 [WARN] PackLoader:240 - Cannot read IP mode file for STMicroelectronics.X-CUBE-TCPP.4.1.0
2024-07-06 21:47:20,281 [WARN] PackLoader:240 - Cannot read IP mode file for STMicroelectronics.X-CUBE-ALGOBUILD.1.3.0
2024-07-06 21:47:20,348 [WARN] PackLoader:240 - Cannot read IP mode file for STMicroelectronics.X-CUBE-AZRTOS-G0.1.1.0
2024-07-06 21:47:20,369 [WARN] PackLoader:240 - Cannot read IP mode file for STMicroelectronics.X-CUBE-SAFEA1.1.2.2
2024-07-06 21:47:20,381 [WARN] PackLoader:240 - Cannot read IP mode file for STMicroelectronics.X-CUBE-NFC4.3.0.0
2024-07-06 21:47:20,415 [WARN] PackLoader:240 - Cannot read IP mode file for wolfSSL.I-CUBE-wolfMQTT.1.18.0
2024-07-06 21:47:20,429 [WARN] PackLoader:240 - Cannot read IP mode file for STMicroelectronics.X-CUBE-BLEMGR.3.0.0
2024-07-06 21:47:20,451 [WARN] PackLoader:240 - Cannot read IP mode file for STMicroelectronics.FP-ATR-SIGFOX1.3.2.0
2024-07-06 21:47:20,479 [WARN] PackLoader:240 - Cannot read IP mode file for STMicroelectronics.X-CUBE-EEPRMA1.5.1.0
2024-07-06 21:47:20,572 [WARN] PackLoader:240 - Cannot read IP mode file for SEGGER.I-CUBE-embOS.1.3.1
2024-07-06 21:47:20,792 [WARN] PackLoader:240 - Cannot read IP mode file for STMicroelectronics.X-CUBE-ALGOBUILD.1.4.0
2024-07-06 21:47:20,847 [WARN] PackLoader:240 - Cannot read IP mode file for STMicroelectronics.X-CUBE-GNSS1.6.0.0
2024-07-06 21:47:20,942 [WARN] PackLoader:240 - Cannot read IP mode file for STMicroelectronics.X-CUBE-AZRTOS-F4.1.1.0
2024-07-06 21:47:21,083 [WARN] PackLoader:240 - Cannot read IP mode file for wolfSSL.I-CUBE-wolfSSL.5.6.3
2024-07-06 21:47:21,275 [WARN] PackLoader:240 - Cannot read IP mode file for STMicroelectronics.X-CUBE-FREERTOS.1.2.0
2024-07-06 21:47:21,425 [WARN] PackLoader:240 - Cannot read IP mode file for STMicroelectronics.X-CUBE-AZRTOS-L5.2.0.0
2024-07-06 21:47:21,594 [WARN] PackLoader:240 - Cannot read IP mode file for STMicroelectronics.X-CUBE-MEMS1.9.6.0
2024-07-06 21:47:22,192 [WARN] PackLoader:240 - Cannot read IP mode file for STMicroelectronics.X-CUBE-EEPRMA1.4.2.0
2024-07-06 21:47:22,257 [WARN] PackLoader:240 - Cannot read IP mode file for STMicroelectronics.X-CUBE-NFC6.3.1.0
2024-07-06 21:47:22,272 [WARN] PackLoader:240 - Cannot read IP mode file for ITTIA_DB.I-CUBE-ITTIADB.8.8.0
2024-07-06 21:47:22,298 [WARN] PackLoader:240 - Cannot read IP mode file for STMicroelectronics.X-CUBE-BLEMGR.2.0.0
2024-07-06 21:47:22,311 [WARN] PackLoader:240 - Cannot read IP mode file for STMicroelectronics.X-CUBE-DPower.1.2.0
2024-07-06 21:47:22,322 [WARN] PackLoader:240 - Cannot read IP mode file for STMicroelectronics.X-CUBE-AI.9.0.0
2024-07-06 21:47:22,365 [WARN] ConditionMgr:438 - getConditionDescription Invalid condition id : UX DEVICE CLASS RTOS Condition cause : null
2024-07-06 21:47:22,366 [WARN] ConditionMgr:438 - getConditionDescription Invalid condition id : UX DEVICE CLASS RTOS Condition cause : null
2024-07-06 21:47:22,371 [WARN] PackLoader:240 - Cannot read IP mode file for STMicroelectronics.X-CUBE-AZRTOS-H7.3.1.0
2024-07-06 21:47:22,372 [WARN] ConditionMgr:1039 - genDependencies : Invalid condition id : UX DEVICE CLASS RTOS Condition cause : null
2024-07-06 21:47:22,373 [WARN] ConditionMgr:1039 - genDependencies : Invalid condition id : UX DEVICE CLASS RTOS Condition cause : null
2024-07-06 21:47:22,374 [WARN] ConditionMgr:1039 - genDependencies : Invalid condition id : UX DEVICE CLASS RTOS Condition cause : null
2024-07-06 21:47:22,374 [WARN] ConditionMgr:1039 - genDependencies : Invalid condition id : UX DEVICE CLASS RTOS Condition cause : null
2024-07-06 21:47:22,375 [WARN] ConditionMgr:1039 - genDependencies : Invalid condition id : UX DEVICE CLASS RTOS Condition cause : null
2024-07-06 21:47:22,409 [WARN] PackLoader:240 - Cannot read IP mode file for STMicroelectronics.X-CUBE-NFC7.1.0.1
2024-07-06 21:47:22,432 [WARN] PackLoader:240 - Cannot read IP mode file for STMicroelectronics.X-CUBE-NFC6.3.0.0
2024-07-06 21:47:22,443 [WARN] PackLoader:240 - Cannot read IP mode file for STMicroelectronics.X-CUBE-EEPRMA1.4.1.0
2024-07-06 21:47:22,464 [WARN] PackLoader:240 - Cannot read IP mode file for STMicroelectronics.X-CUBE-AI.8.1.0
2024-07-06 21:47:22,516 [WARN] ConditionMgr:438 - getConditionDescription Invalid condition id : LAN8742 Phy interface Condition cause : null
2024-07-06 21:47:22,532 [WARN] PackLoader:240 - Cannot read IP mode file for STMicroelectronics.X-CUBE-AZRTOS-L4.2.0.0
2024-07-06 21:47:22,535 [WARN] ConditionMgr:1039 - genDependencies : Invalid condition id : LAN8742 Phy interface Condition cause : null
2024-07-06 21:47:22,535 [WARN] ConditionMgr:1039 - genDependencies : Invalid condition id : LAN8742 Phy interface Condition cause : null
2024-07-06 21:47:22,536 [WARN] ConditionMgr:1039 - genDependencies : Invalid condition id : LAN8742 Phy interface Condition cause : null
2024-07-06 21:47:22,628 [WARN] PackLoader:240 - Cannot read IP mode file for STMicroelectronics.X-CUBE-SFXS2LP1.4.0.0
2024-07-06 21:47:22,665 [WARN] PackLoader:240 - Cannot read IP mode file for STMicroelectronics.X-CUBE-ISPU.1.1.0
2024-07-06 21:47:22,780 [WARN] ConditionMgr:438 - getConditionDescription Invalid condition id : UX DEVICE CLASS RTOS Condition cause : null
2024-07-06 21:47:22,780 [WARN] ConditionMgr:438 - getConditionDescription Invalid condition id : UX DEVICE CLASS RTOS Condition cause : null
2024-07-06 21:47:22,783 [WARN] PackLoader:240 - Cannot read IP mode file for STMicroelectronics.X-CUBE-AZRTOS-WB.2.0.0
2024-07-06 21:47:22,792 [WARN] ConditionMgr:1039 - genDependencies : Invalid condition id : UX DEVICE CLASS RTOS Condition cause : null
2024-07-06 21:47:22,792 [WARN] ConditionMgr:1039 - genDependencies : Invalid condition id : UX DEVICE CLASS RTOS Condition cause : null
2024-07-06 21:47:22,793 [WARN] ConditionMgr:1039 - genDependencies : Invalid condition id : UX DEVICE CLASS RTOS Condition cause : null
2024-07-06 21:47:22,793 [WARN] ConditionMgr:1039 - genDependencies : Invalid condition id : UX DEVICE CLASS RTOS Condition cause : null
2024-07-06 21:47:22,793 [WARN] ConditionMgr:1039 - genDependencies : Invalid condition id : UX DEVICE CLASS RTOS Condition cause : null
2024-07-06 21:47:22,820 [WARN] PackLoader:240 - Cannot read IP mode file for STMicroelectronics.X-CUBE-FREERTOS.1.0.1
2024-07-06 21:47:22,953 [WARN] PackLoader:240 - Cannot read IP mode file for STMicroelectronics.X-CUBE-AZRTOS-L5.1.1.0
2024-07-06 21:47:23,054 [WARN] PackLoader:240 - Cannot read IP mode file for STMicroelectronics.X-CUBE-AI.8.0.1
2024-07-06 21:47:23,086 [WARN] PackLoader:240 - Cannot read IP mode file for STMicroelectronics.X-CUBE-SUBG2.5.0.0
2024-07-06 21:47:23,121 [WARN] PackLoader:240 - Cannot read IP mode file for Cesanta.I-CUBE-Mongoose.7.13.0
2024-07-06 21:47:23,149 [WARN] PackLoader:240 - Cannot read IP mode file for STMicroelectronics.X-CUBE-TOF1.3.3.1
2024-07-06 21:47:23,223 [WARN] PackLoader:240 - Cannot read IP mode file for STMicroelectronics.X-CUBE-AZRTOS-G4.2.0.0
2024-07-06 21:47:23,322 [WARN] PackLoader:240 - Cannot read IP mode file for Infineon.AIROC-Wi-Fi-Bluetooth-STM32.1.5.1
2024-07-06 21:47:23,434 [WARN] PackLoader:240 - Cannot read IP mode file for STMicroelectronics.FP-SNS-MOTENVWB1.1.3.1
2024-07-06 21:47:23,531 [WARN] PackLoader:240 - Cannot read IP mode file for STMicroelectronics.X-CUBE-ISPU.2.0.0
2024-07-06 21:47:23,585 [WARN] PackLoader:240 - Cannot read IP mode file for STMicroelectronics.X-CUBE-ALS.1.0.2
2024-07-06 21:47:23,728 [WARN] PackLoader:240 - Cannot read IP mode file for STMicroelectronics.X-CUBE-MEMS1.10.0.0
2024-07-06 21:47:24,227 [WARN] PackLoader:240 - Cannot read IP mode file for STMicroelectronics.X-CUBE-FREERTOS.1.1.0
2024-07-06 21:47:24,233 [WARN] PackLoader:240 - Cannot read IP mode file for STMicroelectronics.X-CUBE-TOUCHGFX.4.24.0
2024-07-06 21:47:24,246 [WARN] PackLoader:240 - Cannot read IP mode file for portGmbH.I-Cube-SoM-uGOAL.1.1.0
2024-07-06 21:47:24,298 [WARN] PackLoader:240 - Cannot read IP mode file for STMicroelectronics.X-CUBE-ALS.1.0.1
2024-07-06 21:47:24,371 [WARN] PackLoader:240 - Cannot read IP mode file for STMicroelectronics.X-CUBE-AZRTOS-WB.1.1.0
2024-07-06 21:47:24,443 [WARN] PackLoader:240 - Cannot read IP mode file for STMicroelectronics.X-CUBE-AZRTOS-H7RS.1.0.0
2024-07-06 21:47:24,544 [WARN] PackLoader:240 - Cannot read IP mode file for STMicroelectronics.FP-ATR-ASTRA1.2.0.0
2024-07-06 21:47:24,625 [WARN] PackLoader:240 - Cannot read IP mode file for STMicroelectronics.X-CUBE-TOF1.3.4.0
2024-07-06 21:47:24,708 [WARN] PackLoader:240 - Cannot read IP mode file for STMicroelectronics.X-CUBE-TOF1.3.4.1
2024-07-06 21:47:24,795 [WARN] PackLoader:240 - Cannot read IP mode file for STMicroelectronics.X-CUBE-AZRTOS-H7.3.2.0
2024-07-06 21:47:24,799 [INFO] ThirdParty:978 - Integrity check success = true
2024-07-06 21:47:24,799 [INFO] IntegrityCheckThread:100 - exiting critical section [integrity check]
2024-07-06 21:47:24,800 [INFO] IntegrityCheckThread:103 - End integrity checks thread
2024-07-06 21:47:28,225 [INFO] WebApp:161 - Instantiating new browser for Auth
2024-07-06 21:47:29,641 [INFO] WebApp:779 - Register for checkConnection events
2024-07-06 21:47:29,641 [INFO] WebApp:414 - Apply proxy settings
2024-07-06 21:47:29,642 [INFO] WebApp:499 - Chromium requires no authentication
2024-07-06 21:47:29,656 [INFO] WebApp:442 - Direct internet connection detected
2024-07-06 21:47:30,020 [INFO] WebApp:192 - Starting web application
2024-07-06 21:47:30,021 [INFO] WebApp:544 - Web application path used C:\ST\STM32CubeIDE_1.13.0\STM32CubeIDE\plugins\com.st.stm32cube.common.mx_6.11.1.202404110753\db\plugins\mcufinder\reactClient1\index.html
