2024-07-04 16:25:09,524 [INFO] Activator:176 - 


2024-07-04 16:25:09,538 [INFO] Activator:177 - !SESSION log4j initialized
2024-07-04 16:26:29,188 [INFO] LogOutputStream:77 - [STDOUT_REDIRECT] 
2024-07-04 16:27:17,625 [INFO] ApplicationProperties:184 - Using Application install path: C:\ST\STM32CubeIDE_1.13.0\STM32CubeIDE\plugins\com.st.stm32cube.common.mx_6.11.1.202404110753
2024-07-04 16:27:17,723 [INFO] DbMcusXml:78 - Set database path to: C:\ST\STM32CubeIDE_1.13.0\STM32CubeIDE\plugins\com.st.stm32cube.common.mx_6.11.1.202404110753\\db\/mcu/
2024-07-04 16:27:17,724 [INFO] ApiDb:274 - Set plugin database path to: C:\ST\STM32CubeIDE_1.13.0\STM32CubeIDE\plugins\com.st.stm32cube.common.mx_6.11.1.202404110753\\db\/plugins/boardmanager/
2024-07-04 16:27:17,724 [WARN] ApiDb:259 - Overriding images path with different value:  => C:\ST\STM32CubeIDE_1.13.0\STM32CubeIDE\plugins\com.st.stm32cube.common.mx_6.11.1.202404110753\\db\/plugins/mcufinder/images/
2024-07-04 16:27:17,796 [INFO] ApiDb:250 - Set database path to: C:\Users\rpalma\.stmcufinder\plugins\mcufinder//mcu/
2024-07-04 16:27:17,799 [INFO] DbMcusAds:125 - Set database path to: C:\Users\rpalma\.stmcufinder\plugins\mcufinder//mcu/
2024-07-04 16:27:17,879 [INFO] CrossReferenceDbSqlite:203 - Set database path to: C:\Users\rpalma\.stmcufinder\plugins\mcufinder//mcu/cs/
2024-07-04 16:27:18,415 [INFO] RulesReader:64 - Compatibility file has been processed (297 Rules)
2024-07-04 16:29:48,833 [INFO] DbMcusXml:78 - Set database path to: C:\ST\STM32CubeIDE_1.13.0\STM32CubeIDE\plugins\com.st.stm32cube.common.mx_6.11.1.202404110753\\db\/mcu/
2024-07-04 16:29:48,833 [INFO] ApiDb:274 - Set plugin database path to: C:\ST\STM32CubeIDE_1.13.0\STM32CubeIDE\plugins\com.st.stm32cube.common.mx_6.11.1.202404110753\\db\/plugins/boardmanager/
2024-07-04 16:29:48,833 [INFO] ApiDb:261 - Set plugin images path to: C:\ST\STM32CubeIDE_1.13.0\STM32CubeIDE\plugins\com.st.stm32cube.common.mx_6.11.1.202404110753\\db\/plugins/mcufinder/images/
2024-07-04 16:29:48,834 [WARN] DbFile:41 - Overriding database path with different value: C:\Users\rpalma\.stmcufinder\plugins\mcufinder/ => C:\Users\rpalma\.stmcufinder\plugins\mcufinder
2024-07-04 16:29:48,834 [INFO] ApiDb:250 - Set database path to: C:\Users\rpalma\.stmcufinder\plugins\mcufinder//mcu/
2024-07-04 16:29:48,834 [WARN] DbFile:41 - Overriding database path with different value: C:\Users\rpalma\.stmcufinder\plugins\mcufinder/ => C:\Users\rpalma\.stmcufinder\plugins\mcufinder
2024-07-04 16:29:48,834 [INFO] DbMcusAds:125 - Set database path to: C:\Users\rpalma\.stmcufinder\plugins\mcufinder//mcu/
2024-07-04 16:29:48,834 [WARN] DbFile:41 - Overriding database path with different value: C:\Users\rpalma\.stmcufinder\plugins\mcufinder/ => C:\Users\rpalma\.stmcufinder\plugins\mcufinder
2024-07-04 16:29:48,835 [WARN] DbFile:41 - Overriding database path with different value: C:\Users\rpalma\.stmcufinder\plugins\mcufinder/ => C:\Users\rpalma\.stmcufinder\plugins\mcufinder
2024-07-04 16:29:48,882 [INFO] CrossReferenceDbSqlite:203 - Set database path to: C:\Users\rpalma\.stmcufinder\plugins\mcufinder//mcu/cs/
2024-07-04 16:31:09,161 [INFO] MainPanel:264 - HeapMemory: 1073741824
2024-07-04 16:31:09,364 [INFO] DbMcusXml:78 - Set database path to: C:\ST\STM32CubeIDE_1.13.0\STM32CubeIDE\plugins\com.st.stm32cube.common.mx_6.11.1.202404110753\\db\/mcu/
2024-07-04 16:31:09,364 [INFO] ApiDb:274 - Set plugin database path to: C:\ST\STM32CubeIDE_1.13.0\STM32CubeIDE\plugins\com.st.stm32cube.common.mx_6.11.1.202404110753\\db\/plugins/boardmanager/
2024-07-04 16:31:09,365 [INFO] ApiDb:261 - Set plugin images path to: C:\ST\STM32CubeIDE_1.13.0\STM32CubeIDE\plugins\com.st.stm32cube.common.mx_6.11.1.202404110753\\db\/plugins/mcufinder/images/
2024-07-04 16:31:09,365 [WARN] DbFile:41 - Overriding database path with different value: C:\Users\rpalma\.stmcufinder\plugins\mcufinder/ => C:\Users\rpalma\.stmcufinder\plugins\mcufinder
2024-07-04 16:31:09,365 [INFO] ApiDb:250 - Set database path to: C:\Users\rpalma\.stmcufinder\plugins\mcufinder//mcu/
2024-07-04 16:31:09,366 [WARN] DbFile:41 - Overriding database path with different value: C:\Users\rpalma\.stmcufinder\plugins\mcufinder/ => C:\Users\rpalma\.stmcufinder\plugins\mcufinder
2024-07-04 16:31:09,366 [INFO] DbMcusAds:125 - Set database path to: C:\Users\rpalma\.stmcufinder\plugins\mcufinder//mcu/
2024-07-04 16:31:09,367 [WARN] DbFile:41 - Overriding database path with different value: C:\Users\rpalma\.stmcufinder\plugins\mcufinder/ => C:\Users\rpalma\.stmcufinder\plugins\mcufinder
2024-07-04 16:31:09,367 [WARN] DbFile:41 - Overriding database path with different value: C:\Users\rpalma\.stmcufinder\plugins\mcufinder/ => C:\Users\rpalma\.stmcufinder\plugins\mcufinder
2024-07-04 16:31:09,388 [INFO] CrossReferenceDbSqlite:203 - Set database path to: C:\Users\rpalma\.stmcufinder\plugins\mcufinder//mcu/cs/
2024-07-04 16:31:29,504 [INFO] ApplicationProperties:184 - Using Application install path: C:\ST\STM32CubeIDE_1.13.0\STM32CubeIDE\plugins\com.st.stm32cube.common.mx_6.11.1.202404110753
2024-07-04 16:31:29,507 [INFO] PluginManage:196 - Search for loadable plugins [exclusion list=, ]
2024-07-04 16:31:29,511 [INFO] PluginManage:310 - Check plugin analytics
2024-07-04 16:31:30,423 [INFO] AnalyticsPlugin:253 - Accepted Software Licenses: 
2024-07-04 16:31:30,423 [INFO] AnalyticsPlugin:255 - Accepted CMSIS Pack Licenses: 
2024-07-04 16:31:30,423 [INFO] AnalyticsPlugin:257 - Accepted Firmware Licenses: FW.F4.1.27.0
2024-07-04 16:31:30,424 [INFO] PluginManage:359 - Loaded plugin analytics (category:tool,tabindex:-1)
2024-07-04 16:31:30,425 [INFO] PluginManage:310 - Check plugin cadmodel
2024-07-04 16:31:30,801 [INFO] CADModel:105 - Init CAD model plugin
2024-07-04 16:31:30,802 [INFO] PluginManage:359 - Loaded plugin cadmodel (category:power,tabindex:5)
2024-07-04 16:31:30,802 [INFO] PluginManage:310 - Check plugin clock
2024-07-04 16:31:30,834 [INFO] PluginManage:359 - Loaded plugin clock (category:base,tabindex:2)
2024-07-04 16:31:30,834 [INFO] PluginManage:310 - Check plugin ddr
2024-07-04 16:31:30,840 [INFO] PluginManage:359 - Loaded plugin ddr (category:tool,tabindex:6)
2024-07-04 16:31:30,840 [INFO] PluginManage:310 - Check plugin filemanager
2024-07-04 16:31:41,503 [INFO] PluginManage:359 - Loaded plugin filemanager (category:base,tabindex:10)
2024-07-04 16:31:41,503 [INFO] PluginManage:310 - Check plugin ipmanager
2024-07-04 16:32:01,579 [INFO] PluginManage:359 - Loaded plugin ipmanager (category:base,tabindex:5)
2024-07-04 16:32:01,580 [INFO] PluginManage:310 - Check plugin lpbam
2024-07-04 16:32:01,641 [INFO] PluginManage:359 - Loaded plugin lpbam (category:base,tabindex:0)
2024-07-04 16:32:01,641 [INFO] PluginManage:310 - Check plugin memorymap
2024-07-04 16:32:01,738 [INFO] PluginManage:359 - Loaded plugin memorymap (category:base,tabindex:4)
2024-07-04 16:32:01,739 [INFO] PluginManage:310 - Check plugin pinoutandconfiguration
2024-07-04 16:32:01,791 [INFO] PluginManage:359 - Loaded plugin pinoutandconfiguration (category:base,tabindex:1)
2024-07-04 16:32:01,791 [INFO] PluginManage:310 - Check plugin pinoutconfig
2024-07-04 16:32:12,123 [WARN] SupportedApi:132 - Cannot load RTOS API schema: s4s-elt-must-match.1: The content of 'definitions' must match (annotation?, (simpleType | complexType)?, (unique | key | keyref)*)). A problem was found starting at: attribute.
2024-07-04 16:32:12,560 [INFO] PluginManage:359 - Loaded plugin pinoutconfig (category:base,tabindex:0)
2024-07-04 16:32:12,560 [INFO] PluginManage:310 - Check plugin power
2024-07-04 16:32:12,597 [INFO] PluginManage:359 - Loaded plugin power (category:power,tabindex:4)
2024-07-04 16:32:12,598 [INFO] PluginManage:310 - Check plugin projectmanager
2024-07-04 16:32:12,669 [INFO] PluginManage:359 - Loaded plugin projectmanager (category:projectmanager,tabindex:3)
2024-07-04 16:32:12,670 [INFO] PluginManage:310 - Check plugin thirdparty
2024-07-04 16:32:13,221 [INFO] PluginManage:359 - Loaded plugin thirdparty (category:base,tabindex:-1)
2024-07-04 16:32:13,221 [INFO] PluginManage:310 - Check plugin tools
2024-07-04 16:32:13,223 [WARN] IntegrityCheckThread:84 - waiting for thirdparty lock release [integrity check]
2024-07-04 16:32:13,224 [INFO] IntegrityCheckThread:86 - entering critical section [integrity check]
2024-07-04 16:32:13,225 [INFO] ThirdPartyUpdaterWithRetryManager:70 - Updater plugin not ready yet. [1/15]
2024-07-04 16:32:13,232 [INFO] PluginManage:359 - Loaded plugin tools (category:base,tabindex:7)
2024-07-04 16:32:13,232 [INFO] PluginManage:310 - Check plugin tutovideos
2024-07-04 16:32:13,632 [INFO] PluginManage:359 - Loaded plugin tutovideos (category:base,tabindex:-1)
2024-07-04 16:32:13,632 [INFO] PluginManage:310 - Check plugin updater
2024-07-04 16:32:13,663 [INFO] PluginManage:359 - Loaded plugin updater (category:base,tabindex:12)
2024-07-04 16:32:13,663 [INFO] PluginManage:310 - Check plugin userauth
2024-07-04 16:32:13,673 [INFO] UserAuth:114 - Init User Auth plugin
2024-07-04 16:32:13,674 [INFO] PluginManage:359 - Loaded plugin userauth (category:base,tabindex:14)
2024-07-04 16:32:13,675 [INFO] PluginManage:283 - PluginManage : Loaded plugins [17]
2024-07-04 16:32:16,257 [INFO] ThirdPartyUpdaterWithRetryManager:70 - Updater plugin not ready yet. [2/15]
2024-07-04 16:32:19,260 [INFO] ThirdPartyUpdaterWithRetryManager:70 - Updater plugin not ready yet. [3/15]
2024-07-04 16:32:22,263 [INFO] ThirdPartyUpdaterWithRetryManager:70 - Updater plugin not ready yet. [4/15]
2024-07-04 16:32:25,264 [INFO] ThirdPartyUpdaterWithRetryManager:70 - Updater plugin not ready yet. [5/15]
2024-07-04 16:32:28,276 [INFO] ThirdPartyUpdaterWithRetryManager:70 - Updater plugin not ready yet. [6/15]
2024-07-04 16:32:31,294 [INFO] ThirdPartyUpdaterWithRetryManager:70 - Updater plugin not ready yet. [7/15]
2024-07-04 16:32:34,295 [INFO] ThirdPartyUpdaterWithRetryManager:70 - Updater plugin not ready yet. [8/15]
2024-07-04 16:32:37,311 [INFO] ThirdPartyUpdaterWithRetryManager:70 - Updater plugin not ready yet. [9/15]
2024-07-04 16:32:40,335 [INFO] ThirdPartyUpdaterWithRetryManager:70 - Updater plugin not ready yet. [10/15]
2024-07-04 16:32:43,342 [INFO] ThirdPartyUpdaterWithRetryManager:70 - Updater plugin not ready yet. [11/15]
2024-07-04 16:32:46,342 [INFO] ThirdPartyUpdaterWithRetryManager:70 - Updater plugin not ready yet. [12/15]
2024-07-04 16:32:49,359 [INFO] ThirdPartyUpdaterWithRetryManager:70 - Updater plugin not ready yet. [13/15]
2024-07-04 16:32:52,362 [INFO] ThirdPartyUpdaterWithRetryManager:70 - Updater plugin not ready yet. [14/15]
2024-07-04 16:32:52,714 [INFO] PinOutPanel:1561 - setPackage(No Configuration,No Configuration)
2024-07-04 16:32:53,595 [INFO] CADModel:165 - CPN selected for project level
2024-07-04 16:32:53,595 [INFO] CADModel:114 - Register for checkConnection events
2024-07-04 16:32:53,630 [INFO] IPUIPlugin:80 - create IPUIPlugin
2024-07-04 16:32:53,630 [INFO] PluginManager:220 - loadIPPluginJar : add adc
2024-07-04 16:32:53,638 [INFO] IPUIPlugin:80 - create IPUIPlugin
2024-07-04 16:32:53,638 [INFO] PluginManager:220 - loadIPPluginJar : add aes
2024-07-04 16:32:53,647 [INFO] IPUIPlugin:80 - create IPUIPlugin
2024-07-04 16:32:53,647 [INFO] PluginManager:220 - loadIPPluginJar : add can
2024-07-04 16:32:53,652 [INFO] IPUIPlugin:80 - create IPUIPlugin
2024-07-04 16:32:53,652 [INFO] PluginManager:220 - loadIPPluginJar : add comp
2024-07-04 16:32:53,659 [INFO] IPUIPlugin:80 - create IPUIPlugin
2024-07-04 16:32:53,660 [INFO] PluginManager:220 - loadIPPluginJar : add cryp
2024-07-04 16:32:53,667 [INFO] IPUIPlugin:80 - create IPUIPlugin
2024-07-04 16:32:53,667 [INFO] PluginManager:220 - loadIPPluginJar : add dfsdm
2024-07-04 16:32:53,679 [INFO] IPUIPlugin:80 - create IPUIPlugin
2024-07-04 16:32:53,680 [INFO] PluginManager:220 - loadIPPluginJar : add dma
2024-07-04 16:32:53,688 [INFO] IPUIPlugin:80 - create IPUIPlugin
2024-07-04 16:32:53,688 [INFO] PluginManager:220 - loadIPPluginJar : add dma3
2024-07-04 16:32:53,698 [INFO] IPUIPlugin:80 - create IPUIPlugin
2024-07-04 16:32:53,699 [INFO] PluginManager:220 - loadIPPluginJar : add extmemmanager
2024-07-04 16:32:53,704 [INFO] IPUIPlugin:80 - create IPUIPlugin
2024-07-04 16:32:53,705 [INFO] PluginManager:220 - loadIPPluginJar : add fatfs
2024-07-04 16:32:53,720 [INFO] IPUIPlugin:80 - create IPUIPlugin
2024-07-04 16:32:53,720 [INFO] PluginManager:220 - loadIPPluginJar : add fmc
2024-07-04 16:32:53,737 [INFO] IPUIPlugin:80 - create IPUIPlugin
2024-07-04 16:32:53,737 [INFO] PluginManager:220 - loadIPPluginJar : add freertos
2024-07-04 16:32:53,743 [INFO] IPUIPlugin:80 - create IPUIPlugin
2024-07-04 16:32:53,744 [INFO] PluginManager:220 - loadIPPluginJar : add genericplugin
2024-07-04 16:32:53,750 [INFO] IPUIPlugin:80 - create IPUIPlugin
2024-07-04 16:32:53,751 [INFO] PluginManager:220 - loadIPPluginJar : add gfxmmu
2024-07-04 16:32:53,762 [INFO] IPUIPlugin:80 - create IPUIPlugin
2024-07-04 16:32:53,762 [INFO] PluginManager:220 - loadIPPluginJar : add gic
2024-07-04 16:32:53,777 [INFO] IPUIPlugin:80 - create IPUIPlugin
2024-07-04 16:32:53,777 [INFO] PluginManager:220 - loadIPPluginJar : add gpio
2024-07-04 16:32:53,786 [INFO] IPUIPlugin:80 - create IPUIPlugin
2024-07-04 16:32:53,787 [INFO] PluginManager:220 - loadIPPluginJar : add gtzc
2024-07-04 16:32:53,795 [INFO] IPUIPlugin:80 - create IPUIPlugin
2024-07-04 16:32:53,795 [INFO] PluginManager:220 - loadIPPluginJar : add hash
2024-07-04 16:32:53,803 [INFO] IPUIPlugin:80 - create IPUIPlugin
2024-07-04 16:32:53,804 [INFO] PluginManager:220 - loadIPPluginJar : add i2c
2024-07-04 16:32:53,811 [INFO] IPUIPlugin:80 - create IPUIPlugin
2024-07-04 16:32:53,812 [INFO] PluginManager:220 - loadIPPluginJar : add i2s
2024-07-04 16:32:53,822 [INFO] IPUIPlugin:80 - create IPUIPlugin
2024-07-04 16:32:53,823 [INFO] PluginManager:220 - loadIPPluginJar : add i3c
2024-07-04 16:32:53,830 [INFO] IPUIPlugin:80 - create IPUIPlugin
2024-07-04 16:32:53,830 [INFO] PluginManager:220 - loadIPPluginJar : add ipddr
2024-07-04 16:32:53,844 [INFO] IPUIPlugin:80 - create IPUIPlugin
2024-07-04 16:32:53,845 [INFO] PluginManager:220 - loadIPPluginJar : add linkedlist
2024-07-04 16:32:53,864 [INFO] IPUIPlugin:80 - create IPUIPlugin
2024-07-04 16:32:53,865 [INFO] PluginManager:220 - loadIPPluginJar : add lorawan
2024-07-04 16:32:53,871 [INFO] IPUIPlugin:80 - create IPUIPlugin
2024-07-04 16:32:53,872 [INFO] PluginManager:220 - loadIPPluginJar : add ltdc
2024-07-04 16:32:53,886 [INFO] IPUIPlugin:80 - create IPUIPlugin
2024-07-04 16:32:53,886 [INFO] PluginManager:220 - loadIPPluginJar : add mdma
2024-07-04 16:32:53,896 [INFO] IPUIPlugin:80 - create IPUIPlugin
2024-07-04 16:32:53,896 [INFO] PluginManager:220 - loadIPPluginJar : add nvic
2024-07-04 16:32:53,912 [INFO] IPUIPlugin:80 - create IPUIPlugin
2024-07-04 16:32:53,912 [INFO] PluginManager:220 - loadIPPluginJar : add opamp
2024-07-04 16:32:53,932 [INFO] IPUIPlugin:80 - create IPUIPlugin
2024-07-04 16:32:53,932 [INFO] PluginManager:220 - loadIPPluginJar : add openamp
2024-07-04 16:32:53,962 [INFO] IPUIPlugin:80 - create IPUIPlugin
2024-07-04 16:32:53,962 [INFO] PluginManager:220 - loadIPPluginJar : add pdm2pcm
2024-07-04 16:32:53,980 [INFO] IPUIPlugin:80 - create IPUIPlugin
2024-07-04 16:32:53,985 [INFO] PluginManager:220 - loadIPPluginJar : add plateformsettings
2024-07-04 16:32:53,992 [INFO] IPUIPlugin:80 - create IPUIPlugin
2024-07-04 16:32:53,992 [INFO] PluginManager:220 - loadIPPluginJar : add quadspi
2024-07-04 16:32:54,002 [INFO] IPUIPlugin:80 - create IPUIPlugin
2024-07-04 16:32:54,002 [INFO] PluginManager:220 - loadIPPluginJar : add resmgrutility
2024-07-04 16:32:54,010 [INFO] IPUIPlugin:80 - create IPUIPlugin
2024-07-04 16:32:54,010 [INFO] PluginManager:220 - loadIPPluginJar : add sai
2024-07-04 16:32:54,017 [INFO] IPUIPlugin:80 - create IPUIPlugin
2024-07-04 16:32:54,017 [INFO] PluginManager:220 - loadIPPluginJar : add spi
2024-07-04 16:32:54,030 [INFO] IPUIPlugin:80 - create IPUIPlugin
2024-07-04 16:32:54,030 [INFO] PluginManager:220 - loadIPPluginJar : add stm32_wpan
2024-07-04 16:32:54,036 [INFO] IPUIPlugin:80 - create IPUIPlugin
2024-07-04 16:32:54,036 [INFO] PluginManager:220 - loadIPPluginJar : add tim
2024-07-04 16:32:54,049 [INFO] IPUIPlugin:80 - create IPUIPlugin
2024-07-04 16:32:54,050 [INFO] PluginManager:220 - loadIPPluginJar : add touchsensing
2024-07-04 16:32:54,064 [INFO] IPUIPlugin:80 - create IPUIPlugin
2024-07-04 16:32:54,064 [INFO] PluginManager:220 - loadIPPluginJar : add tracer_emb
2024-07-04 16:32:54,071 [INFO] IPUIPlugin:80 - create IPUIPlugin
2024-07-04 16:32:54,072 [INFO] PluginManager:220 - loadIPPluginJar : add ts
2024-07-04 16:32:54,092 [INFO] IPUIPlugin:80 - create IPUIPlugin
2024-07-04 16:32:54,093 [INFO] PluginManager:220 - loadIPPluginJar : add tsc
2024-07-04 16:32:54,107 [INFO] IPUIPlugin:80 - create IPUIPlugin
2024-07-04 16:32:54,107 [INFO] PluginManager:220 - loadIPPluginJar : add ucpd
2024-07-04 16:32:54,120 [INFO] IPUIPlugin:80 - create IPUIPlugin
2024-07-04 16:32:54,120 [INFO] PluginManager:220 - loadIPPluginJar : add usart
2024-07-04 16:32:54,155 [INFO] IPUIPlugin:80 - create IPUIPlugin
2024-07-04 16:32:54,156 [INFO] PluginManager:220 - loadIPPluginJar : add usbx
2024-07-04 16:32:55,363 [INFO] ThirdPartyUpdaterWithRetryManager:70 - Updater plugin not ready yet. [15/15]
2024-07-04 16:32:55,363 [ERROR] AbstractThirdPartyUpdaterManager:170 - Updater plugin not retrieved
2024-07-04 16:32:55,363 [ERROR] IntegrityCheckThread:130 - Cannot retrieve database content from updater: error -1
2024-07-04 16:32:55,364 [INFO] ThirdParty:978 - Integrity check success = false
2024-07-04 16:32:55,364 [INFO] IntegrityCheckThread:100 - exiting critical section [integrity check]
2024-07-04 16:32:55,364 [INFO] IntegrityCheckThread:103 - End integrity checks thread
2024-07-04 16:32:55,696 [INFO] CADModel:165 - CPN selected for project level
2024-07-04 16:32:55,696 [INFO] CADModel:114 - Register for checkConnection events
2024-07-04 16:32:55,697 [FATAL] Updater:308 - Updater called before beeing initialized
2024-07-04 16:32:55,697 [ERROR] CADModel:125 - Updater not yet initialized, retry later 
2024-07-04 16:33:00,825 [INFO] CADModel:165 - CPN selected for project level
2024-07-04 16:33:00,826 [INFO] CADModel:114 - Register for checkConnection events
2024-07-04 16:33:00,826 [FATAL] Updater:308 - Updater called before beeing initialized
2024-07-04 16:33:00,826 [ERROR] CADModel:125 - Updater not yet initialized, retry later 
2024-07-04 16:33:00,831 [FATAL] Updater:308 - Updater called before beeing initialized
2024-07-04 16:33:07,631 [FATAL] Updater:308 - Updater called before beeing initialized
2024-07-04 16:33:07,647 [INFO] DbMcusAds:53 - JSON generation date=Thu May 16 03:22:00 CST 2024 (1715851320852)
2024-07-04 16:33:07,647 [FATAL] Updater:308 - Updater called before beeing initialized
2024-07-04 16:33:07,914 [WARN] DetailPanel:346 - Failed to get advertising image, set to default
2024-07-04 16:33:08,205 [FATAL] Updater:308 - Updater called before beeing initialized
2024-07-04 16:33:08,208 [FATAL] Updater:308 - Updater called before beeing initialized
2024-07-04 16:33:08,208 [FATAL] Updater:308 - Updater called before beeing initialized
2024-07-04 16:33:08,209 [WARN] DetailPanel:346 - Failed to get advertising image, set to default
2024-07-04 16:33:08,210 [FATAL] Updater:308 - Updater called before beeing initialized
2024-07-04 16:33:08,569 [ERROR] Updater:1120 - MainUpdater not yet initialized. External WinMGr cannot be set.
2024-07-04 16:33:08,578 [INFO] Updater:1056 - Updater Version found : 6.11.1
2024-07-04 16:33:08,615 [INFO] ApplicationProperties:184 - Using Application install path: C:\ST\STM32CubeIDE_1.13.0\STM32CubeIDE\plugins\com.st.stm32cube.common.mx_6.11.1.202404110753
2024-07-04 16:33:10,209 [ERROR] LogOutputStream:75 - [STDERR_REDIRECT] Jul 04, 2024 4:33:10 PM java.util.prefs.WindowsPreferences <init>
2024-07-04 16:33:10,213 [ERROR] LogOutputStream:75 - [STDERR_REDIRECT] WARNING: Could not open/create prefs root node Software\JavaSoft\Prefs at root 0xffffffff80000002. Windows RegCreateKeyEx(...) returned error code 5.
2024-07-04 16:33:10,213 [ERROR] LogOutputStream:75 - [STDERR_REDIRECT] 
2024-07-04 16:33:11,098 [INFO] MainUpdater:2873 - connection check result : 10
2024-07-04 16:33:11,099 [INFO] MainUpdater:3567 - Updater definition file requires update
2024-07-04 16:33:11,101 [INFO] MainUpdater:290 - Updater Check For Update Now.
2024-07-04 16:33:11,101 [INFO] MicroXplorer:498 - Change Database Version : DB.6.0.111
2024-07-04 16:33:11,113 [INFO] McuFinderGlobals:63 - Set McuFinder mode to 2 (CubeIDE integrated)
2024-07-04 16:33:14,200 [INFO] UserAuth:415 - Internet connection configuration mode: 1
2024-07-04 16:33:14,237 [INFO] JxBrowserEngine:152 - Initiate JxBrowser Engine with user profile folder
2024-07-04 16:33:15,540 [INFO] ServerAccessManage:473 - Download File updaters.zip
2024-07-04 16:33:15,797 [INFO] FileExtend:240 - Unzip File : updaters.zip
2024-07-04 16:33:15,798 [INFO] FileExtend:255 - Standard Zip Deflate
2024-07-04 16:33:17,504 [INFO] ServerAccessManage:473 - Download File PacksControlFlags.xml
2024-07-04 16:33:18,397 [INFO] ServerAccessManage:473 - Download File cubemx.pidx
2024-07-04 16:33:21,537 [INFO] ServerAccessManage:473 - Download File STMicroelectronics.X-CUBE-DPOWER.pdsc
2024-07-04 16:33:22,858 [ERROR] ServerAccessManage:1089 - Problem, file not found on Server
2024-07-04 16:33:23,280 [INFO] WebApp:161 - Instantiating new browser for Auth
2024-07-04 16:33:23,541 [ERROR] ServerAccessManage:1089 - Problem, file not found on Server
2024-07-04 16:33:24,135 [ERROR] ServerAccessManage:1089 - Problem, file not found on Server
2024-07-04 16:33:24,467 [ERROR] ServerAccessManage:1089 - Problem, file not found on Server
2024-07-04 16:33:25,075 [ERROR] ServerAccessManage:1089 - Problem, file not found on Server
2024-07-04 16:33:25,410 [INFO] WebApp:779 - Register for checkConnection events
2024-07-04 16:33:25,410 [INFO] WebApp:414 - Apply proxy settings
2024-07-04 16:33:25,411 [INFO] WebApp:499 - Chromium requires no authentication
2024-07-04 16:33:25,428 [INFO] WebApp:442 - Direct internet connection detected
2024-07-04 16:33:25,718 [ERROR] ServerAccessManage:1089 - Problem, file not found on Server
2024-07-04 16:33:25,873 [INFO] WebApp:192 - Starting web application
2024-07-04 16:33:25,874 [INFO] WebApp:544 - Web application path used C:\ST\STM32CubeIDE_1.13.0\STM32CubeIDE\plugins\com.st.stm32cube.common.mx_6.11.1.202404110753\db\plugins\mcufinder\reactClient1\index.html
2024-07-04 16:33:26,317 [ERROR] ServerAccessManage:1089 - Problem, file not found on Server
2024-07-04 16:33:26,843 [ERROR] ServerAccessManage:1089 - Problem, file not found on Server
2024-07-04 16:33:27,427 [ERROR] ServerAccessManage:1089 - Problem, file not found on Server
2024-07-04 16:33:28,027 [ERROR] ServerAccessManage:1089 - Problem, file not found on Server
2024-07-04 16:33:28,553 [ERROR] ServerAccessManage:1089 - Problem, file not found on Server
2024-07-04 16:33:31,471 [WARN] PackLoader:240 - Cannot read IP mode file for STMicroelectronics.X-CUBE-DPower.1.2.0
2024-07-04 16:33:31,475 [INFO] PopulateThirdPartyThread:66 - Ending populate Thread
2024-07-04 16:33:31,483 [INFO] ThirdParty:1030 - CMSIS Pack Vendor :STMicroelectronics X-CUBE-DPower 1.2.0
2024-07-04 16:33:31,484 [INFO] LoadServerUpdatesThread:375 - End of LoadServerUpdate Thread
2024-07-04 16:33:34,405 [INFO] CheckServerUpdateThread:120 - End of CheckServer Thread
2024-07-04 21:01:43,520 [ERROR] LogOutputStream:75 - [STDERR_REDIRECT] 
2024-07-04 21:01:43,522 [ERROR] LogOutputStream:75 - [STDERR_REDIRECT] 
