2024-06-29 13:57:08,662 [INFO] Activator:176 - 


2024-06-29 13:57:08,675 [INFO] Activator:177 - !SESSION log4j initialized
2024-06-29 13:57:19,743 [INFO] LogOutputStream:77 - [STDOUT_REDIRECT] 
2024-06-29 13:57:26,809 [INFO] ApplicationProperties:184 - Using Application install path: C:\ST\STM32CubeIDE_1.13.0\STM32CubeIDE\plugins\com.st.stm32cube.common.mx_6.11.1.202404110753
2024-06-29 13:57:26,843 [INFO] DbMcusXml:78 - Set database path to: C:\ST\STM32CubeIDE_1.13.0\STM32CubeIDE\plugins\com.st.stm32cube.common.mx_6.11.1.202404110753\\db\/mcu/
2024-06-29 13:57:26,844 [INFO] ApiDb:274 - Set plugin database path to: C:\ST\STM32CubeIDE_1.13.0\STM32CubeIDE\plugins\com.st.stm32cube.common.mx_6.11.1.202404110753\\db\/plugins/boardmanager/
2024-06-29 13:57:26,845 [WARN] ApiDb:259 - Overriding images path with different value:  => C:\ST\STM32CubeIDE_1.13.0\STM32CubeIDE\plugins\com.st.stm32cube.common.mx_6.11.1.202404110753\\db\/plugins/mcufinder/images/
2024-06-29 13:57:26,858 [INFO] ApiDb:250 - Set database path to: C:\Users\rpalma\.stmcufinder\plugins\mcufinder//mcu/
2024-06-29 13:57:26,860 [INFO] DbMcusAds:125 - Set database path to: C:\Users\rpalma\.stmcufinder\plugins\mcufinder//mcu/
2024-06-29 13:57:26,863 [INFO] CrossReferenceDbSqlite:203 - Set database path to: C:\Users\rpalma\.stmcufinder\plugins\mcufinder//mcu/cs/
2024-06-29 13:57:27,083 [INFO] RulesReader:64 - Compatibility file has been processed (297 Rules)
2024-06-29 13:57:28,088 [INFO] DbMcusXml:78 - Set database path to: C:\ST\STM32CubeIDE_1.13.0\STM32CubeIDE\plugins\com.st.stm32cube.common.mx_6.11.1.202404110753\\db\/mcu/
2024-06-29 13:57:28,089 [INFO] ApiDb:274 - Set plugin database path to: C:\ST\STM32CubeIDE_1.13.0\STM32CubeIDE\plugins\com.st.stm32cube.common.mx_6.11.1.202404110753\\db\/plugins/boardmanager/
2024-06-29 13:57:28,089 [INFO] ApiDb:261 - Set plugin images path to: C:\ST\STM32CubeIDE_1.13.0\STM32CubeIDE\plugins\com.st.stm32cube.common.mx_6.11.1.202404110753\\db\/plugins/mcufinder/images/
2024-06-29 13:57:28,089 [WARN] DbFile:41 - Overriding database path with different value: C:\Users\rpalma\.stmcufinder\plugins\mcufinder/ => C:\Users\rpalma\.stmcufinder\plugins\mcufinder
2024-06-29 13:57:28,090 [INFO] ApiDb:250 - Set database path to: C:\Users\rpalma\.stmcufinder\plugins\mcufinder//mcu/
2024-06-29 13:57:28,090 [WARN] DbFile:41 - Overriding database path with different value: C:\Users\rpalma\.stmcufinder\plugins\mcufinder/ => C:\Users\rpalma\.stmcufinder\plugins\mcufinder
2024-06-29 13:57:28,090 [INFO] DbMcusAds:125 - Set database path to: C:\Users\rpalma\.stmcufinder\plugins\mcufinder//mcu/
2024-06-29 13:57:28,090 [WARN] DbFile:41 - Overriding database path with different value: C:\Users\rpalma\.stmcufinder\plugins\mcufinder/ => C:\Users\rpalma\.stmcufinder\plugins\mcufinder
2024-06-29 13:57:28,091 [WARN] DbFile:41 - Overriding database path with different value: C:\Users\rpalma\.stmcufinder\plugins\mcufinder/ => C:\Users\rpalma\.stmcufinder\plugins\mcufinder
2024-06-29 13:57:28,091 [INFO] CrossReferenceDbSqlite:203 - Set database path to: C:\Users\rpalma\.stmcufinder\plugins\mcufinder//mcu/cs/
2024-06-29 13:57:28,950 [INFO] MainPanel:264 - HeapMemory: 268435456
2024-06-29 13:57:29,091 [INFO] DbMcusXml:78 - Set database path to: C:\ST\STM32CubeIDE_1.13.0\STM32CubeIDE\plugins\com.st.stm32cube.common.mx_6.11.1.202404110753\\db\/mcu/
2024-06-29 13:57:29,091 [INFO] ApiDb:274 - Set plugin database path to: C:\ST\STM32CubeIDE_1.13.0\STM32CubeIDE\plugins\com.st.stm32cube.common.mx_6.11.1.202404110753\\db\/plugins/boardmanager/
2024-06-29 13:57:29,092 [INFO] ApiDb:261 - Set plugin images path to: C:\ST\STM32CubeIDE_1.13.0\STM32CubeIDE\plugins\com.st.stm32cube.common.mx_6.11.1.202404110753\\db\/plugins/mcufinder/images/
2024-06-29 13:57:29,092 [WARN] DbFile:41 - Overriding database path with different value: C:\Users\rpalma\.stmcufinder\plugins\mcufinder/ => C:\Users\rpalma\.stmcufinder\plugins\mcufinder
2024-06-29 13:57:29,092 [INFO] ApiDb:250 - Set database path to: C:\Users\rpalma\.stmcufinder\plugins\mcufinder//mcu/
2024-06-29 13:57:29,093 [WARN] DbFile:41 - Overriding database path with different value: C:\Users\rpalma\.stmcufinder\plugins\mcufinder/ => C:\Users\rpalma\.stmcufinder\plugins\mcufinder
2024-06-29 13:57:29,093 [INFO] DbMcusAds:125 - Set database path to: C:\Users\rpalma\.stmcufinder\plugins\mcufinder//mcu/
2024-06-29 13:57:29,093 [WARN] DbFile:41 - Overriding database path with different value: C:\Users\rpalma\.stmcufinder\plugins\mcufinder/ => C:\Users\rpalma\.stmcufinder\plugins\mcufinder
2024-06-29 13:57:29,093 [WARN] DbFile:41 - Overriding database path with different value: C:\Users\rpalma\.stmcufinder\plugins\mcufinder/ => C:\Users\rpalma\.stmcufinder\plugins\mcufinder
2024-06-29 13:57:29,093 [INFO] CrossReferenceDbSqlite:203 - Set database path to: C:\Users\rpalma\.stmcufinder\plugins\mcufinder//mcu/cs/
2024-06-29 13:57:29,124 [INFO] ApplicationProperties:184 - Using Application install path: C:\ST\STM32CubeIDE_1.13.0\STM32CubeIDE\plugins\com.st.stm32cube.common.mx_6.11.1.202404110753
2024-06-29 13:57:29,127 [INFO] PluginManage:196 - Search for loadable plugins [exclusion list=, ]
2024-06-29 13:57:29,129 [INFO] PluginManage:310 - Check plugin analytics
2024-06-29 13:57:29,511 [INFO] AnalyticsPlugin:253 - Accepted Software Licenses: 
2024-06-29 13:57:29,511 [INFO] AnalyticsPlugin:255 - Accepted CMSIS Pack Licenses: 
2024-06-29 13:57:29,512 [INFO] AnalyticsPlugin:257 - Accepted Firmware Licenses: FW.F4.1.27.0
2024-06-29 13:57:29,516 [INFO] PluginManage:359 - Loaded plugin analytics (category:tool,tabindex:-1)
2024-06-29 13:57:29,516 [INFO] PluginManage:310 - Check plugin cadmodel
2024-06-29 13:57:29,743 [INFO] CADModel:105 - Init CAD model plugin
2024-06-29 13:57:29,743 [INFO] PluginManage:359 - Loaded plugin cadmodel (category:power,tabindex:5)
2024-06-29 13:57:29,744 [INFO] PluginManage:310 - Check plugin clock
2024-06-29 13:57:29,774 [INFO] PluginManage:359 - Loaded plugin clock (category:base,tabindex:2)
2024-06-29 13:57:29,774 [INFO] PluginManage:310 - Check plugin ddr
2024-06-29 13:57:29,778 [INFO] PluginManage:359 - Loaded plugin ddr (category:tool,tabindex:6)
2024-06-29 13:57:29,779 [INFO] PluginManage:310 - Check plugin filemanager
2024-06-29 13:57:30,018 [INFO] PluginManage:359 - Loaded plugin filemanager (category:base,tabindex:10)
2024-06-29 13:57:30,018 [INFO] PluginManage:310 - Check plugin ipmanager
2024-06-29 13:57:30,030 [INFO] PluginManage:359 - Loaded plugin ipmanager (category:base,tabindex:5)
2024-06-29 13:57:30,030 [INFO] PluginManage:310 - Check plugin lpbam
2024-06-29 13:57:30,043 [INFO] PluginManage:359 - Loaded plugin lpbam (category:base,tabindex:0)
2024-06-29 13:57:30,043 [INFO] PluginManage:310 - Check plugin memorymap
2024-06-29 13:57:30,066 [INFO] PluginManage:359 - Loaded plugin memorymap (category:base,tabindex:4)
2024-06-29 13:57:30,066 [INFO] PluginManage:310 - Check plugin pinoutandconfiguration
2024-06-29 13:57:30,078 [INFO] PluginManage:359 - Loaded plugin pinoutandconfiguration (category:base,tabindex:1)
2024-06-29 13:57:30,078 [INFO] PluginManage:310 - Check plugin pinoutconfig
2024-06-29 13:57:30,214 [WARN] SupportedApi:132 - Cannot load RTOS API schema: s4s-elt-must-match.1: The content of 'definitions' must match (annotation?, (simpleType | complexType)?, (unique | key | keyref)*)). A problem was found starting at: attribute.
2024-06-29 13:57:30,521 [INFO] PluginManage:359 - Loaded plugin pinoutconfig (category:base,tabindex:0)
2024-06-29 13:57:30,521 [INFO] PluginManage:310 - Check plugin power
2024-06-29 13:57:30,542 [INFO] PluginManage:359 - Loaded plugin power (category:power,tabindex:4)
2024-06-29 13:57:30,542 [INFO] PluginManage:310 - Check plugin projectmanager
2024-06-29 13:57:30,576 [INFO] PluginManage:359 - Loaded plugin projectmanager (category:projectmanager,tabindex:3)
2024-06-29 13:57:30,576 [INFO] PluginManage:310 - Check plugin thirdparty
2024-06-29 13:57:30,897 [INFO] PluginManage:359 - Loaded plugin thirdparty (category:base,tabindex:-1)
2024-06-29 13:57:30,898 [INFO] PluginManage:310 - Check plugin tools
2024-06-29 13:57:30,897 [WARN] IntegrityCheckThread:84 - waiting for thirdparty lock release [integrity check]
2024-06-29 13:57:30,899 [INFO] IntegrityCheckThread:86 - entering critical section [integrity check]
2024-06-29 13:57:30,899 [INFO] ThirdPartyUpdaterWithRetryManager:70 - Updater plugin not ready yet. [1/15]
2024-06-29 13:57:30,905 [INFO] PluginManage:359 - Loaded plugin tools (category:base,tabindex:7)
2024-06-29 13:57:30,905 [INFO] PluginManage:310 - Check plugin tutovideos
2024-06-29 13:57:31,250 [INFO] PluginManage:359 - Loaded plugin tutovideos (category:base,tabindex:-1)
2024-06-29 13:57:31,251 [INFO] PluginManage:310 - Check plugin updater
2024-06-29 13:57:31,271 [INFO] PluginManage:359 - Loaded plugin updater (category:base,tabindex:12)
2024-06-29 13:57:31,271 [INFO] PluginManage:310 - Check plugin userauth
2024-06-29 13:57:31,281 [INFO] UserAuth:114 - Init User Auth plugin
2024-06-29 13:57:31,281 [INFO] PluginManage:359 - Loaded plugin userauth (category:base,tabindex:14)
2024-06-29 13:57:31,282 [INFO] PluginManage:283 - PluginManage : Loaded plugins [17]
2024-06-29 13:57:31,663 [INFO] PinOutPanel:1561 - setPackage(No Configuration,No Configuration)
2024-06-29 13:57:31,783 [INFO] CADModel:165 - CPN selected for project level
2024-06-29 13:57:31,783 [INFO] CADModel:114 - Register for checkConnection events
2024-06-29 13:57:31,806 [INFO] IPUIPlugin:80 - create IPUIPlugin
2024-06-29 13:57:31,806 [INFO] PluginManager:220 - loadIPPluginJar : add adc
2024-06-29 13:57:31,811 [INFO] IPUIPlugin:80 - create IPUIPlugin
2024-06-29 13:57:31,811 [INFO] PluginManager:220 - loadIPPluginJar : add aes
2024-06-29 13:57:31,818 [INFO] IPUIPlugin:80 - create IPUIPlugin
2024-06-29 13:57:31,818 [INFO] PluginManager:220 - loadIPPluginJar : add can
2024-06-29 13:57:31,822 [INFO] IPUIPlugin:80 - create IPUIPlugin
2024-06-29 13:57:31,823 [INFO] PluginManager:220 - loadIPPluginJar : add comp
2024-06-29 13:57:31,829 [INFO] IPUIPlugin:80 - create IPUIPlugin
2024-06-29 13:57:31,829 [INFO] PluginManager:220 - loadIPPluginJar : add cryp
2024-06-29 13:57:31,834 [INFO] IPUIPlugin:80 - create IPUIPlugin
2024-06-29 13:57:31,834 [INFO] PluginManager:220 - loadIPPluginJar : add dfsdm
2024-06-29 13:57:31,842 [INFO] IPUIPlugin:80 - create IPUIPlugin
2024-06-29 13:57:31,843 [INFO] PluginManager:220 - loadIPPluginJar : add dma
2024-06-29 13:57:31,850 [INFO] IPUIPlugin:80 - create IPUIPlugin
2024-06-29 13:57:31,850 [INFO] PluginManager:220 - loadIPPluginJar : add dma3
2024-06-29 13:57:31,857 [INFO] IPUIPlugin:80 - create IPUIPlugin
2024-06-29 13:57:31,857 [INFO] PluginManager:220 - loadIPPluginJar : add extmemmanager
2024-06-29 13:57:31,862 [INFO] IPUIPlugin:80 - create IPUIPlugin
2024-06-29 13:57:31,862 [INFO] PluginManager:220 - loadIPPluginJar : add fatfs
2024-06-29 13:57:31,869 [INFO] IPUIPlugin:80 - create IPUIPlugin
2024-06-29 13:57:31,869 [INFO] PluginManager:220 - loadIPPluginJar : add fmc
2024-06-29 13:57:31,879 [INFO] IPUIPlugin:80 - create IPUIPlugin
2024-06-29 13:57:31,880 [INFO] PluginManager:220 - loadIPPluginJar : add freertos
2024-06-29 13:57:31,883 [INFO] IPUIPlugin:80 - create IPUIPlugin
2024-06-29 13:57:31,883 [INFO] PluginManager:220 - loadIPPluginJar : add genericplugin
2024-06-29 13:57:31,888 [INFO] IPUIPlugin:80 - create IPUIPlugin
2024-06-29 13:57:31,889 [INFO] PluginManager:220 - loadIPPluginJar : add gfxmmu
2024-06-29 13:57:31,896 [INFO] IPUIPlugin:80 - create IPUIPlugin
2024-06-29 13:57:31,896 [INFO] PluginManager:220 - loadIPPluginJar : add gic
2024-06-29 13:57:31,902 [INFO] IPUIPlugin:80 - create IPUIPlugin
2024-06-29 13:57:31,902 [INFO] PluginManager:220 - loadIPPluginJar : add gpio
2024-06-29 13:57:31,907 [INFO] IPUIPlugin:80 - create IPUIPlugin
2024-06-29 13:57:31,908 [INFO] PluginManager:220 - loadIPPluginJar : add gtzc
2024-06-29 13:57:31,912 [INFO] IPUIPlugin:80 - create IPUIPlugin
2024-06-29 13:57:31,912 [INFO] PluginManager:220 - loadIPPluginJar : add hash
2024-06-29 13:57:31,917 [INFO] IPUIPlugin:80 - create IPUIPlugin
2024-06-29 13:57:31,917 [INFO] PluginManager:220 - loadIPPluginJar : add i2c
2024-06-29 13:57:31,922 [INFO] IPUIPlugin:80 - create IPUIPlugin
2024-06-29 13:57:31,922 [INFO] PluginManager:220 - loadIPPluginJar : add i2s
2024-06-29 13:57:31,927 [INFO] IPUIPlugin:80 - create IPUIPlugin
2024-06-29 13:57:31,927 [INFO] PluginManager:220 - loadIPPluginJar : add i3c
2024-06-29 13:57:31,933 [INFO] IPUIPlugin:80 - create IPUIPlugin
2024-06-29 13:57:31,933 [INFO] PluginManager:220 - loadIPPluginJar : add ipddr
2024-06-29 13:57:31,942 [INFO] IPUIPlugin:80 - create IPUIPlugin
2024-06-29 13:57:31,942 [INFO] PluginManager:220 - loadIPPluginJar : add linkedlist
2024-06-29 13:57:31,947 [INFO] IPUIPlugin:80 - create IPUIPlugin
2024-06-29 13:57:31,947 [INFO] PluginManager:220 - loadIPPluginJar : add lorawan
2024-06-29 13:57:31,951 [INFO] IPUIPlugin:80 - create IPUIPlugin
2024-06-29 13:57:31,951 [INFO] PluginManager:220 - loadIPPluginJar : add ltdc
2024-06-29 13:57:31,961 [INFO] IPUIPlugin:80 - create IPUIPlugin
2024-06-29 13:57:31,961 [INFO] PluginManager:220 - loadIPPluginJar : add mdma
2024-06-29 13:57:31,967 [INFO] IPUIPlugin:80 - create IPUIPlugin
2024-06-29 13:57:31,968 [INFO] PluginManager:220 - loadIPPluginJar : add nvic
2024-06-29 13:57:31,973 [INFO] IPUIPlugin:80 - create IPUIPlugin
2024-06-29 13:57:31,973 [INFO] PluginManager:220 - loadIPPluginJar : add opamp
2024-06-29 13:57:31,980 [INFO] IPUIPlugin:80 - create IPUIPlugin
2024-06-29 13:57:31,980 [INFO] PluginManager:220 - loadIPPluginJar : add openamp
2024-06-29 13:57:31,988 [INFO] IPUIPlugin:80 - create IPUIPlugin
2024-06-29 13:57:31,988 [INFO] PluginManager:220 - loadIPPluginJar : add pdm2pcm
2024-06-29 13:57:31,998 [INFO] IPUIPlugin:80 - create IPUIPlugin
2024-06-29 13:57:32,002 [INFO] PluginManager:220 - loadIPPluginJar : add plateformsettings
2024-06-29 13:57:32,006 [INFO] IPUIPlugin:80 - create IPUIPlugin
2024-06-29 13:57:32,006 [INFO] PluginManager:220 - loadIPPluginJar : add quadspi
2024-06-29 13:57:32,014 [INFO] IPUIPlugin:80 - create IPUIPlugin
2024-06-29 13:57:32,014 [INFO] PluginManager:220 - loadIPPluginJar : add resmgrutility
2024-06-29 13:57:32,020 [INFO] IPUIPlugin:80 - create IPUIPlugin
2024-06-29 13:57:32,020 [INFO] PluginManager:220 - loadIPPluginJar : add sai
2024-06-29 13:57:32,025 [INFO] IPUIPlugin:80 - create IPUIPlugin
2024-06-29 13:57:32,025 [INFO] PluginManager:220 - loadIPPluginJar : add spi
2024-06-29 13:57:32,037 [INFO] IPUIPlugin:80 - create IPUIPlugin
2024-06-29 13:57:32,037 [INFO] PluginManager:220 - loadIPPluginJar : add stm32_wpan
2024-06-29 13:57:32,041 [INFO] IPUIPlugin:80 - create IPUIPlugin
2024-06-29 13:57:32,042 [INFO] PluginManager:220 - loadIPPluginJar : add tim
2024-06-29 13:57:32,049 [INFO] IPUIPlugin:80 - create IPUIPlugin
2024-06-29 13:57:32,050 [INFO] PluginManager:220 - loadIPPluginJar : add touchsensing
2024-06-29 13:57:32,054 [INFO] IPUIPlugin:80 - create IPUIPlugin
2024-06-29 13:57:32,054 [INFO] PluginManager:220 - loadIPPluginJar : add tracer_emb
2024-06-29 13:57:32,059 [INFO] IPUIPlugin:80 - create IPUIPlugin
2024-06-29 13:57:32,059 [INFO] PluginManager:220 - loadIPPluginJar : add ts
2024-06-29 13:57:32,064 [INFO] IPUIPlugin:80 - create IPUIPlugin
2024-06-29 13:57:32,064 [INFO] PluginManager:220 - loadIPPluginJar : add tsc
2024-06-29 13:57:32,069 [INFO] IPUIPlugin:80 - create IPUIPlugin
2024-06-29 13:57:32,069 [INFO] PluginManager:220 - loadIPPluginJar : add ucpd
2024-06-29 13:57:32,076 [INFO] IPUIPlugin:80 - create IPUIPlugin
2024-06-29 13:57:32,076 [INFO] PluginManager:220 - loadIPPluginJar : add usart
2024-06-29 13:57:32,082 [INFO] IPUIPlugin:80 - create IPUIPlugin
2024-06-29 13:57:32,083 [INFO] PluginManager:220 - loadIPPluginJar : add usbx
2024-06-29 13:57:32,245 [INFO] CADModel:165 - CPN selected for project level
2024-06-29 13:57:32,246 [INFO] CADModel:114 - Register for checkConnection events
2024-06-29 13:57:32,246 [FATAL] Updater:308 - Updater called before beeing initialized
2024-06-29 13:57:32,246 [ERROR] CADModel:125 - Updater not yet initialized, retry later 
2024-06-29 13:57:32,489 [INFO] CADModel:165 - CPN selected for project level
2024-06-29 13:57:32,489 [INFO] CADModel:114 - Register for checkConnection events
2024-06-29 13:57:32,489 [FATAL] Updater:308 - Updater called before beeing initialized
2024-06-29 13:57:32,490 [ERROR] CADModel:125 - Updater not yet initialized, retry later 
2024-06-29 13:57:32,495 [FATAL] Updater:308 - Updater called before beeing initialized
2024-06-29 13:57:32,689 [FATAL] Updater:308 - Updater called before beeing initialized
2024-06-29 13:57:32,698 [INFO] DbMcusAds:53 - JSON generation date=Thu May 16 03:22:00 CST 2024 (1715851320852)
2024-06-29 13:57:32,699 [FATAL] Updater:308 - Updater called before beeing initialized
2024-06-29 13:57:32,816 [WARN] DetailPanel:346 - Failed to get advertising image, set to default
2024-06-29 13:57:32,970 [FATAL] Updater:308 - Updater called before beeing initialized
2024-06-29 13:57:32,973 [FATAL] Updater:308 - Updater called before beeing initialized
2024-06-29 13:57:32,973 [FATAL] Updater:308 - Updater called before beeing initialized
2024-06-29 13:57:32,973 [WARN] DetailPanel:346 - Failed to get advertising image, set to default
2024-06-29 13:57:32,974 [FATAL] Updater:308 - Updater called before beeing initialized
2024-06-29 13:57:33,057 [ERROR] Updater:1120 - MainUpdater not yet initialized. External WinMGr cannot be set.
2024-06-29 13:57:33,061 [INFO] Updater:1056 - Updater Version found : 6.11.1
2024-06-29 13:57:33,084 [INFO] ApplicationProperties:184 - Using Application install path: C:\ST\STM32CubeIDE_1.13.0\STM32CubeIDE\plugins\com.st.stm32cube.common.mx_6.11.1.202404110753
2024-06-29 13:57:33,900 [INFO] ThirdPartyUpdaterWithRetryManager:70 - Updater plugin not ready yet. [2/15]
2024-06-29 13:57:34,669 [ERROR] LogOutputStream:75 - [STDERR_REDIRECT] Jun 29, 2024 1:57:34 PM java.util.prefs.WindowsPreferences <init>
2024-06-29 13:57:34,672 [ERROR] LogOutputStream:75 - [STDERR_REDIRECT] WARNING: Could not open/create prefs root node Software\JavaSoft\Prefs at root 0xffffffff80000002. Windows RegCreateKeyEx(...) returned error code 5.
2024-06-29 13:57:34,672 [ERROR] LogOutputStream:75 - [STDERR_REDIRECT] 
2024-06-29 13:57:35,843 [INFO] MainUpdater:2873 - connection check result : 10
2024-06-29 13:57:35,844 [INFO] MainUpdater:290 - Updater Check For Update Now.
2024-06-29 13:57:35,844 [INFO] MicroXplorer:498 - Change Database Version : DB.6.0.111
2024-06-29 13:57:35,854 [INFO] McuFinderGlobals:63 - Set McuFinder mode to 2 (CubeIDE integrated)
2024-06-29 13:57:35,884 [INFO] UserAuth:415 - Internet connection configuration mode: 1
2024-06-29 13:57:35,990 [INFO] JxBrowserEngine:152 - Initiate JxBrowser Engine with user profile folder
2024-06-29 13:57:36,186 [INFO] CheckServerUpdateThread:120 - End of CheckServer Thread
2024-06-29 13:57:37,560 [WARN] PackLoader:240 - Cannot read IP mode file for STMicroelectronics.FP-SNS-MOTENVWB1.1.4.0
2024-06-29 13:57:37,599 [WARN] PackLoader:240 - Cannot read IP mode file for STMicroelectronics.X-CUBE-SMBUS.2.1.0
2024-06-29 13:57:37,613 [WARN] PackLoader:240 - Cannot read IP mode file for STMicroelectronics.X-CUBE-TOUCHGFX.4.23.0
2024-06-29 13:57:37,619 [WARN] PackLoader:240 - Cannot read IP mode file for STMicroelectronics.X-CUBE-TOUCHGFX.4.23.2
2024-06-29 13:57:37,704 [WARN] PackLoader:240 - Cannot read IP mode file for STMicroelectronics.X-CUBE-AZRTOS-F7.1.1.0
2024-06-29 13:57:37,809 [WARN] PackLoader:240 - Cannot read IP mode file for STMicroelectronics.FP-SNS-MOTENV1.4.3.2
2024-06-29 13:57:37,837 [WARN] PackLoader:240 - Cannot read IP mode file for STMicroelectronics.X-CUBE-BLE1.6.2.4
2024-06-29 13:57:37,894 [WARN] PackLoader:240 - Cannot read IP mode file for STMicroelectronics.FP-SNS-FLIGHT1.5.0.2
2024-06-29 13:57:37,909 [WARN] PackLoader:240 - Cannot read IP mode file for STMicroelectronics.X-CUBE-DISPLAY.3.0.0
2024-06-29 13:57:37,975 [WARN] PackLoader:240 - Cannot read IP mode file for STMicroelectronics.X-CUBE-BLE1.7.0.0
2024-06-29 13:57:38,050 [WARN] PackLoader:240 - Cannot read IP mode file for emotas.I-CUBE-CANOPEN.1.3.0
2024-06-29 13:57:38,077 [WARN] PackLoader:240 - Cannot read IP mode file for STMicroelectronics.X-CUBE-TOUCHGFX.4.22.0
2024-06-29 13:57:38,099 [WARN] PackLoader:240 - Cannot read IP mode file for STMicroelectronics.X-CUBE-BLEMGR.3.1.0
2024-06-29 13:57:38,129 [WARN] PackLoader:240 - Cannot read IP mode file for STMicroelectronics.FP-SNS-SMARTAG2.1.2.0
2024-06-29 13:57:38,155 [INFO] LogOutputStream:77 - [STDOUT_REDIRECT] 1 : Invalid condition id : UX_CORESTACK_Condition cause : null
2024-06-29 13:57:38,155 [INFO] LogOutputStream:77 - [STDOUT_REDIRECT] 1 : Invalid condition id : UX_CORESTACK_Condition cause : null
2024-06-29 13:57:38,157 [INFO] LogOutputStream:77 - [STDOUT_REDIRECT] 1 : Invalid condition id : UX_CORESTACK_Condition cause : null
2024-06-29 13:57:38,160 [INFO] LogOutputStream:77 - [STDOUT_REDIRECT] 1 : Invalid condition id : UX_CORESTACK_Condition cause : null
2024-06-29 13:57:38,163 [INFO] LogOutputStream:77 - [STDOUT_REDIRECT] 1 : Invalid condition id : UX_CORESTACK_Condition cause : null
2024-06-29 13:57:38,168 [WARN] PackLoader:240 - Cannot read IP mode file for STMicroelectronics.X-CUBE-AZRTOS-WL.2.0.0
2024-06-29 13:57:38,226 [WARN] PackLoader:240 - Cannot read IP mode file for STMicroelectronics.FP-SNS-MOTENV1.5.0.0
2024-06-29 13:57:38,253 [WARN] PackLoader:240 - Cannot read IP mode file for wolfSSL.I-CUBE-wolfMQTT.1.19.0
2024-06-29 13:57:38,283 [WARN] PackLoader:240 - Cannot read IP mode file for WES.I-CUBE-Cesium.1.3.0
2024-06-29 13:57:38,307 [WARN] PackLoader:240 - Cannot read IP mode file for STMicroelectronics.X-CUBE-BLE2.3.3.0
2024-06-29 13:57:38,322 [WARN] PackLoader:240 - Cannot read IP mode file for STMicroelectronics.X-CUBE-TCPP.4.1.0
2024-06-29 13:57:38,354 [WARN] PackLoader:240 - Cannot read IP mode file for STMicroelectronics.X-CUBE-ALGOBUILD.1.3.0
2024-06-29 13:57:38,410 [WARN] PackLoader:240 - Cannot read IP mode file for STMicroelectronics.X-CUBE-AZRTOS-G0.1.1.0
2024-06-29 13:57:38,857 [WARN] PackLoader:240 - Cannot read IP mode file for STMicroelectronics.X-CUBE-SAFEA1.1.2.2
2024-06-29 13:57:38,928 [WARN] PackLoader:240 - Cannot read IP mode file for STMicroelectronics.X-CUBE-NFC4.3.0.0
2024-06-29 13:57:39,009 [WARN] PackLoader:240 - Cannot read IP mode file for wolfSSL.I-CUBE-wolfMQTT.1.18.0
2024-06-29 13:57:39,024 [WARN] PackLoader:240 - Cannot read IP mode file for STMicroelectronics.X-CUBE-BLEMGR.3.0.0
2024-06-29 13:57:39,201 [WARN] PackLoader:240 - Cannot read IP mode file for STMicroelectronics.FP-ATR-SIGFOX1.3.2.0
2024-06-29 13:57:39,281 [WARN] PackLoader:240 - Cannot read IP mode file for STMicroelectronics.X-CUBE-EEPRMA1.5.1.0
2024-06-29 13:57:39,434 [WARN] PackLoader:240 - Cannot read IP mode file for SEGGER.I-CUBE-embOS.1.3.1
2024-06-29 13:57:39,683 [WARN] PackLoader:240 - Cannot read IP mode file for STMicroelectronics.X-CUBE-ALGOBUILD.1.4.0
2024-06-29 13:57:39,841 [WARN] PackLoader:240 - Cannot read IP mode file for STMicroelectronics.X-CUBE-GNSS1.6.0.0
2024-06-29 13:57:39,902 [WARN] PackLoader:240 - Cannot read IP mode file for STMicroelectronics.X-CUBE-AZRTOS-F4.1.1.0
2024-06-29 13:57:39,945 [WARN] PackLoader:240 - Cannot read IP mode file for wolfSSL.I-CUBE-wolfSSL.5.6.3
2024-06-29 13:57:39,956 [WARN] PackLoader:240 - Cannot read IP mode file for STMicroelectronics.X-CUBE-FREERTOS.1.2.0
2024-06-29 13:57:40,008 [WARN] PackLoader:240 - Cannot read IP mode file for STMicroelectronics.X-CUBE-AZRTOS-L5.2.0.0
2024-06-29 13:57:40,089 [WARN] PackLoader:240 - Cannot read IP mode file for STMicroelectronics.X-CUBE-MEMS1.9.6.0
2024-06-29 13:57:41,555 [WARN] PackLoader:240 - Cannot read IP mode file for STMicroelectronics.X-CUBE-EEPRMA1.4.2.0
2024-06-29 13:57:41,749 [WARN] PackLoader:240 - Cannot read IP mode file for STMicroelectronics.X-CUBE-NFC6.3.1.0
2024-06-29 13:57:41,900 [WARN] PackLoader:240 - Cannot read IP mode file for ITTIA_DB.I-CUBE-ITTIADB.8.8.0
2024-06-29 13:57:42,049 [WARN] PackLoader:240 - Cannot read IP mode file for STMicroelectronics.X-CUBE-BLEMGR.2.0.0
2024-06-29 13:57:42,236 [WARN] PackLoader:240 - Cannot read IP mode file for STMicroelectronics.X-CUBE-AI.9.0.0
2024-06-29 13:57:42,342 [WARN] ConditionMgr:438 - getConditionDescription Invalid condition id : UX DEVICE CLASS RTOS Condition cause : null
2024-06-29 13:57:42,342 [WARN] ConditionMgr:438 - getConditionDescription Invalid condition id : UX DEVICE CLASS RTOS Condition cause : null
2024-06-29 13:57:42,347 [WARN] PackLoader:240 - Cannot read IP mode file for STMicroelectronics.X-CUBE-AZRTOS-H7.3.1.0
2024-06-29 13:57:42,349 [WARN] ConditionMgr:1039 - genDependencies : Invalid condition id : UX DEVICE CLASS RTOS Condition cause : null
2024-06-29 13:57:42,349 [WARN] ConditionMgr:1039 - genDependencies : Invalid condition id : UX DEVICE CLASS RTOS Condition cause : null
2024-06-29 13:57:42,399 [WARN] ConditionMgr:1039 - genDependencies : Invalid condition id : UX DEVICE CLASS RTOS Condition cause : null
2024-06-29 13:57:42,400 [WARN] ConditionMgr:1039 - genDependencies : Invalid condition id : UX DEVICE CLASS RTOS Condition cause : null
2024-06-29 13:57:42,404 [WARN] ConditionMgr:1039 - genDependencies : Invalid condition id : UX DEVICE CLASS RTOS Condition cause : null
2024-06-29 13:57:42,491 [WARN] PackLoader:240 - Cannot read IP mode file for STMicroelectronics.X-CUBE-NFC7.1.0.1
2024-06-29 13:57:42,620 [WARN] PackLoader:240 - Cannot read IP mode file for STMicroelectronics.X-CUBE-NFC6.3.0.0
2024-06-29 13:57:42,755 [WARN] PackLoader:240 - Cannot read IP mode file for STMicroelectronics.X-CUBE-EEPRMA1.4.1.0
2024-06-29 13:57:42,806 [WARN] PackLoader:240 - Cannot read IP mode file for STMicroelectronics.X-CUBE-AI.8.1.0
2024-06-29 13:57:42,914 [WARN] ConditionMgr:438 - getConditionDescription Invalid condition id : LAN8742 Phy interface Condition cause : null
2024-06-29 13:57:42,915 [WARN] PackLoader:240 - Cannot read IP mode file for STMicroelectronics.X-CUBE-AZRTOS-L4.2.0.0
2024-06-29 13:57:42,917 [WARN] ConditionMgr:1039 - genDependencies : Invalid condition id : LAN8742 Phy interface Condition cause : null
2024-06-29 13:57:42,917 [WARN] ConditionMgr:1039 - genDependencies : Invalid condition id : LAN8742 Phy interface Condition cause : null
2024-06-29 13:57:42,918 [WARN] ConditionMgr:1039 - genDependencies : Invalid condition id : LAN8742 Phy interface Condition cause : null
2024-06-29 13:57:43,060 [WARN] PackLoader:240 - Cannot read IP mode file for STMicroelectronics.X-CUBE-SFXS2LP1.4.0.0
2024-06-29 13:57:43,088 [WARN] PackLoader:240 - Cannot read IP mode file for STMicroelectronics.X-CUBE-ISPU.1.1.0
2024-06-29 13:57:43,174 [WARN] ConditionMgr:438 - getConditionDescription Invalid condition id : UX DEVICE CLASS RTOS Condition cause : null
2024-06-29 13:57:43,175 [WARN] ConditionMgr:438 - getConditionDescription Invalid condition id : UX DEVICE CLASS RTOS Condition cause : null
2024-06-29 13:57:43,178 [WARN] PackLoader:240 - Cannot read IP mode file for STMicroelectronics.X-CUBE-AZRTOS-WB.2.0.0
2024-06-29 13:57:43,179 [WARN] ConditionMgr:1039 - genDependencies : Invalid condition id : UX DEVICE CLASS RTOS Condition cause : null
2024-06-29 13:57:43,179 [WARN] ConditionMgr:1039 - genDependencies : Invalid condition id : UX DEVICE CLASS RTOS Condition cause : null
2024-06-29 13:57:43,180 [WARN] ConditionMgr:1039 - genDependencies : Invalid condition id : UX DEVICE CLASS RTOS Condition cause : null
2024-06-29 13:57:43,180 [WARN] ConditionMgr:1039 - genDependencies : Invalid condition id : UX DEVICE CLASS RTOS Condition cause : null
2024-06-29 13:57:43,181 [WARN] ConditionMgr:1039 - genDependencies : Invalid condition id : UX DEVICE CLASS RTOS Condition cause : null
2024-06-29 13:57:43,257 [WARN] PackLoader:240 - Cannot read IP mode file for STMicroelectronics.X-CUBE-FREERTOS.1.0.1
2024-06-29 13:57:43,345 [WARN] PackLoader:240 - Cannot read IP mode file for STMicroelectronics.X-CUBE-AZRTOS-L5.1.1.0
2024-06-29 13:57:43,417 [WARN] PackLoader:240 - Cannot read IP mode file for STMicroelectronics.X-CUBE-AI.8.0.1
2024-06-29 13:57:43,436 [WARN] PackLoader:240 - Cannot read IP mode file for STMicroelectronics.X-CUBE-SUBG2.5.0.0
2024-06-29 13:57:43,504 [WARN] PackLoader:240 - Cannot read IP mode file for Cesanta.I-CUBE-Mongoose.7.13.0
2024-06-29 13:57:43,552 [WARN] PackLoader:240 - Cannot read IP mode file for STMicroelectronics.X-CUBE-TOF1.3.3.1
2024-06-29 13:57:43,640 [WARN] PackLoader:240 - Cannot read IP mode file for STMicroelectronics.X-CUBE-AZRTOS-G4.2.0.0
2024-06-29 13:57:43,719 [WARN] PackLoader:240 - Cannot read IP mode file for Infineon.AIROC-Wi-Fi-Bluetooth-STM32.1.5.1
2024-06-29 13:57:43,769 [WARN] PackLoader:240 - Cannot read IP mode file for STMicroelectronics.FP-SNS-MOTENVWB1.1.3.1
2024-06-29 13:57:43,802 [WARN] PackLoader:240 - Cannot read IP mode file for STMicroelectronics.X-CUBE-ISPU.2.0.0
2024-06-29 13:57:43,825 [WARN] PackLoader:240 - Cannot read IP mode file for STMicroelectronics.X-CUBE-ALS.1.0.2
2024-06-29 13:57:43,936 [WARN] PackLoader:240 - Cannot read IP mode file for STMicroelectronics.X-CUBE-MEMS1.10.0.0
2024-06-29 13:57:44,531 [WARN] PackLoader:240 - Cannot read IP mode file for STMicroelectronics.X-CUBE-FREERTOS.1.1.0
2024-06-29 13:57:44,601 [WARN] PackLoader:240 - Cannot read IP mode file for STMicroelectronics.X-CUBE-TOUCHGFX.4.24.0
2024-06-29 13:57:44,726 [WARN] PackLoader:240 - Cannot read IP mode file for portGmbH.I-Cube-SoM-uGOAL.1.1.0
2024-06-29 13:57:44,761 [WARN] PackLoader:240 - Cannot read IP mode file for STMicroelectronics.X-CUBE-ALS.1.0.1
2024-06-29 13:57:44,844 [WARN] PackLoader:240 - Cannot read IP mode file for STMicroelectronics.X-CUBE-AZRTOS-WB.1.1.0
2024-06-29 13:57:44,997 [WARN] PackLoader:240 - Cannot read IP mode file for STMicroelectronics.X-CUBE-AZRTOS-H7RS.1.0.0
2024-06-29 13:57:45,178 [WARN] PackLoader:240 - Cannot read IP mode file for STMicroelectronics.FP-ATR-ASTRA1.2.0.0
2024-06-29 13:57:45,327 [WARN] PackLoader:240 - Cannot read IP mode file for STMicroelectronics.X-CUBE-TOF1.3.4.0
2024-06-29 13:57:45,453 [INFO] WebApp:161 - Instantiating new browser for Auth
2024-06-29 13:57:45,472 [WARN] PackLoader:240 - Cannot read IP mode file for STMicroelectronics.X-CUBE-TOF1.3.4.1
2024-06-29 13:57:45,625 [WARN] PackLoader:240 - Cannot read IP mode file for STMicroelectronics.X-CUBE-AZRTOS-H7.3.2.0
2024-06-29 13:57:45,629 [INFO] ThirdParty:978 - Integrity check success = true
2024-06-29 13:57:45,629 [INFO] IntegrityCheckThread:100 - exiting critical section [integrity check]
2024-06-29 13:57:45,629 [INFO] IntegrityCheckThread:103 - End integrity checks thread
2024-06-29 13:57:47,618 [INFO] WebApp:779 - Register for checkConnection events
2024-06-29 13:57:47,618 [INFO] WebApp:414 - Apply proxy settings
2024-06-29 13:57:47,618 [INFO] WebApp:499 - Chromium requires no authentication
2024-06-29 13:57:47,629 [INFO] WebApp:442 - Direct internet connection detected
2024-06-29 13:57:47,874 [INFO] WebApp:192 - Starting web application
2024-06-29 13:57:47,874 [INFO] WebApp:544 - Web application path used C:\ST\STM32CubeIDE_1.13.0\STM32CubeIDE\plugins\com.st.stm32cube.common.mx_6.11.1.202404110753\db\plugins\mcufinder\reactClient1\index.html
